2020-06-21 10:58:46	302	GET / HTTP/1.1	Mozilla/5.0 (Windows NT 10.0; Win64; x64) AppleWebKit/537.36 (KHTML, like Gecko) Chrome/84.0.4147.45 Safari/537.36 Edg/84.0.522.20	-	0:0:0:0:0:0:0:1	-   
2020-06-21 10:58:46	200	GET /login HTTP/1.1	Mozilla/5.0 (Windows NT 10.0; Win64; x64) AppleWebKit/537.36 (KHTML, like Gecko) Chrome/84.0.4147.45 Safari/537.36 Edg/84.0.522.20	-	0:0:0:0:0:0:0:1	1406   
2020-06-21 10:59:00	302	POST /login HTTP/1.1	Mozilla/5.0 (Windows NT 10.0; Win64; x64) AppleWebKit/537.36 (KHTML, like Gecko) Chrome/84.0.4147.45 Safari/537.36 Edg/84.0.522.20	http://localhost:8081/login	0:0:0:0:0:0:0:1	-   
2020-06-21 10:59:01	404	GET / HTTP/1.1	Mozilla/5.0 (Windows NT 10.0; Win64; x64) AppleWebKit/537.36 (KHTML, like Gecko) Chrome/84.0.4147.45 Safari/537.36 Edg/84.0.522.20	http://localhost:8081/login	0:0:0:0:0:0:0:1	306   
2020-06-21 14:10:08	302	GET / HTTP/1.1	Mozilla/5.0 (Windows NT 10.0; Win64; x64) AppleWebKit/537.36 (KHTML, like Gecko) Chrome/83.0.4103.106 Safari/537.36	-	0:0:0:0:0:0:0:1	-   
2020-06-21 14:10:08	200	GET /login HTTP/1.1	Mozilla/5.0 (Windows NT 10.0; Win64; x64) AppleWebKit/537.36 (KHTML, like Gecko) Chrome/83.0.4103.106 Safari/537.36	-	0:0:0:0:0:0:0:1	1406   
2020-06-21 14:10:18	302	POST /login HTTP/1.1	Mozilla/5.0 (Windows NT 10.0; Win64; x64) AppleWebKit/537.36 (KHTML, like Gecko) Chrome/83.0.4103.106 Safari/537.36	http://localhost:8081/login	0:0:0:0:0:0:0:1	-   
2020-06-21 14:10:18	404	GET / HTTP/1.1	Mozilla/5.0 (Windows NT 10.0; Win64; x64) AppleWebKit/537.36 (KHTML, like Gecko) Chrome/83.0.4103.106 Safari/537.36	http://localhost:8081/login	0:0:0:0:0:0:0:1	306   
2020-06-21 14:10:25	500	GET /api/login HTTP/1.1	Mozilla/5.0 (Windows NT 10.0; Win64; x64) AppleWebKit/537.36 (KHTML, like Gecko) Chrome/83.0.4103.106 Safari/537.36	-	0:0:0:0:0:0:0:1	130   
2020-06-21 14:18:32	404	GET / HTTP/1.1	Mozilla/5.0 (Windows NT 10.0; Win64; x64) AppleWebKit/537.36 (KHTML, like Gecko) Chrome/83.0.4103.106 Safari/537.36	-	0:0:0:0:0:0:0:1	306   
2020-06-21 16:53:14	302	GET / HTTP/1.1	Mozilla/5.0 (Windows NT 10.0; Win64; x64) AppleWebKit/537.36 (KHTML, like Gecko) Chrome/83.0.4103.106 Safari/537.36	-	0:0:0:0:0:0:0:1	-   
2020-06-21 16:53:14	200	GET /login HTTP/1.1	Mozilla/5.0 (Windows NT 10.0; Win64; x64) AppleWebKit/537.36 (KHTML, like Gecko) Chrome/83.0.4103.106 Safari/537.36	-	0:0:0:0:0:0:0:1	1406   
2020-06-21 16:53:26	302	POST /login HTTP/1.1	Mozilla/5.0 (Windows NT 10.0; Win64; x64) AppleWebKit/537.36 (KHTML, like Gecko) Chrome/83.0.4103.106 Safari/537.36	http://localhost:8081/login	0:0:0:0:0:0:0:1	-   
2020-06-21 16:53:26	404	GET / HTTP/1.1	Mozilla/5.0 (Windows NT 10.0; Win64; x64) AppleWebKit/537.36 (KHTML, like Gecko) Chrome/83.0.4103.106 Safari/537.36	http://localhost:8081/login	0:0:0:0:0:0:0:1	306   
2020-06-21 16:54:30	401	POST /api/signup HTTP/1.1	Mozilla/5.0 (Windows NT 10.0; Win64; x64) AppleWebKit/537.36 (KHTML, like Gecko) Chrome/83.0.4103.106 Safari/537.36	-	0:0:0:0:0:0:0:1	-   
2020-06-21 16:55:56	401	POST /api/signup HTTP/1.1	Mozilla/5.0 (Windows NT 10.0; Win64; x64) AppleWebKit/537.36 (KHTML, like Gecko) Chrome/83.0.4103.106 Safari/537.36	-	0:0:0:0:0:0:0:1	-   
2020-06-21 16:59:37	401	POST /api/signup?username=cresh0105&password=password1%21&name=%EA%B9%80%EC%9E%AC%EC%B2%A0&email=cresh0105@gmail.com HTTP/1.1	PostmanRuntime/7.25.0	-	0:0:0:0:0:0:0:1	-   
2020-06-21 16:59:48	302	GET /api/signup?username=cresh0105&password=password1!&name=%EA%B9%80%EC%9E%AC%EC%B2%A0&email=cresh0105@gmail.com HTTP/1.1	Mozilla/5.0 (Windows NT 10.0; Win64; x64) AppleWebKit/537.36 (KHTML, like Gecko) Chrome/83.0.4103.106 Safari/537.36	-	0:0:0:0:0:0:0:1	-   
2020-06-21 16:59:48	200	GET /login HTTP/1.1	Mozilla/5.0 (Windows NT 10.0; Win64; x64) AppleWebKit/537.36 (KHTML, like Gecko) Chrome/83.0.4103.106 Safari/537.36	-	0:0:0:0:0:0:0:1	1406   
2020-06-21 17:00:00	302	POST /login HTTP/1.1	Mozilla/5.0 (Windows NT 10.0; Win64; x64) AppleWebKit/537.36 (KHTML, like Gecko) Chrome/83.0.4103.106 Safari/537.36	http://localhost:8081/login	0:0:0:0:0:0:0:1	-   
2020-06-21 17:00:00	500	GET /api/signup?username=cresh0105&password=password1!&name=%EA%B9%80%EC%9E%AC%EC%B2%A0&email=cresh0105@gmail.com HTTP/1.1	Mozilla/5.0 (Windows NT 10.0; Win64; x64) AppleWebKit/537.36 (KHTML, like Gecko) Chrome/83.0.4103.106 Safari/537.36	http://localhost:8081/login	0:0:0:0:0:0:0:1	131   
2020-06-21 17:00:46	401	POST /api/signup?username=cresh0105&password=password1%21&name=%EA%B9%80%EC%9E%AC%EC%B2%A0&email=cresh0105@gmail.com HTTP/1.1	PostmanRuntime/7.25.0	-	0:0:0:0:0:0:0:1	-   
2020-06-21 17:05:43	401	POST /api/signup?username=cresh0105&password=password1%21&name=%EA%B9%80%EC%9E%AC%EC%B2%A0&email=cresh0105@gmail.com HTTP/1.1	PostmanRuntime/7.25.0	-	0:0:0:0:0:0:0:1	-   
2020-06-21 17:06:52	401	POST /api/signup?username=cresh0105&password=password1%21&name=%EA%B9%80%EC%9E%AC%EC%B2%A0&email=cresh0105@gmail.com HTTP/1.1	PostmanRuntime/7.25.0	-	0:0:0:0:0:0:0:1	-   
2020-06-21 17:07:04	500	GET /api/signup?username=cresh0105&password=password1!&name=%EA%B9%80%EC%9E%AC%EC%B2%A0&email=cresh0105@gmail.com HTTP/1.1	Mozilla/5.0 (Windows NT 10.0; Win64; x64) AppleWebKit/537.36 (KHTML, like Gecko) Chrome/83.0.4103.106 Safari/537.36	-	0:0:0:0:0:0:0:1	131   
