2020-06-22 18:30:00	302	GET / HTTP/1.1	Mozilla/5.0 (Windows NT 10.0; Win64; x64) AppleWebKit/537.36 (KHTML, like Gecko) Chrome/83.0.4103.106 Safari/537.36	-	0:0:0:0:0:0:0:1	-   
2020-06-22 18:30:00	200	GET /login HTTP/1.1	Mozilla/5.0 (Windows NT 10.0; Win64; x64) AppleWebKit/537.36 (KHTML, like Gecko) Chrome/83.0.4103.106 Safari/537.36	-	0:0:0:0:0:0:0:1	1406   
2020-06-22 18:30:08	302	POST /login HTTP/1.1	Mozilla/5.0 (Windows NT 10.0; Win64; x64) AppleWebKit/537.36 (KHTML, like Gecko) Chrome/83.0.4103.106 Safari/537.36	http://localhost:8081/login	0:0:0:0:0:0:0:1	-   
2020-06-22 18:30:08	404	GET / HTTP/1.1	Mozilla/5.0 (Windows NT 10.0; Win64; x64) AppleWebKit/537.36 (KHTML, like Gecko) Chrome/83.0.4103.106 Safari/537.36	http://localhost:8081/login	0:0:0:0:0:0:0:1	306   
2020-06-22 18:30:15	500	GET /api/userinfo HTTP/1.1	Mozilla/5.0 (Windows NT 10.0; Win64; x64) AppleWebKit/537.36 (KHTML, like Gecko) Chrome/83.0.4103.106 Safari/537.36	-	0:0:0:0:0:0:0:1	133   
2020-06-22 18:30:30	500	GET /api/userinfo HTTP/1.1	Mozilla/5.0 (Windows NT 10.0; Win64; x64) AppleWebKit/537.36 (KHTML, like Gecko) Chrome/83.0.4103.106 Safari/537.36	-	0:0:0:0:0:0:0:1	133   
2020-06-22 18:30:50	200	GET /api/userinfo HTTP/1.1	Mozilla/5.0 (Windows NT 10.0; Win64; x64) AppleWebKit/537.36 (KHTML, like Gecko) Chrome/83.0.4103.106 Safari/537.36	-	0:0:0:0:0:0:0:1	4   
2020-06-22 19:02:31	302	GET /api/test HTTP/1.1	Mozilla/5.0 (Windows NT 10.0; Win64; x64) AppleWebKit/537.36 (KHTML, like Gecko) Chrome/83.0.4103.106 Safari/537.36	-	0:0:0:0:0:0:0:1	-   
2020-06-22 19:02:31	200	GET /login HTTP/1.1	Mozilla/5.0 (Windows NT 10.0; Win64; x64) AppleWebKit/537.36 (KHTML, like Gecko) Chrome/83.0.4103.106 Safari/537.36	-	0:0:0:0:0:0:0:1	1406   
2020-06-22 19:02:38	302	POST /login HTTP/1.1	Mozilla/5.0 (Windows NT 10.0; Win64; x64) AppleWebKit/537.36 (KHTML, like Gecko) Chrome/83.0.4103.106 Safari/537.36	http://localhost:8081/login	0:0:0:0:0:0:0:1	-   
2020-06-22 19:02:38	200	GET /api/test HTTP/1.1	Mozilla/5.0 (Windows NT 10.0; Win64; x64) AppleWebKit/537.36 (KHTML, like Gecko) Chrome/83.0.4103.106 Safari/537.36	http://localhost:8081/login	0:0:0:0:0:0:0:1	12   
2020-06-22 19:03:33	500	GET /api/test HTTP/1.1	Mozilla/5.0 (Windows NT 10.0; Win64; x64) AppleWebKit/537.36 (KHTML, like Gecko) Chrome/83.0.4103.106 Safari/537.36	-	0:0:0:0:0:0:0:1	286   
2020-06-22 19:03:36	500	GET /api/test HTTP/1.1	Mozilla/5.0 (Windows NT 10.0; Win64; x64) AppleWebKit/537.36 (KHTML, like Gecko) Chrome/83.0.4103.106 Safari/537.36	-	0:0:0:0:0:0:0:1	286   
2020-06-22 19:04:42	200	GET /api/test HTTP/1.1	Mozilla/5.0 (Windows NT 10.0; Win64; x64) AppleWebKit/537.36 (KHTML, like Gecko) Chrome/83.0.4103.106 Safari/537.36	-	0:0:0:0:0:0:0:1	110   
2020-06-22 19:04:51	500	GET /api/test HTTP/1.1	Mozilla/5.0 (Windows NT 10.0; Win64; x64) AppleWebKit/537.36 (KHTML, like Gecko) Chrome/83.0.4103.106 Safari/537.36	-	0:0:0:0:0:0:0:1	286   
2020-06-22 19:05:00	500	GET /api/test HTTP/1.1	Mozilla/5.0 (Windows NT 10.0; Win64; x64) AppleWebKit/537.36 (KHTML, like Gecko) Chrome/83.0.4103.106 Safari/537.36	-	0:0:0:0:0:0:0:1	286   
2020-06-22 19:05:08	500	GET /api/test HTTP/1.1	Mozilla/5.0 (Windows NT 10.0; Win64; x64) AppleWebKit/537.36 (KHTML, like Gecko) Chrome/83.0.4103.106 Safari/537.36	-	0:0:0:0:0:0:0:1	286   
2020-06-22 19:05:09	500	GET /api/test HTTP/1.1	Mozilla/5.0 (Windows NT 10.0; Win64; x64) AppleWebKit/537.36 (KHTML, like Gecko) Chrome/83.0.4103.106 Safari/537.36	-	0:0:0:0:0:0:0:1	286   
2020-06-22 19:05:38	200	GET /api/test HTTP/1.1	Mozilla/5.0 (Windows NT 10.0; Win64; x64) AppleWebKit/537.36 (KHTML, like Gecko) Chrome/83.0.4103.106 Safari/537.36	-	0:0:0:0:0:0:0:1	110   
2020-06-22 19:06:30	500	GET /api/test HTTP/1.1	Mozilla/5.0 (Windows NT 10.0; Win64; x64) AppleWebKit/537.36 (KHTML, like Gecko) Chrome/83.0.4103.106 Safari/537.36	-	0:0:0:0:0:0:0:1	286   
2020-06-22 19:07:05	500	GET /api/test HTTP/1.1	Mozilla/5.0 (Windows NT 10.0; Win64; x64) AppleWebKit/537.36 (KHTML, like Gecko) Chrome/83.0.4103.106 Safari/537.36	-	0:0:0:0:0:0:0:1	286   
2020-06-22 19:07:30	200	GET /api/test HTTP/1.1	Mozilla/5.0 (Windows NT 10.0; Win64; x64) AppleWebKit/537.36 (KHTML, like Gecko) Chrome/83.0.4103.106 Safari/537.36	-	0:0:0:0:0:0:0:1	110   
2020-06-22 19:11:42	200	GET /api/test HTTP/1.1	Mozilla/5.0 (Windows NT 10.0; Win64; x64) AppleWebKit/537.36 (KHTML, like Gecko) Chrome/83.0.4103.106 Safari/537.36	-	0:0:0:0:0:0:0:1	110   
2020-06-22 19:11:44	200	GET /api/test HTTP/1.1	Mozilla/5.0 (Windows NT 10.0; Win64; x64) AppleWebKit/537.36 (KHTML, like Gecko) Chrome/83.0.4103.106 Safari/537.36	-	0:0:0:0:0:0:0:1	110   
2020-06-22 22:00:04	302	GET /api/test HTTP/1.1	Mozilla/5.0 (Windows NT 10.0; Win64; x64) AppleWebKit/537.36 (KHTML, like Gecko) Chrome/83.0.4103.106 Safari/537.36	-	0:0:0:0:0:0:0:1	-   
2020-06-22 22:00:04	200	GET /login HTTP/1.1	Mozilla/5.0 (Windows NT 10.0; Win64; x64) AppleWebKit/537.36 (KHTML, like Gecko) Chrome/83.0.4103.106 Safari/537.36	-	0:0:0:0:0:0:0:1	1406   
2020-06-22 22:00:11	302	POST /login HTTP/1.1	Mozilla/5.0 (Windows NT 10.0; Win64; x64) AppleWebKit/537.36 (KHTML, like Gecko) Chrome/83.0.4103.106 Safari/537.36	http://localhost:8081/login	0:0:0:0:0:0:0:1	-   
2020-06-22 22:00:11	200	GET /api/test HTTP/1.1	Mozilla/5.0 (Windows NT 10.0; Win64; x64) AppleWebKit/537.36 (KHTML, like Gecko) Chrome/83.0.4103.106 Safari/537.36	http://localhost:8081/login	0:0:0:0:0:0:0:1	110   
2020-06-22 22:00:13	500	GET /api/test2 HTTP/1.1	Mozilla/5.0 (Windows NT 10.0; Win64; x64) AppleWebKit/537.36 (KHTML, like Gecko) Chrome/83.0.4103.106 Safari/537.36	-	0:0:0:0:0:0:0:1	130   
2020-06-22 22:00:26	500	GET /api/test2 HTTP/1.1	Mozilla/5.0 (Windows NT 10.0; Win64; x64) AppleWebKit/537.36 (KHTML, like Gecko) Chrome/83.0.4103.106 Safari/537.36	-	0:0:0:0:0:0:0:1	221   
2020-06-22 22:01:05	500	GET /api/test2 HTTP/1.1	Mozilla/5.0 (Windows NT 10.0; Win64; x64) AppleWebKit/537.36 (KHTML, like Gecko) Chrome/83.0.4103.106 Safari/537.36	-	0:0:0:0:0:0:0:1	221   
2020-06-22 22:02:12	500	GET /api/test2 HTTP/1.1	Mozilla/5.0 (Windows NT 10.0; Win64; x64) AppleWebKit/537.36 (KHTML, like Gecko) Chrome/83.0.4103.106 Safari/537.36	-	0:0:0:0:0:0:0:1	221   
2020-06-22 22:02:17	500	GET /api/test2 HTTP/1.1	Mozilla/5.0 (Windows NT 10.0; Win64; x64) AppleWebKit/537.36 (KHTML, like Gecko) Chrome/83.0.4103.106 Safari/537.36	-	0:0:0:0:0:0:0:1	221   
2020-06-22 22:03:20	500	GET /api/test2 HTTP/1.1	Mozilla/5.0 (Windows NT 10.0; Win64; x64) AppleWebKit/537.36 (KHTML, like Gecko) Chrome/83.0.4103.106 Safari/537.36	-	0:0:0:0:0:0:0:1	221   
2020-06-22 22:05:56	500	GET /api/test2 HTTP/1.1	Mozilla/5.0 (Windows NT 10.0; Win64; x64) AppleWebKit/537.36 (KHTML, like Gecko) Chrome/83.0.4103.106 Safari/537.36	-	0:0:0:0:0:0:0:1	221   
2020-06-22 22:07:30	500	GET /api/test2 HTTP/1.1	Mozilla/5.0 (Windows NT 10.0; Win64; x64) AppleWebKit/537.36 (KHTML, like Gecko) Chrome/83.0.4103.106 Safari/537.36	-	0:0:0:0:0:0:0:1	221   
2020-06-22 22:08:02	500	GET /api/test2 HTTP/1.1	Mozilla/5.0 (Windows NT 10.0; Win64; x64) AppleWebKit/537.36 (KHTML, like Gecko) Chrome/83.0.4103.106 Safari/537.36	-	0:0:0:0:0:0:0:1	287   
2020-06-22 22:08:35	500	GET /api/test2 HTTP/1.1	Mozilla/5.0 (Windows NT 10.0; Win64; x64) AppleWebKit/537.36 (KHTML, like Gecko) Chrome/83.0.4103.106 Safari/537.36	-	0:0:0:0:0:0:0:1	221   
2020-06-22 22:09:38	500	GET /api/test2 HTTP/1.1	Mozilla/5.0 (Windows NT 10.0; Win64; x64) AppleWebKit/537.36 (KHTML, like Gecko) Chrome/83.0.4103.106 Safari/537.36	-	0:0:0:0:0:0:0:1	221   
2020-06-22 22:10:22	500	GET /api/test2 HTTP/1.1	Mozilla/5.0 (Windows NT 10.0; Win64; x64) AppleWebKit/537.36 (KHTML, like Gecko) Chrome/83.0.4103.106 Safari/537.36	-	0:0:0:0:0:0:0:1	221   
2020-06-22 22:10:26	500	GET /api/test2 HTTP/1.1	Mozilla/5.0 (Windows NT 10.0; Win64; x64) AppleWebKit/537.36 (KHTML, like Gecko) Chrome/83.0.4103.106 Safari/537.36	-	0:0:0:0:0:0:0:1	221   
2020-06-22 22:13:11	500	GET /api/test2 HTTP/1.1	Mozilla/5.0 (Windows NT 10.0; Win64; x64) AppleWebKit/537.36 (KHTML, like Gecko) Chrome/83.0.4103.106 Safari/537.36	-	0:0:0:0:0:0:0:1	228   
2020-06-22 22:13:15	500	GET /api/test2 HTTP/1.1	Mozilla/5.0 (Windows NT 10.0; Win64; x64) AppleWebKit/537.36 (KHTML, like Gecko) Chrome/83.0.4103.106 Safari/537.36	-	0:0:0:0:0:0:0:1	228   
2020-06-22 22:14:08	500	GET /api/test2 HTTP/1.1	Mozilla/5.0 (Windows NT 10.0; Win64; x64) AppleWebKit/537.36 (KHTML, like Gecko) Chrome/83.0.4103.106 Safari/537.36	-	0:0:0:0:0:0:0:1	228   
2020-06-22 22:16:56	302	GET /api/test2 HTTP/1.1	Mozilla/5.0 (Windows NT 10.0; Win64; x64) AppleWebKit/537.36 (KHTML, like Gecko) Chrome/83.0.4103.106 Safari/537.36	-	0:0:0:0:0:0:0:1	-   
2020-06-22 22:16:56	200	GET /login HTTP/1.1	Mozilla/5.0 (Windows NT 10.0; Win64; x64) AppleWebKit/537.36 (KHTML, like Gecko) Chrome/83.0.4103.106 Safari/537.36	-	0:0:0:0:0:0:0:1	1406   
2020-06-22 22:17:02	302	POST /login HTTP/1.1	Mozilla/5.0 (Windows NT 10.0; Win64; x64) AppleWebKit/537.36 (KHTML, like Gecko) Chrome/83.0.4103.106 Safari/537.36	http://localhost:8081/login	0:0:0:0:0:0:0:1	-   
2020-06-22 22:17:02	500	GET /api/test2 HTTP/1.1	Mozilla/5.0 (Windows NT 10.0; Win64; x64) AppleWebKit/537.36 (KHTML, like Gecko) Chrome/83.0.4103.106 Safari/537.36	http://localhost:8081/login	0:0:0:0:0:0:0:1	221   
2020-06-22 22:23:06	500	GET /api/test2 HTTP/1.1	Mozilla/5.0 (Windows NT 10.0; Win64; x64) AppleWebKit/537.36 (KHTML, like Gecko) Chrome/83.0.4103.106 Safari/537.36	-	0:0:0:0:0:0:0:1	269   
2020-06-22 22:23:37	500	GET /api/test2 HTTP/1.1	Mozilla/5.0 (Windows NT 10.0; Win64; x64) AppleWebKit/537.36 (KHTML, like Gecko) Chrome/83.0.4103.106 Safari/537.36	-	0:0:0:0:0:0:0:1	269   
2020-06-22 22:24:30	500	GET /api/test2 HTTP/1.1	Mozilla/5.0 (Windows NT 10.0; Win64; x64) AppleWebKit/537.36 (KHTML, like Gecko) Chrome/83.0.4103.106 Safari/537.36	-	0:0:0:0:0:0:0:1	221   
2020-06-22 22:24:45	500	GET /api/test2 HTTP/1.1	Mozilla/5.0 (Windows NT 10.0; Win64; x64) AppleWebKit/537.36 (KHTML, like Gecko) Chrome/83.0.4103.106 Safari/537.36	-	0:0:0:0:0:0:0:1	269   
2020-06-22 22:26:17	200	GET /api/test2 HTTP/1.1	Mozilla/5.0 (Windows NT 10.0; Win64; x64) AppleWebKit/537.36 (KHTML, like Gecko) Chrome/83.0.4103.106 Safari/537.36	-	0:0:0:0:0:0:0:1	116   
2020-06-22 22:28:28	302	GET /api/test2 HTTP/1.1	Mozilla/5.0 (Windows NT 10.0; Win64; x64) AppleWebKit/537.36 (KHTML, like Gecko) Chrome/83.0.4103.106 Safari/537.36	-	0:0:0:0:0:0:0:1	-   
2020-06-22 22:28:28	200	GET /login HTTP/1.1	Mozilla/5.0 (Windows NT 10.0; Win64; x64) AppleWebKit/537.36 (KHTML, like Gecko) Chrome/83.0.4103.106 Safari/537.36	-	0:0:0:0:0:0:0:1	1406   
2020-06-22 22:28:35	302	POST /login HTTP/1.1	Mozilla/5.0 (Windows NT 10.0; Win64; x64) AppleWebKit/537.36 (KHTML, like Gecko) Chrome/83.0.4103.106 Safari/537.36	http://localhost:8081/login	0:0:0:0:0:0:0:1	-   
2020-06-22 22:28:35	200	GET /api/test2 HTTP/1.1	Mozilla/5.0 (Windows NT 10.0; Win64; x64) AppleWebKit/537.36 (KHTML, like Gecko) Chrome/83.0.4103.106 Safari/537.36	http://localhost:8081/login	0:0:0:0:0:0:0:1	116   
2020-06-22 22:48:50	302	GET /swagger-ui.html HTTP/1.1	Mozilla/5.0 (Windows NT 10.0; Win64; x64) AppleWebKit/537.36 (KHTML, like Gecko) Chrome/83.0.4103.106 Safari/537.36	-	0:0:0:0:0:0:0:1	-   
2020-06-22 22:48:50	200	GET /login HTTP/1.1	Mozilla/5.0 (Windows NT 10.0; Win64; x64) AppleWebKit/537.36 (KHTML, like Gecko) Chrome/83.0.4103.106 Safari/537.36	-	0:0:0:0:0:0:0:1	1406   
2020-06-22 22:49:00	302	POST /login HTTP/1.1	Mozilla/5.0 (Windows NT 10.0; Win64; x64) AppleWebKit/537.36 (KHTML, like Gecko) Chrome/83.0.4103.106 Safari/537.36	http://localhost:8081/login	0:0:0:0:0:0:0:1	-   
2020-06-22 22:49:00	200	GET /swagger-ui.html HTTP/1.1	Mozilla/5.0 (Windows NT 10.0; Win64; x64) AppleWebKit/537.36 (KHTML, like Gecko) Chrome/83.0.4103.106 Safari/537.36	http://localhost:8081/login	0:0:0:0:0:0:0:1	3246   
2020-06-22 22:49:00	200	GET /webjars/springfox-swagger-ui/css/typography.css HTTP/1.1	Mozilla/5.0 (Windows NT 10.0; Win64; x64) AppleWebKit/537.36 (KHTML, like Gecko) Chrome/83.0.4103.106 Safari/537.36	http://localhost:8081/swagger-ui.html	0:0:0:0:0:0:0:1	450   
2020-06-22 22:49:00	200	GET /webjars/springfox-swagger-ui/css/reset.css HTTP/1.1	Mozilla/5.0 (Windows NT 10.0; Win64; x64) AppleWebKit/537.36 (KHTML, like Gecko) Chrome/83.0.4103.106 Safari/537.36	http://localhost:8081/swagger-ui.html	0:0:0:0:0:0:0:1	1066   
2020-06-22 22:49:00	200	GET /webjars/springfox-swagger-ui/css/screen.css HTTP/1.1	Mozilla/5.0 (Windows NT 10.0; Win64; x64) AppleWebKit/537.36 (KHTML, like Gecko) Chrome/83.0.4103.106 Safari/537.36	http://localhost:8081/swagger-ui.html	0:0:0:0:0:0:0:1	49189   
2020-06-22 22:49:00	200	GET /webjars/springfox-swagger-ui/lib/jquery.wiggle.min.js HTTP/1.1	Mozilla/5.0 (Windows NT 10.0; Win64; x64) AppleWebKit/537.36 (KHTML, like Gecko) Chrome/83.0.4103.106 Safari/537.36	http://localhost:8081/swagger-ui.html	0:0:0:0:0:0:0:1	762   
2020-06-22 22:49:00	200	GET /webjars/springfox-swagger-ui/lib/jquery.slideto.min.js HTTP/1.1	Mozilla/5.0 (Windows NT 10.0; Win64; x64) AppleWebKit/537.36 (KHTML, like Gecko) Chrome/83.0.4103.106 Safari/537.36	http://localhost:8081/swagger-ui.html	0:0:0:0:0:0:0:1	369   
2020-06-22 22:49:00	200	GET /webjars/springfox-swagger-ui/lib/object-assign-pollyfill.js HTTP/1.1	Mozilla/5.0 (Windows NT 10.0; Win64; x64) AppleWebKit/537.36 (KHTML, like Gecko) Chrome/83.0.4103.106 Safari/537.36	http://localhost:8081/swagger-ui.html	0:0:0:0:0:0:0:1	692   
2020-06-22 22:49:00	200	GET /webjars/springfox-swagger-ui/lib/jquery-1.8.0.min.js HTTP/1.1	Mozilla/5.0 (Windows NT 10.0; Win64; x64) AppleWebKit/537.36 (KHTML, like Gecko) Chrome/83.0.4103.106 Safari/537.36	http://localhost:8081/swagger-ui.html	0:0:0:0:0:0:0:1	92555   
2020-06-22 22:49:00	200	GET /webjars/springfox-swagger-ui/lib/jquery.ba-bbq.min.js HTTP/1.1	Mozilla/5.0 (Windows NT 10.0; Win64; x64) AppleWebKit/537.36 (KHTML, like Gecko) Chrome/83.0.4103.106 Safari/537.36	http://localhost:8081/swagger-ui.html	0:0:0:0:0:0:0:1	4119   
2020-06-22 22:49:00	200	GET /webjars/springfox-swagger-ui/lib/lodash.min.js HTTP/1.1	Mozilla/5.0 (Windows NT 10.0; Win64; x64) AppleWebKit/537.36 (KHTML, like Gecko) Chrome/83.0.4103.106 Safari/537.36	http://localhost:8081/swagger-ui.html	0:0:0:0:0:0:0:1	52646   
2020-06-22 22:49:00	200	GET /webjars/springfox-swagger-ui/lib/handlebars-4.0.5.js HTTP/1.1	Mozilla/5.0 (Windows NT 10.0; Win64; x64) AppleWebKit/537.36 (KHTML, like Gecko) Chrome/83.0.4103.106 Safari/537.36	http://localhost:8081/swagger-ui.html	0:0:0:0:0:0:0:1	159587   
2020-06-22 22:49:00	200	GET /webjars/springfox-swagger-ui/lib/highlight.9.1.0.pack.js HTTP/1.1	Mozilla/5.0 (Windows NT 10.0; Win64; x64) AppleWebKit/537.36 (KHTML, like Gecko) Chrome/83.0.4103.106 Safari/537.36	http://localhost:8081/swagger-ui.html	0:0:0:0:0:0:0:1	11037   
2020-06-22 22:49:00	200	GET /webjars/springfox-swagger-ui/lib/backbone-min.js HTTP/1.1	Mozilla/5.0 (Windows NT 10.0; Win64; x64) AppleWebKit/537.36 (KHTML, like Gecko) Chrome/83.0.4103.106 Safari/537.36	http://localhost:8081/swagger-ui.html	0:0:0:0:0:0:0:1	20390   
2020-06-22 22:49:00	200	GET /webjars/springfox-swagger-ui/lib/highlight.9.1.0.pack_extended.js HTTP/1.1	Mozilla/5.0 (Windows NT 10.0; Win64; x64) AppleWebKit/537.36 (KHTML, like Gecko) Chrome/83.0.4103.106 Safari/537.36	http://localhost:8081/swagger-ui.html	0:0:0:0:0:0:0:1	1025   
2020-06-22 22:49:00	200	GET /webjars/springfox-swagger-ui/lib/marked.js HTTP/1.1	Mozilla/5.0 (Windows NT 10.0; Win64; x64) AppleWebKit/537.36 (KHTML, like Gecko) Chrome/83.0.4103.106 Safari/537.36	http://localhost:8081/swagger-ui.html	0:0:0:0:0:0:0:1	28156   
2020-06-22 22:49:00	200	GET /webjars/springfox-swagger-ui/springfox.js HTTP/1.1	Mozilla/5.0 (Windows NT 10.0; Win64; x64) AppleWebKit/537.36 (KHTML, like Gecko) Chrome/83.0.4103.106 Safari/537.36	http://localhost:8081/swagger-ui.html	0:0:0:0:0:0:0:1	3634   
2020-06-22 22:49:00	200	GET /webjars/springfox-swagger-ui/lib/jsoneditor.min.js HTTP/1.1	Mozilla/5.0 (Windows NT 10.0; Win64; x64) AppleWebKit/537.36 (KHTML, like Gecko) Chrome/83.0.4103.106 Safari/537.36	http://localhost:8081/swagger-ui.html	0:0:0:0:0:0:0:1	130042   
2020-06-22 22:49:00	200	GET /webjars/springfox-swagger-ui/lib/swagger-oauth.js HTTP/1.1	Mozilla/5.0 (Windows NT 10.0; Win64; x64) AppleWebKit/537.36 (KHTML, like Gecko) Chrome/83.0.4103.106 Safari/537.36	http://localhost:8081/swagger-ui.html	0:0:0:0:0:0:0:1	11615   
2020-06-22 22:49:00	200	GET /webjars/springfox-swagger-ui/swagger-ui.min.js HTTP/1.1	Mozilla/5.0 (Windows NT 10.0; Win64; x64) AppleWebKit/537.36 (KHTML, like Gecko) Chrome/83.0.4103.106 Safari/537.36	http://localhost:8081/swagger-ui.html	0:0:0:0:0:0:0:1	447004   
2020-06-22 22:49:00	200	GET /webjars/springfox-swagger-ui/images/logo_small.png HTTP/1.1	Mozilla/5.0 (Windows NT 10.0; Win64; x64) AppleWebKit/537.36 (KHTML, like Gecko) Chrome/83.0.4103.106 Safari/537.36	http://localhost:8081/swagger-ui.html	0:0:0:0:0:0:0:1	455   
2020-06-22 22:49:00	200	GET /webjars/springfox-swagger-ui/css/print.css HTTP/1.1	Mozilla/5.0 (Windows NT 10.0; Win64; x64) AppleWebKit/537.36 (KHTML, like Gecko) Chrome/83.0.4103.106 Safari/537.36	http://localhost:8081/swagger-ui.html	0:0:0:0:0:0:0:1	46684   
2020-06-22 22:49:00	200	GET /webjars/springfox-swagger-ui/fonts/DroidSans-Bold.ttf HTTP/1.1	Mozilla/5.0 (Windows NT 10.0; Win64; x64) AppleWebKit/537.36 (KHTML, like Gecko) Chrome/83.0.4103.106 Safari/537.36	http://localhost:8081/webjars/springfox-swagger-ui/css/typography.css	0:0:0:0:0:0:0:1	42480   
2020-06-22 22:49:00	200	GET /webjars/springfox-swagger-ui/fonts/DroidSans.ttf HTTP/1.1	Mozilla/5.0 (Windows NT 10.0; Win64; x64) AppleWebKit/537.36 (KHTML, like Gecko) Chrome/83.0.4103.106 Safari/537.36	http://localhost:8081/webjars/springfox-swagger-ui/css/typography.css	0:0:0:0:0:0:0:1	41028   
2020-06-22 22:49:00	200	GET /swagger-resources/configuration/ui HTTP/1.1	Mozilla/5.0 (Windows NT 10.0; Win64; x64) AppleWebKit/537.36 (KHTML, like Gecko) Chrome/83.0.4103.106 Safari/537.36	http://localhost:8081/swagger-ui.html	0:0:0:0:0:0:0:1	238   
2020-06-22 22:49:00	200	GET /swagger-resources HTTP/1.1	Mozilla/5.0 (Windows NT 10.0; Win64; x64) AppleWebKit/537.36 (KHTML, like Gecko) Chrome/83.0.4103.106 Safari/537.36	http://localhost:8081/swagger-ui.html	0:0:0:0:0:0:0:1	80   
2020-06-22 22:49:00	200	GET /webjars/springfox-swagger-ui/images/favicon-32x32.png HTTP/1.1	Mozilla/5.0 (Windows NT 10.0; Win64; x64) AppleWebKit/537.36 (KHTML, like Gecko) Chrome/83.0.4103.106 Safari/537.36	http://localhost:8081/swagger-ui.html	0:0:0:0:0:0:0:1	1141   
2020-06-22 22:49:00	200	GET /v2/api-docs HTTP/1.1	Mozilla/5.0 (Windows NT 10.0; Win64; x64) AppleWebKit/537.36 (KHTML, like Gecko) Chrome/83.0.4103.106 Safari/537.36	http://localhost:8081/swagger-ui.html	0:0:0:0:0:0:0:1	1892   
2020-06-22 22:49:01	200	GET /swagger-resources/configuration/security HTTP/1.1	Mozilla/5.0 (Windows NT 10.0; Win64; x64) AppleWebKit/537.36 (KHTML, like Gecko) Chrome/83.0.4103.106 Safari/537.36	http://localhost:8081/swagger-ui.html	0:0:0:0:0:0:0:1	81   
2020-06-22 22:49:48	200	GET /v2/api-docs HTTP/1.1	Mozilla/5.0 (Windows NT 10.0; Win64; x64) AppleWebKit/537.36 (KHTML, like Gecko) Chrome/83.0.4103.106 Safari/537.36	http://localhost:8081/swagger-ui.html	0:0:0:0:0:0:0:1	1892   
2020-06-22 22:49:48	200	GET /swagger-resources/configuration/security HTTP/1.1	Mozilla/5.0 (Windows NT 10.0; Win64; x64) AppleWebKit/537.36 (KHTML, like Gecko) Chrome/83.0.4103.106 Safari/537.36	http://localhost:8081/swagger-ui.html	0:0:0:0:0:0:0:1	81   
2020-06-22 22:49:49	200	GET /v2/api-docs HTTP/1.1	Mozilla/5.0 (Windows NT 10.0; Win64; x64) AppleWebKit/537.36 (KHTML, like Gecko) Chrome/83.0.4103.106 Safari/537.36	http://localhost:8081/swagger-ui.html	0:0:0:0:0:0:0:1	1892   
2020-06-22 22:49:49	200	GET /swagger-resources/configuration/security HTTP/1.1	Mozilla/5.0 (Windows NT 10.0; Win64; x64) AppleWebKit/537.36 (KHTML, like Gecko) Chrome/83.0.4103.106 Safari/537.36	http://localhost:8081/swagger-ui.html	0:0:0:0:0:0:0:1	81   
2020-06-22 22:50:09	200	GET /webjars/springfox-swagger-ui/images/throbber.gif HTTP/1.1	Mozilla/5.0 (Windows NT 10.0; Win64; x64) AppleWebKit/537.36 (KHTML, like Gecko) Chrome/83.0.4103.106 Safari/537.36	http://localhost:8081/webjars/springfox-swagger-ui/css/screen.css	0:0:0:0:0:0:0:1	9257   
2020-06-22 22:53:15	200	GET /v2/api-docs HTTP/1.1	Mozilla/5.0 (Windows NT 10.0; Win64; x64) AppleWebKit/537.36 (KHTML, like Gecko) Chrome/83.0.4103.106 Safari/537.36	http://localhost:8081/swagger-ui.html	0:0:0:0:0:0:0:1	2272   
2020-06-22 22:53:15	200	GET /swagger-resources/configuration/security HTTP/1.1	Mozilla/5.0 (Windows NT 10.0; Win64; x64) AppleWebKit/537.36 (KHTML, like Gecko) Chrome/83.0.4103.106 Safari/537.36	http://localhost:8081/swagger-ui.html	0:0:0:0:0:0:0:1	81   
2020-06-22 22:53:47	403	POST /api/test2?username=ey.kim&password=password1!&name=%EA%B9%80%EC%9D%80%EC%98%81&email=ey.kim%40gmail.com HTTP/1.1	Mozilla/5.0 (Windows NT 10.0; Win64; x64) AppleWebKit/537.36 (KHTML, like Gecko) Chrome/83.0.4103.106 Safari/537.36	http://localhost:8081/swagger-ui.html	0:0:0:0:0:0:0:1	131   
2020-06-22 22:54:20	403	POST /api/test2?username=ey.kim&password=password1!&name=%EA%B9%80%EC%9D%80%EC%98%81&email=ey.kim%40gmail.com HTTP/1.1	Mozilla/5.0 (Windows NT 10.0; Win64; x64) AppleWebKit/537.36 (KHTML, like Gecko) Chrome/83.0.4103.106 Safari/537.36	http://localhost:8081/swagger-ui.html	0:0:0:0:0:0:0:1	131   
2020-06-22 22:55:41	403	POST /api/test2?username=ey.kim&password=password1!&name=%EA%B9%80%EC%9D%80%EC%98%81&email=ey.kim%40gmail.com HTTP/1.1	Mozilla/5.0 (Windows NT 10.0; Win64; x64) AppleWebKit/537.36 (KHTML, like Gecko) Chrome/83.0.4103.106 Safari/537.36	http://localhost:8081/swagger-ui.html	0:0:0:0:0:0:0:1	131   
2020-06-22 23:03:54	403	POST /api/test2?username=ey.kim&password=password1!&name=%EA%B9%80%EC%9D%80%EC%98%81&email=ey.kim%40gmail.com HTTP/1.1	Mozilla/5.0 (Windows NT 10.0; Win64; x64) AppleWebKit/537.36 (KHTML, like Gecko) Chrome/83.0.4103.106 Safari/537.36	http://localhost:8081/swagger-ui.html	0:0:0:0:0:0:0:1	131   
2020-06-22 23:04:12	403	POST /api/test2?username=1231&password=123123&name=123123&email=123123 HTTP/1.1	Mozilla/5.0 (Windows NT 10.0; Win64; x64) AppleWebKit/537.36 (KHTML, like Gecko) Chrome/83.0.4103.106 Safari/537.36	http://localhost:8081/swagger-ui.html	0:0:0:0:0:0:0:1	131   
2020-06-22 23:05:27	200	GET /v2/api-docs HTTP/1.1	Mozilla/5.0 (Windows NT 10.0; Win64; x64) AppleWebKit/537.36 (KHTML, like Gecko) Chrome/83.0.4103.106 Safari/537.36	http://localhost:8081/swagger-ui.html	0:0:0:0:0:0:0:1	2270   
2020-06-22 23:05:27	200	GET /swagger-resources/configuration/security HTTP/1.1	Mozilla/5.0 (Windows NT 10.0; Win64; x64) AppleWebKit/537.36 (KHTML, like Gecko) Chrome/83.0.4103.106 Safari/537.36	http://localhost:8081/swagger-ui.html	0:0:0:0:0:0:0:1	81   
2020-06-22 23:05:38	200	GET /api/test2?username=1123&password=123123&name=123123123&email=123123123 HTTP/1.1	Mozilla/5.0 (Windows NT 10.0; Win64; x64) AppleWebKit/537.36 (KHTML, like Gecko) Chrome/83.0.4103.106 Safari/537.36	http://localhost:8081/swagger-ui.html	0:0:0:0:0:0:0:1	98   
2020-06-22 23:06:02	200	GET /v2/api-docs HTTP/1.1	Mozilla/5.0 (Windows NT 10.0; Win64; x64) AppleWebKit/537.36 (KHTML, like Gecko) Chrome/83.0.4103.106 Safari/537.36	http://localhost:8081/swagger-ui.html	0:0:0:0:0:0:0:1	2272   
2020-06-22 23:06:02	200	GET /swagger-resources/configuration/security HTTP/1.1	Mozilla/5.0 (Windows NT 10.0; Win64; x64) AppleWebKit/537.36 (KHTML, like Gecko) Chrome/83.0.4103.106 Safari/537.36	http://localhost:8081/swagger-ui.html	0:0:0:0:0:0:0:1	81   
2020-06-22 23:06:13	403	POST /api/test2?username=123123123&password=123123123&name=12312312&email=123123123 HTTP/1.1	Mozilla/5.0 (Windows NT 10.0; Win64; x64) AppleWebKit/537.36 (KHTML, like Gecko) Chrome/83.0.4103.106 Safari/537.36	http://localhost:8081/swagger-ui.html	0:0:0:0:0:0:0:1	131   
2020-06-22 23:52:49	302	GET /v2/api-docs HTTP/1.1	Mozilla/5.0 (Windows NT 10.0; Win64; x64) AppleWebKit/537.36 (KHTML, like Gecko) Chrome/83.0.4103.106 Safari/537.36	http://localhost:8081/swagger-ui.html	0:0:0:0:0:0:0:1	-   
2020-06-22 23:52:49	200	GET /login HTTP/1.1	Mozilla/5.0 (Windows NT 10.0; Win64; x64) AppleWebKit/537.36 (KHTML, like Gecko) Chrome/83.0.4103.106 Safari/537.36	http://localhost:8081/swagger-ui.html	0:0:0:0:0:0:0:1	1406   
2020-06-22 23:52:53	302	GET / HTTP/1.1	Mozilla/5.0 (Windows NT 10.0; Win64; x64) AppleWebKit/537.36 (KHTML, like Gecko) Chrome/83.0.4103.106 Safari/537.36	-	0:0:0:0:0:0:0:1	-   
2020-06-22 23:52:53	200	GET /login HTTP/1.1	Mozilla/5.0 (Windows NT 10.0; Win64; x64) AppleWebKit/537.36 (KHTML, like Gecko) Chrome/83.0.4103.106 Safari/537.36	-	0:0:0:0:0:0:0:1	1406   
2020-06-22 23:53:00	302	POST /login HTTP/1.1	Mozilla/5.0 (Windows NT 10.0; Win64; x64) AppleWebKit/537.36 (KHTML, like Gecko) Chrome/83.0.4103.106 Safari/537.36	http://localhost:8081/login	0:0:0:0:0:0:0:1	-   
2020-06-22 23:53:00	404	GET / HTTP/1.1	Mozilla/5.0 (Windows NT 10.0; Win64; x64) AppleWebKit/537.36 (KHTML, like Gecko) Chrome/83.0.4103.106 Safari/537.36	http://localhost:8081/login	0:0:0:0:0:0:0:1	306   
2020-06-22 23:53:13	200	GET /swagger-ui.html HTTP/1.1	Mozilla/5.0 (Windows NT 10.0; Win64; x64) AppleWebKit/537.36 (KHTML, like Gecko) Chrome/83.0.4103.106 Safari/537.36	-	0:0:0:0:0:0:0:1	3246   
2020-06-22 23:53:13	200	GET /webjars/springfox-swagger-ui/css/typography.css HTTP/1.1	Mozilla/5.0 (Windows NT 10.0; Win64; x64) AppleWebKit/537.36 (KHTML, like Gecko) Chrome/83.0.4103.106 Safari/537.36	http://localhost:8081/swagger-ui.html	0:0:0:0:0:0:0:1	450   
2020-06-22 23:53:13	200	GET /webjars/springfox-swagger-ui/css/reset.css HTTP/1.1	Mozilla/5.0 (Windows NT 10.0; Win64; x64) AppleWebKit/537.36 (KHTML, like Gecko) Chrome/83.0.4103.106 Safari/537.36	http://localhost:8081/swagger-ui.html	0:0:0:0:0:0:0:1	1066   
2020-06-22 23:53:13	200	GET /webjars/springfox-swagger-ui/lib/jquery.slideto.min.js HTTP/1.1	Mozilla/5.0 (Windows NT 10.0; Win64; x64) AppleWebKit/537.36 (KHTML, like Gecko) Chrome/83.0.4103.106 Safari/537.36	http://localhost:8081/swagger-ui.html	0:0:0:0:0:0:0:1	369   
2020-06-22 23:53:13	200	GET /webjars/springfox-swagger-ui/lib/object-assign-pollyfill.js HTTP/1.1	Mozilla/5.0 (Windows NT 10.0; Win64; x64) AppleWebKit/537.36 (KHTML, like Gecko) Chrome/83.0.4103.106 Safari/537.36	http://localhost:8081/swagger-ui.html	0:0:0:0:0:0:0:1	692   
2020-06-22 23:53:13	200	GET /webjars/springfox-swagger-ui/css/screen.css HTTP/1.1	Mozilla/5.0 (Windows NT 10.0; Win64; x64) AppleWebKit/537.36 (KHTML, like Gecko) Chrome/83.0.4103.106 Safari/537.36	http://localhost:8081/swagger-ui.html	0:0:0:0:0:0:0:1	49189   
2020-06-22 23:53:13	200	GET /webjars/springfox-swagger-ui/lib/jquery.wiggle.min.js HTTP/1.1	Mozilla/5.0 (Windows NT 10.0; Win64; x64) AppleWebKit/537.36 (KHTML, like Gecko) Chrome/83.0.4103.106 Safari/537.36	http://localhost:8081/swagger-ui.html	0:0:0:0:0:0:0:1	762   
2020-06-22 23:53:13	200	GET /webjars/springfox-swagger-ui/lib/jquery-1.8.0.min.js HTTP/1.1	Mozilla/5.0 (Windows NT 10.0; Win64; x64) AppleWebKit/537.36 (KHTML, like Gecko) Chrome/83.0.4103.106 Safari/537.36	http://localhost:8081/swagger-ui.html	0:0:0:0:0:0:0:1	92555   
2020-06-22 23:53:13	200	GET /webjars/springfox-swagger-ui/lib/jquery.ba-bbq.min.js HTTP/1.1	Mozilla/5.0 (Windows NT 10.0; Win64; x64) AppleWebKit/537.36 (KHTML, like Gecko) Chrome/83.0.4103.106 Safari/537.36	http://localhost:8081/swagger-ui.html	0:0:0:0:0:0:0:1	4119   
2020-06-22 23:53:13	200	GET /webjars/springfox-swagger-ui/lib/lodash.min.js HTTP/1.1	Mozilla/5.0 (Windows NT 10.0; Win64; x64) AppleWebKit/537.36 (KHTML, like Gecko) Chrome/83.0.4103.106 Safari/537.36	http://localhost:8081/swagger-ui.html	0:0:0:0:0:0:0:1	52646   
2020-06-22 23:53:13	200	GET /webjars/springfox-swagger-ui/lib/highlight.9.1.0.pack.js HTTP/1.1	Mozilla/5.0 (Windows NT 10.0; Win64; x64) AppleWebKit/537.36 (KHTML, like Gecko) Chrome/83.0.4103.106 Safari/537.36	http://localhost:8081/swagger-ui.html	0:0:0:0:0:0:0:1	11037   
2020-06-22 23:53:13	200	GET /webjars/springfox-swagger-ui/lib/highlight.9.1.0.pack_extended.js HTTP/1.1	Mozilla/5.0 (Windows NT 10.0; Win64; x64) AppleWebKit/537.36 (KHTML, like Gecko) Chrome/83.0.4103.106 Safari/537.36	http://localhost:8081/swagger-ui.html	0:0:0:0:0:0:0:1	1025   
2020-06-22 23:53:13	200	GET /webjars/springfox-swagger-ui/lib/backbone-min.js HTTP/1.1	Mozilla/5.0 (Windows NT 10.0; Win64; x64) AppleWebKit/537.36 (KHTML, like Gecko) Chrome/83.0.4103.106 Safari/537.36	http://localhost:8081/swagger-ui.html	0:0:0:0:0:0:0:1	20390   
2020-06-22 23:53:13	200	GET /webjars/springfox-swagger-ui/lib/handlebars-4.0.5.js HTTP/1.1	Mozilla/5.0 (Windows NT 10.0; Win64; x64) AppleWebKit/537.36 (KHTML, like Gecko) Chrome/83.0.4103.106 Safari/537.36	http://localhost:8081/swagger-ui.html	0:0:0:0:0:0:0:1	159587   
2020-06-22 23:53:13	200	GET /webjars/springfox-swagger-ui/swagger-ui.min.js HTTP/1.1	Mozilla/5.0 (Windows NT 10.0; Win64; x64) AppleWebKit/537.36 (KHTML, like Gecko) Chrome/83.0.4103.106 Safari/537.36	http://localhost:8081/swagger-ui.html	0:0:0:0:0:0:0:1	447004   
2020-06-22 23:53:13	200	GET /webjars/springfox-swagger-ui/lib/jsoneditor.min.js HTTP/1.1	Mozilla/5.0 (Windows NT 10.0; Win64; x64) AppleWebKit/537.36 (KHTML, like Gecko) Chrome/83.0.4103.106 Safari/537.36	http://localhost:8081/swagger-ui.html	0:0:0:0:0:0:0:1	130042   
2020-06-22 23:53:13	200	GET /webjars/springfox-swagger-ui/lib/swagger-oauth.js HTTP/1.1	Mozilla/5.0 (Windows NT 10.0; Win64; x64) AppleWebKit/537.36 (KHTML, like Gecko) Chrome/83.0.4103.106 Safari/537.36	http://localhost:8081/swagger-ui.html	0:0:0:0:0:0:0:1	11615   
2020-06-22 23:53:13	200	GET /webjars/springfox-swagger-ui/lib/marked.js HTTP/1.1	Mozilla/5.0 (Windows NT 10.0; Win64; x64) AppleWebKit/537.36 (KHTML, like Gecko) Chrome/83.0.4103.106 Safari/537.36	http://localhost:8081/swagger-ui.html	0:0:0:0:0:0:0:1	28156   
2020-06-22 23:53:13	200	GET /webjars/springfox-swagger-ui/springfox.js HTTP/1.1	Mozilla/5.0 (Windows NT 10.0; Win64; x64) AppleWebKit/537.36 (KHTML, like Gecko) Chrome/83.0.4103.106 Safari/537.36	http://localhost:8081/swagger-ui.html	0:0:0:0:0:0:0:1	3634   
2020-06-22 23:53:13	200	GET /webjars/springfox-swagger-ui/images/logo_small.png HTTP/1.1	Mozilla/5.0 (Windows NT 10.0; Win64; x64) AppleWebKit/537.36 (KHTML, like Gecko) Chrome/83.0.4103.106 Safari/537.36	http://localhost:8081/swagger-ui.html	0:0:0:0:0:0:0:1	455   
2020-06-22 23:53:13	200	GET /webjars/springfox-swagger-ui/css/print.css HTTP/1.1	Mozilla/5.0 (Windows NT 10.0; Win64; x64) AppleWebKit/537.36 (KHTML, like Gecko) Chrome/83.0.4103.106 Safari/537.36	http://localhost:8081/swagger-ui.html	0:0:0:0:0:0:0:1	46684   
2020-06-22 23:53:13	200	GET /webjars/springfox-swagger-ui/fonts/DroidSans-Bold.ttf HTTP/1.1	Mozilla/5.0 (Windows NT 10.0; Win64; x64) AppleWebKit/537.36 (KHTML, like Gecko) Chrome/83.0.4103.106 Safari/537.36	http://localhost:8081/webjars/springfox-swagger-ui/css/typography.css	0:0:0:0:0:0:0:1	42480   
2020-06-22 23:53:13	200	GET /webjars/springfox-swagger-ui/fonts/DroidSans.ttf HTTP/1.1	Mozilla/5.0 (Windows NT 10.0; Win64; x64) AppleWebKit/537.36 (KHTML, like Gecko) Chrome/83.0.4103.106 Safari/537.36	http://localhost:8081/webjars/springfox-swagger-ui/css/typography.css	0:0:0:0:0:0:0:1	41028   
2020-06-22 23:53:13	200	GET /swagger-resources/configuration/ui HTTP/1.1	Mozilla/5.0 (Windows NT 10.0; Win64; x64) AppleWebKit/537.36 (KHTML, like Gecko) Chrome/83.0.4103.106 Safari/537.36	http://localhost:8081/swagger-ui.html	0:0:0:0:0:0:0:1	238   
2020-06-22 23:53:13	200	GET /swagger-resources HTTP/1.1	Mozilla/5.0 (Windows NT 10.0; Win64; x64) AppleWebKit/537.36 (KHTML, like Gecko) Chrome/83.0.4103.106 Safari/537.36	http://localhost:8081/swagger-ui.html	0:0:0:0:0:0:0:1	80   
2020-06-22 23:53:13	200	GET /v2/api-docs HTTP/1.1	Mozilla/5.0 (Windows NT 10.0; Win64; x64) AppleWebKit/537.36 (KHTML, like Gecko) Chrome/83.0.4103.106 Safari/537.36	http://localhost:8081/swagger-ui.html	0:0:0:0:0:0:0:1	4553   
2020-06-22 23:53:13	200	GET /swagger-resources/configuration/security HTTP/1.1	Mozilla/5.0 (Windows NT 10.0; Win64; x64) AppleWebKit/537.36 (KHTML, like Gecko) Chrome/83.0.4103.106 Safari/537.36	http://localhost:8081/swagger-ui.html	0:0:0:0:0:0:0:1	81   
2020-06-22 23:53:15	200	GET /swagger-ui.html HTTP/1.1	Mozilla/5.0 (Windows NT 10.0; Win64; x64) AppleWebKit/537.36 (KHTML, like Gecko) Chrome/83.0.4103.106 Safari/537.36	-	0:0:0:0:0:0:0:1	3246   
2020-06-22 23:53:15	200	GET /webjars/springfox-swagger-ui/css/typography.css HTTP/1.1	Mozilla/5.0 (Windows NT 10.0; Win64; x64) AppleWebKit/537.36 (KHTML, like Gecko) Chrome/83.0.4103.106 Safari/537.36	http://localhost:8081/swagger-ui.html	0:0:0:0:0:0:0:1	450   
2020-06-22 23:53:15	200	GET /webjars/springfox-swagger-ui/css/reset.css HTTP/1.1	Mozilla/5.0 (Windows NT 10.0; Win64; x64) AppleWebKit/537.36 (KHTML, like Gecko) Chrome/83.0.4103.106 Safari/537.36	http://localhost:8081/swagger-ui.html	0:0:0:0:0:0:0:1	1066   
2020-06-22 23:53:15	200	GET /webjars/springfox-swagger-ui/lib/jquery.slideto.min.js HTTP/1.1	Mozilla/5.0 (Windows NT 10.0; Win64; x64) AppleWebKit/537.36 (KHTML, like Gecko) Chrome/83.0.4103.106 Safari/537.36	http://localhost:8081/swagger-ui.html	0:0:0:0:0:0:0:1	369   
2020-06-22 23:53:15	200	GET /webjars/springfox-swagger-ui/css/screen.css HTTP/1.1	Mozilla/5.0 (Windows NT 10.0; Win64; x64) AppleWebKit/537.36 (KHTML, like Gecko) Chrome/83.0.4103.106 Safari/537.36	http://localhost:8081/swagger-ui.html	0:0:0:0:0:0:0:1	49189   
2020-06-22 23:53:15	200	GET /webjars/springfox-swagger-ui/lib/object-assign-pollyfill.js HTTP/1.1	Mozilla/5.0 (Windows NT 10.0; Win64; x64) AppleWebKit/537.36 (KHTML, like Gecko) Chrome/83.0.4103.106 Safari/537.36	http://localhost:8081/swagger-ui.html	0:0:0:0:0:0:0:1	692   
2020-06-22 23:53:15	200	GET /webjars/springfox-swagger-ui/lib/jquery.wiggle.min.js HTTP/1.1	Mozilla/5.0 (Windows NT 10.0; Win64; x64) AppleWebKit/537.36 (KHTML, like Gecko) Chrome/83.0.4103.106 Safari/537.36	http://localhost:8081/swagger-ui.html	0:0:0:0:0:0:0:1	762   
2020-06-22 23:53:15	200	GET /webjars/springfox-swagger-ui/lib/jquery.ba-bbq.min.js HTTP/1.1	Mozilla/5.0 (Windows NT 10.0; Win64; x64) AppleWebKit/537.36 (KHTML, like Gecko) Chrome/83.0.4103.106 Safari/537.36	http://localhost:8081/swagger-ui.html	0:0:0:0:0:0:0:1	4119   
2020-06-22 23:53:15	200	GET /webjars/springfox-swagger-ui/lib/jquery-1.8.0.min.js HTTP/1.1	Mozilla/5.0 (Windows NT 10.0; Win64; x64) AppleWebKit/537.36 (KHTML, like Gecko) Chrome/83.0.4103.106 Safari/537.36	http://localhost:8081/swagger-ui.html	0:0:0:0:0:0:0:1	92555   
2020-06-22 23:53:15	200	GET /webjars/springfox-swagger-ui/lib/lodash.min.js HTTP/1.1	Mozilla/5.0 (Windows NT 10.0; Win64; x64) AppleWebKit/537.36 (KHTML, like Gecko) Chrome/83.0.4103.106 Safari/537.36	http://localhost:8081/swagger-ui.html	0:0:0:0:0:0:0:1	52646   
2020-06-22 23:53:15	200	GET /webjars/springfox-swagger-ui/lib/backbone-min.js HTTP/1.1	Mozilla/5.0 (Windows NT 10.0; Win64; x64) AppleWebKit/537.36 (KHTML, like Gecko) Chrome/83.0.4103.106 Safari/537.36	http://localhost:8081/swagger-ui.html	0:0:0:0:0:0:0:1	20390   
2020-06-22 23:53:15	200	GET /webjars/springfox-swagger-ui/lib/handlebars-4.0.5.js HTTP/1.1	Mozilla/5.0 (Windows NT 10.0; Win64; x64) AppleWebKit/537.36 (KHTML, like Gecko) Chrome/83.0.4103.106 Safari/537.36	http://localhost:8081/swagger-ui.html	0:0:0:0:0:0:0:1	159587   
2020-06-22 23:53:15	200	GET /webjars/springfox-swagger-ui/lib/highlight.9.1.0.pack.js HTTP/1.1	Mozilla/5.0 (Windows NT 10.0; Win64; x64) AppleWebKit/537.36 (KHTML, like Gecko) Chrome/83.0.4103.106 Safari/537.36	http://localhost:8081/swagger-ui.html	0:0:0:0:0:0:0:1	11037   
2020-06-22 23:53:15	200	GET /webjars/springfox-swagger-ui/lib/highlight.9.1.0.pack_extended.js HTTP/1.1	Mozilla/5.0 (Windows NT 10.0; Win64; x64) AppleWebKit/537.36 (KHTML, like Gecko) Chrome/83.0.4103.106 Safari/537.36	http://localhost:8081/swagger-ui.html	0:0:0:0:0:0:0:1	1025   
2020-06-22 23:53:15	200	GET /webjars/springfox-swagger-ui/swagger-ui.min.js HTTP/1.1	Mozilla/5.0 (Windows NT 10.0; Win64; x64) AppleWebKit/537.36 (KHTML, like Gecko) Chrome/83.0.4103.106 Safari/537.36	http://localhost:8081/swagger-ui.html	0:0:0:0:0:0:0:1	447004   
2020-06-22 23:53:15	200	GET /webjars/springfox-swagger-ui/springfox.js HTTP/1.1	Mozilla/5.0 (Windows NT 10.0; Win64; x64) AppleWebKit/537.36 (KHTML, like Gecko) Chrome/83.0.4103.106 Safari/537.36	http://localhost:8081/swagger-ui.html	0:0:0:0:0:0:0:1	3634   
2020-06-22 23:53:15	200	GET /webjars/springfox-swagger-ui/lib/marked.js HTTP/1.1	Mozilla/5.0 (Windows NT 10.0; Win64; x64) AppleWebKit/537.36 (KHTML, like Gecko) Chrome/83.0.4103.106 Safari/537.36	http://localhost:8081/swagger-ui.html	0:0:0:0:0:0:0:1	28156   
2020-06-22 23:53:15	200	GET /webjars/springfox-swagger-ui/lib/jsoneditor.min.js HTTP/1.1	Mozilla/5.0 (Windows NT 10.0; Win64; x64) AppleWebKit/537.36 (KHTML, like Gecko) Chrome/83.0.4103.106 Safari/537.36	http://localhost:8081/swagger-ui.html	0:0:0:0:0:0:0:1	130042   
2020-06-22 23:53:15	200	GET /webjars/springfox-swagger-ui/lib/swagger-oauth.js HTTP/1.1	Mozilla/5.0 (Windows NT 10.0; Win64; x64) AppleWebKit/537.36 (KHTML, like Gecko) Chrome/83.0.4103.106 Safari/537.36	http://localhost:8081/swagger-ui.html	0:0:0:0:0:0:0:1	11615   
2020-06-22 23:53:15	200	GET /webjars/springfox-swagger-ui/images/logo_small.png HTTP/1.1	Mozilla/5.0 (Windows NT 10.0; Win64; x64) AppleWebKit/537.36 (KHTML, like Gecko) Chrome/83.0.4103.106 Safari/537.36	http://localhost:8081/swagger-ui.html	0:0:0:0:0:0:0:1	455   
2020-06-22 23:53:15	200	GET /webjars/springfox-swagger-ui/css/print.css HTTP/1.1	Mozilla/5.0 (Windows NT 10.0; Win64; x64) AppleWebKit/537.36 (KHTML, like Gecko) Chrome/83.0.4103.106 Safari/537.36	http://localhost:8081/swagger-ui.html	0:0:0:0:0:0:0:1	46684   
2020-06-22 23:53:15	200	GET /swagger-resources/configuration/ui HTTP/1.1	Mozilla/5.0 (Windows NT 10.0; Win64; x64) AppleWebKit/537.36 (KHTML, like Gecko) Chrome/83.0.4103.106 Safari/537.36	http://localhost:8081/swagger-ui.html	0:0:0:0:0:0:0:1	238   
2020-06-22 23:53:15	200	GET /webjars/springfox-swagger-ui/fonts/DroidSans-Bold.ttf HTTP/1.1	Mozilla/5.0 (Windows NT 10.0; Win64; x64) AppleWebKit/537.36 (KHTML, like Gecko) Chrome/83.0.4103.106 Safari/537.36	http://localhost:8081/webjars/springfox-swagger-ui/css/typography.css	0:0:0:0:0:0:0:1	42480   
2020-06-22 23:53:15	200	GET /webjars/springfox-swagger-ui/fonts/DroidSans.ttf HTTP/1.1	Mozilla/5.0 (Windows NT 10.0; Win64; x64) AppleWebKit/537.36 (KHTML, like Gecko) Chrome/83.0.4103.106 Safari/537.36	http://localhost:8081/webjars/springfox-swagger-ui/css/typography.css	0:0:0:0:0:0:0:1	41028   
2020-06-22 23:53:15	200	GET /swagger-resources HTTP/1.1	Mozilla/5.0 (Windows NT 10.0; Win64; x64) AppleWebKit/537.36 (KHTML, like Gecko) Chrome/83.0.4103.106 Safari/537.36	http://localhost:8081/swagger-ui.html	0:0:0:0:0:0:0:1	80   
2020-06-22 23:53:15	200	GET /v2/api-docs HTTP/1.1	Mozilla/5.0 (Windows NT 10.0; Win64; x64) AppleWebKit/537.36 (KHTML, like Gecko) Chrome/83.0.4103.106 Safari/537.36	http://localhost:8081/swagger-ui.html	0:0:0:0:0:0:0:1	4553   
2020-06-22 23:53:15	200	GET /swagger-resources/configuration/security HTTP/1.1	Mozilla/5.0 (Windows NT 10.0; Win64; x64) AppleWebKit/537.36 (KHTML, like Gecko) Chrome/83.0.4103.106 Safari/537.36	http://localhost:8081/swagger-ui.html	0:0:0:0:0:0:0:1	81   
2020-06-22 23:53:45	200	GET /v2/api-docs HTTP/1.1	Mozilla/5.0 (Windows NT 10.0; Win64; x64) AppleWebKit/537.36 (KHTML, like Gecko) Chrome/83.0.4103.106 Safari/537.36	http://localhost:8081/swagger-ui.html	0:0:0:0:0:0:0:1	4169   
2020-06-22 23:53:45	200	GET /swagger-resources/configuration/security HTTP/1.1	Mozilla/5.0 (Windows NT 10.0; Win64; x64) AppleWebKit/537.36 (KHTML, like Gecko) Chrome/83.0.4103.106 Safari/537.36	http://localhost:8081/swagger-ui.html	0:0:0:0:0:0:0:1	81   
2020-06-22 23:54:26	200	GET /webjars/springfox-swagger-ui/images/throbber.gif HTTP/1.1	Mozilla/5.0 (Windows NT 10.0; Win64; x64) AppleWebKit/537.36 (KHTML, like Gecko) Chrome/83.0.4103.106 Safari/537.36	http://localhost:8081/webjars/springfox-swagger-ui/css/screen.css	0:0:0:0:0:0:0:1	9257   
2020-06-22 23:54:37	500	GET /api/user/%7Bmsrl%7D HTTP/1.1	Mozilla/5.0 (Windows NT 10.0; Win64; x64) AppleWebKit/537.36 (KHTML, like Gecko) Chrome/83.0.4103.106 Safari/537.36	http://localhost:8081/swagger-ui.html	0:0:0:0:0:0:0:1	182   
2020-06-22 23:56:04	500	GET /api/user/%7Bmsrl%7D HTTP/1.1	Mozilla/5.0 (Windows NT 10.0; Win64; x64) AppleWebKit/537.36 (KHTML, like Gecko) Chrome/83.0.4103.106 Safari/537.36	http://localhost:8081/swagger-ui.html	0:0:0:0:0:0:0:1	182   
2020-06-22 23:56:42	500	GET /api/user/%7Bmsrl%7D HTTP/1.1	Mozilla/5.0 (Windows NT 10.0; Win64; x64) AppleWebKit/537.36 (KHTML, like Gecko) Chrome/83.0.4103.106 Safari/537.36	http://localhost:8081/swagger-ui.html	0:0:0:0:0:0:0:1	419   
2020-06-22 23:56:52	500	GET /api/user/%7Bmsrl%7D HTTP/1.1	Mozilla/5.0 (Windows NT 10.0; Win64; x64) AppleWebKit/537.36 (KHTML, like Gecko) Chrome/83.0.4103.106 Safari/537.36	http://localhost:8081/swagger-ui.html	0:0:0:0:0:0:0:1	419   
2020-06-22 23:59:46	200	GET /v2/api-docs HTTP/1.1	Mozilla/5.0 (Windows NT 10.0; Win64; x64) AppleWebKit/537.36 (KHTML, like Gecko) Chrome/83.0.4103.106 Safari/537.36	http://localhost:8081/swagger-ui.html	0:0:0:0:0:0:0:1	4029   
2020-06-22 23:59:46	200	GET /swagger-resources/configuration/security HTTP/1.1	Mozilla/5.0 (Windows NT 10.0; Win64; x64) AppleWebKit/537.36 (KHTML, like Gecko) Chrome/83.0.4103.106 Safari/537.36	http://localhost:8081/swagger-ui.html	0:0:0:0:0:0:0:1	81   
