2020-06-23 00:00:04	403	POST /api/user?username=cresh0105&password=1234&name=%EA%B9%80%EC%9E%AC%EC%B2%A0&email=cresh0105%40gmail.com HTTP/1.1	Mozilla/5.0 (Windows NT 10.0; Win64; x64) AppleWebKit/537.36 (KHTML, like Gecko) Chrome/83.0.4103.106 Safari/537.36	http://localhost:8081/swagger-ui.html	0:0:0:0:0:0:0:1	130   
2020-06-23 00:00:31	404	GET / HTTP/1.1	Mozilla/5.0 (Windows NT 10.0; Win64; x64) AppleWebKit/537.36 (KHTML, like Gecko) Chrome/83.0.4103.106 Safari/537.36	-	0:0:0:0:0:0:0:1	306   
2020-06-23 00:00:34	500	GET /api/user?username=cresh0105&password=1234&name=%EA%B9%80%EC%9E%AC%EC%B2%A0&email=cresh0105%40gmail.com HTTP/1.1	Mozilla/5.0 (Windows NT 10.0; Win64; x64) AppleWebKit/537.36 (KHTML, like Gecko) Chrome/83.0.4103.106 Safari/537.36	-	0:0:0:0:0:0:0:1	129   
2020-06-23 00:00:41	403	POST /api/user?username=cresh0105&password=1234&name=%EA%B9%80%EC%9E%AC%EC%B2%A0&email=cresh0105%40gmail.com HTTP/1.1	Mozilla/5.0 (Windows NT 10.0; Win64; x64) AppleWebKit/537.36 (KHTML, like Gecko) Chrome/83.0.4103.106 Safari/537.36	http://localhost:8081/swagger-ui.html	0:0:0:0:0:0:0:1	130   
2020-06-23 00:01:19	403	POST /api/user?username=cresh0105&password=1234&name=%EA%B9%80%EC%9E%AC%EC%B2%A0&email=cresh0105%40gmail.com HTTP/1.1	Mozilla/5.0 (Windows NT 10.0; Win64; x64) AppleWebKit/537.36 (KHTML, like Gecko) Chrome/83.0.4103.106 Safari/537.36	http://localhost:8081/swagger-ui.html	0:0:0:0:0:0:0:1	130   
2020-06-23 00:01:42	403	POST /api/user?username=cresh0105&password=1234&name=%EA%B9%80%EC%9E%AC%EC%B2%A0&email=cresh0105%40gmail.com HTTP/1.1	Mozilla/5.0 (Windows NT 10.0; Win64; x64) AppleWebKit/537.36 (KHTML, like Gecko) Chrome/83.0.4103.106 Safari/537.36	http://localhost:8081/swagger-ui.html	0:0:0:0:0:0:0:1	130   
2020-06-23 00:08:01	404	GET / HTTP/1.1	Mozilla/5.0 (Windows NT 10.0; Win64; x64) AppleWebKit/537.36 (KHTML, like Gecko) Chrome/83.0.4103.106 Safari/537.36	-	0:0:0:0:0:0:0:1	306   
2020-06-23 00:08:08	200	GET /v2/api-docs HTTP/1.1	Mozilla/5.0 (Windows NT 10.0; Win64; x64) AppleWebKit/537.36 (KHTML, like Gecko) Chrome/83.0.4103.106 Safari/537.36	http://localhost:8081/swagger-ui.html	0:0:0:0:0:0:0:1	4757   
2020-06-23 00:08:08	200	GET /swagger-resources/configuration/security HTTP/1.1	Mozilla/5.0 (Windows NT 10.0; Win64; x64) AppleWebKit/537.36 (KHTML, like Gecko) Chrome/83.0.4103.106 Safari/537.36	http://localhost:8081/swagger-ui.html	0:0:0:0:0:0:0:1	81   
2020-06-23 00:08:32	403	POST /api/user?username=cresh0105&password=123123&name=%EA%B9%80%EC%9E%AC%EC%B2%A0&email=creh0105%40gmail.com HTTP/1.1	Mozilla/5.0 (Windows NT 10.0; Win64; x64) AppleWebKit/537.36 (KHTML, like Gecko) Chrome/83.0.4103.106 Safari/537.36	http://localhost:8081/swagger-ui.html	0:0:0:0:0:0:0:1	130   
2020-06-23 00:17:54	302	GET / HTTP/1.1	Mozilla/5.0 (Windows NT 10.0; Win64; x64) AppleWebKit/537.36 (KHTML, like Gecko) Chrome/83.0.4103.106 Safari/537.36	-	0:0:0:0:0:0:0:1	-   
2020-06-23 00:17:54	200	GET /login HTTP/1.1	Mozilla/5.0 (Windows NT 10.0; Win64; x64) AppleWebKit/537.36 (KHTML, like Gecko) Chrome/83.0.4103.106 Safari/537.36	-	0:0:0:0:0:0:0:1	1406   
2020-06-23 00:18:01	302	POST /login HTTP/1.1	Mozilla/5.0 (Windows NT 10.0; Win64; x64) AppleWebKit/537.36 (KHTML, like Gecko) Chrome/83.0.4103.106 Safari/537.36	http://localhost:8081/login	0:0:0:0:0:0:0:1	-   
2020-06-23 00:18:01	404	GET / HTTP/1.1	Mozilla/5.0 (Windows NT 10.0; Win64; x64) AppleWebKit/537.36 (KHTML, like Gecko) Chrome/83.0.4103.106 Safari/537.36	http://localhost:8081/login	0:0:0:0:0:0:0:1	306   
2020-06-23 00:18:04	200	GET /v2/api-docs HTTP/1.1	Mozilla/5.0 (Windows NT 10.0; Win64; x64) AppleWebKit/537.36 (KHTML, like Gecko) Chrome/83.0.4103.106 Safari/537.36	http://localhost:8081/swagger-ui.html	0:0:0:0:0:0:0:1	4757   
2020-06-23 00:18:04	200	GET /swagger-resources/configuration/security HTTP/1.1	Mozilla/5.0 (Windows NT 10.0; Win64; x64) AppleWebKit/537.36 (KHTML, like Gecko) Chrome/83.0.4103.106 Safari/537.36	http://localhost:8081/swagger-ui.html	0:0:0:0:0:0:0:1	81   
2020-06-23 00:18:14	400	GET /api/user/cresh0105 HTTP/1.1	Mozilla/5.0 (Windows NT 10.0; Win64; x64) AppleWebKit/537.36 (KHTML, like Gecko) Chrome/83.0.4103.106 Safari/537.36	http://localhost:8081/swagger-ui.html	0:0:0:0:0:0:0:1	69   
2020-06-23 00:19:15	400	GET /api/user/cresh0105 HTTP/1.1	Mozilla/5.0 (Windows NT 10.0; Win64; x64) AppleWebKit/537.36 (KHTML, like Gecko) Chrome/83.0.4103.106 Safari/537.36	http://localhost:8081/swagger-ui.html	0:0:0:0:0:0:0:1	69   
2020-06-23 00:19:34	200	GET /v2/api-docs HTTP/1.1	Mozilla/5.0 (Windows NT 10.0; Win64; x64) AppleWebKit/537.36 (KHTML, like Gecko) Chrome/83.0.4103.106 Safari/537.36	http://localhost:8081/swagger-ui.html	0:0:0:0:0:0:0:1	4029   
2020-06-23 00:19:34	200	GET /swagger-resources/configuration/security HTTP/1.1	Mozilla/5.0 (Windows NT 10.0; Win64; x64) AppleWebKit/537.36 (KHTML, like Gecko) Chrome/83.0.4103.106 Safari/537.36	http://localhost:8081/swagger-ui.html	0:0:0:0:0:0:0:1	81   
2020-06-23 00:19:41	400	GET /api/user/cresh0105 HTTP/1.1	Mozilla/5.0 (Windows NT 10.0; Win64; x64) AppleWebKit/537.36 (KHTML, like Gecko) Chrome/83.0.4103.106 Safari/537.36	http://localhost:8081/swagger-ui.html	0:0:0:0:0:0:0:1	69   
2020-06-23 00:20:16	400	GET /api/user/9999 HTTP/1.1	Mozilla/5.0 (Windows NT 10.0; Win64; x64) AppleWebKit/537.36 (KHTML, like Gecko) Chrome/83.0.4103.106 Safari/537.36	http://localhost:8081/swagger-ui.html	0:0:0:0:0:0:0:1	69   
2020-06-23 00:20:27	400	GET /api/user/cresh0105 HTTP/1.1	Mozilla/5.0 (Windows NT 10.0; Win64; x64) AppleWebKit/537.36 (KHTML, like Gecko) Chrome/83.0.4103.106 Safari/537.36	http://localhost:8081/swagger-ui.html	0:0:0:0:0:0:0:1	69   
2020-06-23 00:23:51	404	GET / HTTP/1.1	Mozilla/5.0 (Windows NT 10.0; Win64; x64) AppleWebKit/537.36 (KHTML, like Gecko) Chrome/83.0.4103.106 Safari/537.36	-	0:0:0:0:0:0:0:1	306   
2020-06-23 00:23:56	200	GET /v2/api-docs HTTP/1.1	Mozilla/5.0 (Windows NT 10.0; Win64; x64) AppleWebKit/537.36 (KHTML, like Gecko) Chrome/83.0.4103.106 Safari/537.36	http://localhost:8081/swagger-ui.html	0:0:0:0:0:0:0:1	4029   
2020-06-23 00:23:56	200	GET /swagger-resources/configuration/security HTTP/1.1	Mozilla/5.0 (Windows NT 10.0; Win64; x64) AppleWebKit/537.36 (KHTML, like Gecko) Chrome/83.0.4103.106 Safari/537.36	http://localhost:8081/swagger-ui.html	0:0:0:0:0:0:0:1	81   
2020-06-23 00:24:02	500	GET /api/user/cresh0105 HTTP/1.1	Mozilla/5.0 (Windows NT 10.0; Win64; x64) AppleWebKit/537.36 (KHTML, like Gecko) Chrome/83.0.4103.106 Safari/537.36	http://localhost:8081/swagger-ui.html	0:0:0:0:0:0:0:1	387   
2020-06-23 00:24:17	400	GET /api/user/9999 HTTP/1.1	Mozilla/5.0 (Windows NT 10.0; Win64; x64) AppleWebKit/537.36 (KHTML, like Gecko) Chrome/83.0.4103.106 Safari/537.36	http://localhost:8081/swagger-ui.html	0:0:0:0:0:0:0:1	69   
2020-06-23 00:24:22	500	GET /api/user/cresh0105 HTTP/1.1	Mozilla/5.0 (Windows NT 10.0; Win64; x64) AppleWebKit/537.36 (KHTML, like Gecko) Chrome/83.0.4103.106 Safari/537.36	http://localhost:8081/swagger-ui.html	0:0:0:0:0:0:0:1	387   
2020-06-23 00:38:18	302	GET /v2/api-docs HTTP/1.1	Mozilla/5.0 (Windows NT 10.0; Win64; x64) AppleWebKit/537.36 (KHTML, like Gecko) Chrome/83.0.4103.106 Safari/537.36	http://localhost:8081/swagger-ui.html	0:0:0:0:0:0:0:1	-   
2020-06-23 00:38:18	200	GET /login HTTP/1.1	Mozilla/5.0 (Windows NT 10.0; Win64; x64) AppleWebKit/537.36 (KHTML, like Gecko) Chrome/83.0.4103.106 Safari/537.36	http://localhost:8081/swagger-ui.html	0:0:0:0:0:0:0:1	1406   
2020-06-23 00:38:35	302	GET /v2/api-docs HTTP/1.1	Mozilla/5.0 (Windows NT 10.0; Win64; x64) AppleWebKit/537.36 (KHTML, like Gecko) Chrome/83.0.4103.106 Safari/537.36	http://localhost:8081/swagger-ui.html	0:0:0:0:0:0:0:1	-   
2020-06-23 00:38:35	200	GET /login HTTP/1.1	Mozilla/5.0 (Windows NT 10.0; Win64; x64) AppleWebKit/537.36 (KHTML, like Gecko) Chrome/83.0.4103.106 Safari/537.36	http://localhost:8081/swagger-ui.html	0:0:0:0:0:0:0:1	1406   
2020-06-23 00:38:36	302	GET /v2/api-docs HTTP/1.1	Mozilla/5.0 (Windows NT 10.0; Win64; x64) AppleWebKit/537.36 (KHTML, like Gecko) Chrome/83.0.4103.106 Safari/537.36	http://localhost:8081/swagger-ui.html	0:0:0:0:0:0:0:1	-   
2020-06-23 00:38:36	200	GET /login HTTP/1.1	Mozilla/5.0 (Windows NT 10.0; Win64; x64) AppleWebKit/537.36 (KHTML, like Gecko) Chrome/83.0.4103.106 Safari/537.36	http://localhost:8081/swagger-ui.html	0:0:0:0:0:0:0:1	1406   
2020-06-23 11:14:58	302	GET / HTTP/1.1	Mozilla/5.0 (Windows NT 10.0; Win64; x64) AppleWebKit/537.36 (KHTML, like Gecko) Chrome/83.0.4103.106 Safari/537.36	-	0:0:0:0:0:0:0:1	-   
2020-06-23 11:14:58	200	GET /login HTTP/1.1	Mozilla/5.0 (Windows NT 10.0; Win64; x64) AppleWebKit/537.36 (KHTML, like Gecko) Chrome/83.0.4103.106 Safari/537.36	-	0:0:0:0:0:0:0:1	1406   
2020-06-23 11:15:06	302	POST /login HTTP/1.1	Mozilla/5.0 (Windows NT 10.0; Win64; x64) AppleWebKit/537.36 (KHTML, like Gecko) Chrome/83.0.4103.106 Safari/537.36	http://localhost:8081/login	0:0:0:0:0:0:0:1	-   
2020-06-23 11:15:06	404	GET / HTTP/1.1	Mozilla/5.0 (Windows NT 10.0; Win64; x64) AppleWebKit/537.36 (KHTML, like Gecko) Chrome/83.0.4103.106 Safari/537.36	http://localhost:8081/login	0:0:0:0:0:0:0:1	306   
2020-06-23 11:15:08	200	GET /swagger-ui.html HTTP/1.1	Mozilla/5.0 (Windows NT 10.0; Win64; x64) AppleWebKit/537.36 (KHTML, like Gecko) Chrome/83.0.4103.106 Safari/537.36	-	0:0:0:0:0:0:0:1	3246   
2020-06-23 11:15:08	200	GET /webjars/springfox-swagger-ui/css/typography.css HTTP/1.1	Mozilla/5.0 (Windows NT 10.0; Win64; x64) AppleWebKit/537.36 (KHTML, like Gecko) Chrome/83.0.4103.106 Safari/537.36	http://localhost:8081/swagger-ui.html	0:0:0:0:0:0:0:1	450   
2020-06-23 11:15:08	200	GET /webjars/springfox-swagger-ui/css/reset.css HTTP/1.1	Mozilla/5.0 (Windows NT 10.0; Win64; x64) AppleWebKit/537.36 (KHTML, like Gecko) Chrome/83.0.4103.106 Safari/537.36	http://localhost:8081/swagger-ui.html	0:0:0:0:0:0:0:1	1066   
2020-06-23 11:15:08	200	GET /webjars/springfox-swagger-ui/lib/object-assign-pollyfill.js HTTP/1.1	Mozilla/5.0 (Windows NT 10.0; Win64; x64) AppleWebKit/537.36 (KHTML, like Gecko) Chrome/83.0.4103.106 Safari/537.36	http://localhost:8081/swagger-ui.html	0:0:0:0:0:0:0:1	692   
2020-06-23 11:15:08	200	GET /webjars/springfox-swagger-ui/css/screen.css HTTP/1.1	Mozilla/5.0 (Windows NT 10.0; Win64; x64) AppleWebKit/537.36 (KHTML, like Gecko) Chrome/83.0.4103.106 Safari/537.36	http://localhost:8081/swagger-ui.html	0:0:0:0:0:0:0:1	49189   
2020-06-23 11:15:08	200	GET /webjars/springfox-swagger-ui/lib/jquery.wiggle.min.js HTTP/1.1	Mozilla/5.0 (Windows NT 10.0; Win64; x64) AppleWebKit/537.36 (KHTML, like Gecko) Chrome/83.0.4103.106 Safari/537.36	http://localhost:8081/swagger-ui.html	0:0:0:0:0:0:0:1	762   
2020-06-23 11:15:08	200	GET /webjars/springfox-swagger-ui/lib/jquery.ba-bbq.min.js HTTP/1.1	Mozilla/5.0 (Windows NT 10.0; Win64; x64) AppleWebKit/537.36 (KHTML, like Gecko) Chrome/83.0.4103.106 Safari/537.36	http://localhost:8081/swagger-ui.html	0:0:0:0:0:0:0:1	4119   
2020-06-23 11:15:08	200	GET /webjars/springfox-swagger-ui/lib/jquery.slideto.min.js HTTP/1.1	Mozilla/5.0 (Windows NT 10.0; Win64; x64) AppleWebKit/537.36 (KHTML, like Gecko) Chrome/83.0.4103.106 Safari/537.36	http://localhost:8081/swagger-ui.html	0:0:0:0:0:0:0:1	369   
2020-06-23 11:15:08	200	GET /webjars/springfox-swagger-ui/lib/jquery-1.8.0.min.js HTTP/1.1	Mozilla/5.0 (Windows NT 10.0; Win64; x64) AppleWebKit/537.36 (KHTML, like Gecko) Chrome/83.0.4103.106 Safari/537.36	http://localhost:8081/swagger-ui.html	0:0:0:0:0:0:0:1	92555   
2020-06-23 11:15:08	200	GET /webjars/springfox-swagger-ui/lib/backbone-min.js HTTP/1.1	Mozilla/5.0 (Windows NT 10.0; Win64; x64) AppleWebKit/537.36 (KHTML, like Gecko) Chrome/83.0.4103.106 Safari/537.36	http://localhost:8081/swagger-ui.html	0:0:0:0:0:0:0:1	20390   
2020-06-23 11:15:08	200	GET /webjars/springfox-swagger-ui/lib/lodash.min.js HTTP/1.1	Mozilla/5.0 (Windows NT 10.0; Win64; x64) AppleWebKit/537.36 (KHTML, like Gecko) Chrome/83.0.4103.106 Safari/537.36	http://localhost:8081/swagger-ui.html	0:0:0:0:0:0:0:1	52646   
2020-06-23 11:15:08	200	GET /webjars/springfox-swagger-ui/lib/handlebars-4.0.5.js HTTP/1.1	Mozilla/5.0 (Windows NT 10.0; Win64; x64) AppleWebKit/537.36 (KHTML, like Gecko) Chrome/83.0.4103.106 Safari/537.36	http://localhost:8081/swagger-ui.html	0:0:0:0:0:0:0:1	159587   
2020-06-23 11:15:08	200	GET /webjars/springfox-swagger-ui/lib/highlight.9.1.0.pack_extended.js HTTP/1.1	Mozilla/5.0 (Windows NT 10.0; Win64; x64) AppleWebKit/537.36 (KHTML, like Gecko) Chrome/83.0.4103.106 Safari/537.36	http://localhost:8081/swagger-ui.html	0:0:0:0:0:0:0:1	1025   
2020-06-23 11:15:08	200	GET /webjars/springfox-swagger-ui/lib/marked.js HTTP/1.1	Mozilla/5.0 (Windows NT 10.0; Win64; x64) AppleWebKit/537.36 (KHTML, like Gecko) Chrome/83.0.4103.106 Safari/537.36	http://localhost:8081/swagger-ui.html	0:0:0:0:0:0:0:1	28156   
2020-06-23 11:15:08	200	GET /webjars/springfox-swagger-ui/lib/highlight.9.1.0.pack.js HTTP/1.1	Mozilla/5.0 (Windows NT 10.0; Win64; x64) AppleWebKit/537.36 (KHTML, like Gecko) Chrome/83.0.4103.106 Safari/537.36	http://localhost:8081/swagger-ui.html	0:0:0:0:0:0:0:1	11037   
2020-06-23 11:15:08	200	GET /webjars/springfox-swagger-ui/lib/jsoneditor.min.js HTTP/1.1	Mozilla/5.0 (Windows NT 10.0; Win64; x64) AppleWebKit/537.36 (KHTML, like Gecko) Chrome/83.0.4103.106 Safari/537.36	http://localhost:8081/swagger-ui.html	0:0:0:0:0:0:0:1	130042   
2020-06-23 11:15:08	200	GET /webjars/springfox-swagger-ui/lib/swagger-oauth.js HTTP/1.1	Mozilla/5.0 (Windows NT 10.0; Win64; x64) AppleWebKit/537.36 (KHTML, like Gecko) Chrome/83.0.4103.106 Safari/537.36	http://localhost:8081/swagger-ui.html	0:0:0:0:0:0:0:1	11615   
2020-06-23 11:15:08	200	GET /webjars/springfox-swagger-ui/swagger-ui.min.js HTTP/1.1	Mozilla/5.0 (Windows NT 10.0; Win64; x64) AppleWebKit/537.36 (KHTML, like Gecko) Chrome/83.0.4103.106 Safari/537.36	http://localhost:8081/swagger-ui.html	0:0:0:0:0:0:0:1	447004   
2020-06-23 11:15:08	200	GET /webjars/springfox-swagger-ui/springfox.js HTTP/1.1	Mozilla/5.0 (Windows NT 10.0; Win64; x64) AppleWebKit/537.36 (KHTML, like Gecko) Chrome/83.0.4103.106 Safari/537.36	http://localhost:8081/swagger-ui.html	0:0:0:0:0:0:0:1	3634   
2020-06-23 11:15:08	200	GET /webjars/springfox-swagger-ui/images/logo_small.png HTTP/1.1	Mozilla/5.0 (Windows NT 10.0; Win64; x64) AppleWebKit/537.36 (KHTML, like Gecko) Chrome/83.0.4103.106 Safari/537.36	http://localhost:8081/swagger-ui.html	0:0:0:0:0:0:0:1	455   
2020-06-23 11:15:08	200	GET /webjars/springfox-swagger-ui/css/print.css HTTP/1.1	Mozilla/5.0 (Windows NT 10.0; Win64; x64) AppleWebKit/537.36 (KHTML, like Gecko) Chrome/83.0.4103.106 Safari/537.36	http://localhost:8081/swagger-ui.html	0:0:0:0:0:0:0:1	46684   
2020-06-23 11:15:08	200	GET /webjars/springfox-swagger-ui/fonts/DroidSans-Bold.ttf HTTP/1.1	Mozilla/5.0 (Windows NT 10.0; Win64; x64) AppleWebKit/537.36 (KHTML, like Gecko) Chrome/83.0.4103.106 Safari/537.36	http://localhost:8081/webjars/springfox-swagger-ui/css/typography.css	0:0:0:0:0:0:0:1	42480   
2020-06-23 11:15:08	200	GET /webjars/springfox-swagger-ui/fonts/DroidSans.ttf HTTP/1.1	Mozilla/5.0 (Windows NT 10.0; Win64; x64) AppleWebKit/537.36 (KHTML, like Gecko) Chrome/83.0.4103.106 Safari/537.36	http://localhost:8081/webjars/springfox-swagger-ui/css/typography.css	0:0:0:0:0:0:0:1	41028   
2020-06-23 11:15:08	200	GET /swagger-resources/configuration/ui HTTP/1.1	Mozilla/5.0 (Windows NT 10.0; Win64; x64) AppleWebKit/537.36 (KHTML, like Gecko) Chrome/83.0.4103.106 Safari/537.36	http://localhost:8081/swagger-ui.html	0:0:0:0:0:0:0:1	238   
2020-06-23 11:15:08	200	GET /swagger-resources HTTP/1.1	Mozilla/5.0 (Windows NT 10.0; Win64; x64) AppleWebKit/537.36 (KHTML, like Gecko) Chrome/83.0.4103.106 Safari/537.36	http://localhost:8081/swagger-ui.html	0:0:0:0:0:0:0:1	80   
2020-06-23 11:15:08	200	GET /v2/api-docs HTTP/1.1	Mozilla/5.0 (Windows NT 10.0; Win64; x64) AppleWebKit/537.36 (KHTML, like Gecko) Chrome/83.0.4103.106 Safari/537.36	http://localhost:8081/swagger-ui.html	0:0:0:0:0:0:0:1	4029   
2020-06-23 11:15:08	200	GET /swagger-resources/configuration/security HTTP/1.1	Mozilla/5.0 (Windows NT 10.0; Win64; x64) AppleWebKit/537.36 (KHTML, like Gecko) Chrome/83.0.4103.106 Safari/537.36	http://localhost:8081/swagger-ui.html	0:0:0:0:0:0:0:1	81   
2020-06-23 11:15:10	200	GET /v2/api-docs HTTP/1.1	Mozilla/5.0 (Windows NT 10.0; Win64; x64) AppleWebKit/537.36 (KHTML, like Gecko) Chrome/83.0.4103.106 Safari/537.36	http://localhost:8081/swagger-ui.html	0:0:0:0:0:0:0:1	4029   
2020-06-23 11:15:10	200	GET /swagger-resources/configuration/security HTTP/1.1	Mozilla/5.0 (Windows NT 10.0; Win64; x64) AppleWebKit/537.36 (KHTML, like Gecko) Chrome/83.0.4103.106 Safari/537.36	http://localhost:8081/swagger-ui.html	0:0:0:0:0:0:0:1	81   
2020-06-23 14:13:12	403	GET / HTTP/1.1	Mozilla/5.0 (Windows NT 10.0; Win64; x64) AppleWebKit/537.36 (KHTML, like Gecko) Chrome/83.0.4103.106 Safari/537.36	-	0:0:0:0:0:0:0:1	299   
2020-06-23 14:13:16	200	GET /v2/api-docs HTTP/1.1	Mozilla/5.0 (Windows NT 10.0; Win64; x64) AppleWebKit/537.36 (KHTML, like Gecko) Chrome/83.0.4103.106 Safari/537.36	http://localhost:8081/swagger-ui.html	0:0:0:0:0:0:0:1	4041   
2020-06-23 14:13:16	200	GET /swagger-resources/configuration/security HTTP/1.1	Mozilla/5.0 (Windows NT 10.0; Win64; x64) AppleWebKit/537.36 (KHTML, like Gecko) Chrome/83.0.4103.106 Safari/537.36	http://localhost:8081/swagger-ui.html	0:0:0:0:0:0:0:1	81   
2020-06-23 14:16:43	200	GET /v2/api-docs HTTP/1.1	Mozilla/5.0 (Windows NT 10.0; Win64; x64) AppleWebKit/537.36 (KHTML, like Gecko) Chrome/83.0.4103.106 Safari/537.36	http://localhost:8081/swagger-ui.html	0:0:0:0:0:0:0:1	4041   
2020-06-23 14:16:43	200	GET /swagger-resources/configuration/security HTTP/1.1	Mozilla/5.0 (Windows NT 10.0; Win64; x64) AppleWebKit/537.36 (KHTML, like Gecko) Chrome/83.0.4103.106 Safari/537.36	http://localhost:8081/swagger-ui.html	0:0:0:0:0:0:0:1	81   
2020-06-23 15:26:40	302	GET / HTTP/1.1	Mozilla/5.0 (Windows NT 10.0; Win64; x64) AppleWebKit/537.36 (KHTML, like Gecko) Chrome/83.0.4103.106 Safari/537.36	-	0:0:0:0:0:0:0:1	-   
2020-06-23 15:26:40	200	GET /login HTTP/1.1	Mozilla/5.0 (Windows NT 10.0; Win64; x64) AppleWebKit/537.36 (KHTML, like Gecko) Chrome/83.0.4103.106 Safari/537.36	-	0:0:0:0:0:0:0:1	1406   
2020-06-23 15:26:50	302	POST /login HTTP/1.1	Mozilla/5.0 (Windows NT 10.0; Win64; x64) AppleWebKit/537.36 (KHTML, like Gecko) Chrome/83.0.4103.106 Safari/537.36	http://localhost:8081/login	0:0:0:0:0:0:0:1	-   
2020-06-23 15:26:50	200	GET /login HTTP/1.1	Mozilla/5.0 (Windows NT 10.0; Win64; x64) AppleWebKit/537.36 (KHTML, like Gecko) Chrome/83.0.4103.106 Safari/537.36	http://localhost:8081/login	0:0:0:0:0:0:0:1	1406   
2020-06-23 15:26:52	302	POST /login HTTP/1.1	Mozilla/5.0 (Windows NT 10.0; Win64; x64) AppleWebKit/537.36 (KHTML, like Gecko) Chrome/83.0.4103.106 Safari/537.36	http://localhost:8081/login	0:0:0:0:0:0:0:1	-   
2020-06-23 15:26:52	200	GET /login HTTP/1.1	Mozilla/5.0 (Windows NT 10.0; Win64; x64) AppleWebKit/537.36 (KHTML, like Gecko) Chrome/83.0.4103.106 Safari/537.36	http://localhost:8081/login	0:0:0:0:0:0:0:1	1406   
2020-06-23 15:27:04	302	POST /login HTTP/1.1	Mozilla/5.0 (Windows NT 10.0; Win64; x64) AppleWebKit/537.36 (KHTML, like Gecko) Chrome/83.0.4103.106 Safari/537.36	http://localhost:8081/login	0:0:0:0:0:0:0:1	-   
2020-06-23 15:27:04	200	GET /login HTTP/1.1	Mozilla/5.0 (Windows NT 10.0; Win64; x64) AppleWebKit/537.36 (KHTML, like Gecko) Chrome/83.0.4103.106 Safari/537.36	http://localhost:8081/login	0:0:0:0:0:0:0:1	1406   
2020-06-23 15:28:11	302	POST /login HTTP/1.1	Mozilla/5.0 (Windows NT 10.0; Win64; x64) AppleWebKit/537.36 (KHTML, like Gecko) Chrome/83.0.4103.106 Safari/537.36	http://localhost:8081/login	0:0:0:0:0:0:0:1	-   
2020-06-23 15:28:11	200	GET /login HTTP/1.1	Mozilla/5.0 (Windows NT 10.0; Win64; x64) AppleWebKit/537.36 (KHTML, like Gecko) Chrome/83.0.4103.106 Safari/537.36	http://localhost:8081/login	0:0:0:0:0:0:0:1	1406   
2020-06-23 15:28:26	302	POST /login HTTP/1.1	Mozilla/5.0 (Windows NT 10.0; Win64; x64) AppleWebKit/537.36 (KHTML, like Gecko) Chrome/83.0.4103.106 Safari/537.36	http://localhost:8081/login	0:0:0:0:0:0:0:1	-   
2020-06-23 15:28:26	200	GET /login HTTP/1.1	Mozilla/5.0 (Windows NT 10.0; Win64; x64) AppleWebKit/537.36 (KHTML, like Gecko) Chrome/83.0.4103.106 Safari/537.36	http://localhost:8081/login	0:0:0:0:0:0:0:1	1406   
2020-06-23 15:28:28	302	GET /v2/api-docs HTTP/1.1	Mozilla/5.0 (Windows NT 10.0; Win64; x64) AppleWebKit/537.36 (KHTML, like Gecko) Chrome/83.0.4103.106 Safari/537.36	http://localhost:8081/swagger-ui.html	0:0:0:0:0:0:0:1	-   
2020-06-23 15:28:28	200	GET /login HTTP/1.1	Mozilla/5.0 (Windows NT 10.0; Win64; x64) AppleWebKit/537.36 (KHTML, like Gecko) Chrome/83.0.4103.106 Safari/537.36	http://localhost:8081/swagger-ui.html	0:0:0:0:0:0:0:1	1406   
2020-06-23 15:32:04	302	GET /swagger-ui.html HTTP/1.1	Mozilla/5.0 (Windows NT 10.0; Win64; x64) AppleWebKit/537.36 (KHTML, like Gecko) Chrome/83.0.4103.106 Safari/537.36	-	0:0:0:0:0:0:0:1	-   
2020-06-23 15:32:04	200	GET /login HTTP/1.1	Mozilla/5.0 (Windows NT 10.0; Win64; x64) AppleWebKit/537.36 (KHTML, like Gecko) Chrome/83.0.4103.106 Safari/537.36	-	0:0:0:0:0:0:0:1	1406   
2020-06-23 15:32:17	302	POST /login HTTP/1.1	Mozilla/5.0 (Windows NT 10.0; Win64; x64) AppleWebKit/537.36 (KHTML, like Gecko) Chrome/83.0.4103.106 Safari/537.36	http://localhost:8081/login	0:0:0:0:0:0:0:1	-   
2020-06-23 15:32:17	200	GET /login HTTP/1.1	Mozilla/5.0 (Windows NT 10.0; Win64; x64) AppleWebKit/537.36 (KHTML, like Gecko) Chrome/83.0.4103.106 Safari/537.36	http://localhost:8081/login	0:0:0:0:0:0:0:1	1406   
2020-06-23 15:42:38	200	GET /login HTTP/1.1	Mozilla/5.0 (Windows NT 10.0; Win64; x64) AppleWebKit/537.36 (KHTML, like Gecko) Chrome/83.0.4103.106 Safari/537.36	-	0:0:0:0:0:0:0:1	1406   
2020-06-23 15:42:42	302	POST /login HTTP/1.1	Mozilla/5.0 (Windows NT 10.0; Win64; x64) AppleWebKit/537.36 (KHTML, like Gecko) Chrome/83.0.4103.106 Safari/537.36	http://localhost:8081/login	0:0:0:0:0:0:0:1	-   
2020-06-23 15:42:42	404	GET / HTTP/1.1	Mozilla/5.0 (Windows NT 10.0; Win64; x64) AppleWebKit/537.36 (KHTML, like Gecko) Chrome/83.0.4103.106 Safari/537.36	http://localhost:8081/login	0:0:0:0:0:0:0:1	306   
2020-06-23 15:43:01	200	GET /swagger-ui.html HTTP/1.1	Mozilla/5.0 (Windows NT 10.0; Win64; x64) AppleWebKit/537.36 (KHTML, like Gecko) Chrome/83.0.4103.106 Safari/537.36	-	0:0:0:0:0:0:0:1	3246   
2020-06-23 15:43:01	200	GET /webjars/springfox-swagger-ui/css/typography.css HTTP/1.1	Mozilla/5.0 (Windows NT 10.0; Win64; x64) AppleWebKit/537.36 (KHTML, like Gecko) Chrome/83.0.4103.106 Safari/537.36	http://localhost:8081/swagger-ui.html	0:0:0:0:0:0:0:1	450   
2020-06-23 15:43:01	200	GET /webjars/springfox-swagger-ui/css/reset.css HTTP/1.1	Mozilla/5.0 (Windows NT 10.0; Win64; x64) AppleWebKit/537.36 (KHTML, like Gecko) Chrome/83.0.4103.106 Safari/537.36	http://localhost:8081/swagger-ui.html	0:0:0:0:0:0:0:1	1066   
2020-06-23 15:43:01	200	GET /webjars/springfox-swagger-ui/lib/jquery.slideto.min.js HTTP/1.1	Mozilla/5.0 (Windows NT 10.0; Win64; x64) AppleWebKit/537.36 (KHTML, like Gecko) Chrome/83.0.4103.106 Safari/537.36	http://localhost:8081/swagger-ui.html	0:0:0:0:0:0:0:1	369   
2020-06-23 15:43:01	200	GET /webjars/springfox-swagger-ui/lib/object-assign-pollyfill.js HTTP/1.1	Mozilla/5.0 (Windows NT 10.0; Win64; x64) AppleWebKit/537.36 (KHTML, like Gecko) Chrome/83.0.4103.106 Safari/537.36	http://localhost:8081/swagger-ui.html	0:0:0:0:0:0:0:1	692   
2020-06-23 15:43:01	200	GET /webjars/springfox-swagger-ui/lib/jquery.wiggle.min.js HTTP/1.1	Mozilla/5.0 (Windows NT 10.0; Win64; x64) AppleWebKit/537.36 (KHTML, like Gecko) Chrome/83.0.4103.106 Safari/537.36	http://localhost:8081/swagger-ui.html	0:0:0:0:0:0:0:1	762   
2020-06-23 15:43:01	200	GET /webjars/springfox-swagger-ui/lib/jquery-1.8.0.min.js HTTP/1.1	Mozilla/5.0 (Windows NT 10.0; Win64; x64) AppleWebKit/537.36 (KHTML, like Gecko) Chrome/83.0.4103.106 Safari/537.36	http://localhost:8081/swagger-ui.html	0:0:0:0:0:0:0:1	92555   
2020-06-23 15:43:01	200	GET /webjars/springfox-swagger-ui/css/screen.css HTTP/1.1	Mozilla/5.0 (Windows NT 10.0; Win64; x64) AppleWebKit/537.36 (KHTML, like Gecko) Chrome/83.0.4103.106 Safari/537.36	http://localhost:8081/swagger-ui.html	0:0:0:0:0:0:0:1	49189   
2020-06-23 15:43:01	200	GET /webjars/springfox-swagger-ui/lib/jquery.ba-bbq.min.js HTTP/1.1	Mozilla/5.0 (Windows NT 10.0; Win64; x64) AppleWebKit/537.36 (KHTML, like Gecko) Chrome/83.0.4103.106 Safari/537.36	http://localhost:8081/swagger-ui.html	0:0:0:0:0:0:0:1	4119   
2020-06-23 15:43:01	200	GET /webjars/springfox-swagger-ui/lib/handlebars-4.0.5.js HTTP/1.1	Mozilla/5.0 (Windows NT 10.0; Win64; x64) AppleWebKit/537.36 (KHTML, like Gecko) Chrome/83.0.4103.106 Safari/537.36	http://localhost:8081/swagger-ui.html	0:0:0:0:0:0:0:1	159587   
2020-06-23 15:43:01	200	GET /webjars/springfox-swagger-ui/lib/lodash.min.js HTTP/1.1	Mozilla/5.0 (Windows NT 10.0; Win64; x64) AppleWebKit/537.36 (KHTML, like Gecko) Chrome/83.0.4103.106 Safari/537.36	http://localhost:8081/swagger-ui.html	0:0:0:0:0:0:0:1	52646   
2020-06-23 15:43:01	200	GET /webjars/springfox-swagger-ui/lib/highlight.9.1.0.pack.js HTTP/1.1	Mozilla/5.0 (Windows NT 10.0; Win64; x64) AppleWebKit/537.36 (KHTML, like Gecko) Chrome/83.0.4103.106 Safari/537.36	http://localhost:8081/swagger-ui.html	0:0:0:0:0:0:0:1	11037   
2020-06-23 15:43:01	200	GET /webjars/springfox-swagger-ui/lib/highlight.9.1.0.pack_extended.js HTTP/1.1	Mozilla/5.0 (Windows NT 10.0; Win64; x64) AppleWebKit/537.36 (KHTML, like Gecko) Chrome/83.0.4103.106 Safari/537.36	http://localhost:8081/swagger-ui.html	0:0:0:0:0:0:0:1	1025   
2020-06-23 15:43:01	200	GET /webjars/springfox-swagger-ui/lib/marked.js HTTP/1.1	Mozilla/5.0 (Windows NT 10.0; Win64; x64) AppleWebKit/537.36 (KHTML, like Gecko) Chrome/83.0.4103.106 Safari/537.36	http://localhost:8081/swagger-ui.html	0:0:0:0:0:0:0:1	28156   
2020-06-23 15:43:01	200	GET /webjars/springfox-swagger-ui/lib/jsoneditor.min.js HTTP/1.1	Mozilla/5.0 (Windows NT 10.0; Win64; x64) AppleWebKit/537.36 (KHTML, like Gecko) Chrome/83.0.4103.106 Safari/537.36	http://localhost:8081/swagger-ui.html	0:0:0:0:0:0:0:1	130042   
2020-06-23 15:43:01	200	GET /webjars/springfox-swagger-ui/lib/swagger-oauth.js HTTP/1.1	Mozilla/5.0 (Windows NT 10.0; Win64; x64) AppleWebKit/537.36 (KHTML, like Gecko) Chrome/83.0.4103.106 Safari/537.36	http://localhost:8081/swagger-ui.html	0:0:0:0:0:0:0:1	11615   
2020-06-23 15:43:01	200	GET /webjars/springfox-swagger-ui/lib/backbone-min.js HTTP/1.1	Mozilla/5.0 (Windows NT 10.0; Win64; x64) AppleWebKit/537.36 (KHTML, like Gecko) Chrome/83.0.4103.106 Safari/537.36	http://localhost:8081/swagger-ui.html	0:0:0:0:0:0:0:1	20390   
2020-06-23 15:43:01	200	GET /webjars/springfox-swagger-ui/springfox.js HTTP/1.1	Mozilla/5.0 (Windows NT 10.0; Win64; x64) AppleWebKit/537.36 (KHTML, like Gecko) Chrome/83.0.4103.106 Safari/537.36	http://localhost:8081/swagger-ui.html	0:0:0:0:0:0:0:1	3634   
2020-06-23 15:43:01	200	GET /webjars/springfox-swagger-ui/swagger-ui.min.js HTTP/1.1	Mozilla/5.0 (Windows NT 10.0; Win64; x64) AppleWebKit/537.36 (KHTML, like Gecko) Chrome/83.0.4103.106 Safari/537.36	http://localhost:8081/swagger-ui.html	0:0:0:0:0:0:0:1	447004   
2020-06-23 15:43:01	200	GET /webjars/springfox-swagger-ui/images/logo_small.png HTTP/1.1	Mozilla/5.0 (Windows NT 10.0; Win64; x64) AppleWebKit/537.36 (KHTML, like Gecko) Chrome/83.0.4103.106 Safari/537.36	http://localhost:8081/swagger-ui.html	0:0:0:0:0:0:0:1	455   
2020-06-23 15:43:01	200	GET /webjars/springfox-swagger-ui/css/print.css HTTP/1.1	Mozilla/5.0 (Windows NT 10.0; Win64; x64) AppleWebKit/537.36 (KHTML, like Gecko) Chrome/83.0.4103.106 Safari/537.36	http://localhost:8081/swagger-ui.html	0:0:0:0:0:0:0:1	46684   
2020-06-23 15:43:01	200	GET /webjars/springfox-swagger-ui/fonts/DroidSans.ttf HTTP/1.1	Mozilla/5.0 (Windows NT 10.0; Win64; x64) AppleWebKit/537.36 (KHTML, like Gecko) Chrome/83.0.4103.106 Safari/537.36	http://localhost:8081/webjars/springfox-swagger-ui/css/typography.css	0:0:0:0:0:0:0:1	41028   
2020-06-23 15:43:01	200	GET /webjars/springfox-swagger-ui/fonts/DroidSans-Bold.ttf HTTP/1.1	Mozilla/5.0 (Windows NT 10.0; Win64; x64) AppleWebKit/537.36 (KHTML, like Gecko) Chrome/83.0.4103.106 Safari/537.36	http://localhost:8081/webjars/springfox-swagger-ui/css/typography.css	0:0:0:0:0:0:0:1	42480   
2020-06-23 15:43:01	404	GET /swagger-resources/configuration/ui HTTP/1.1	Mozilla/5.0 (Windows NT 10.0; Win64; x64) AppleWebKit/537.36 (KHTML, like Gecko) Chrome/83.0.4103.106 Safari/537.36	http://localhost:8081/swagger-ui.html	0:0:0:0:0:0:0:1	167   
2020-06-23 15:43:11	200	GET /swagger-ui.html HTTP/1.1	Mozilla/5.0 (Windows NT 10.0; Win64; x64) AppleWebKit/537.36 (KHTML, like Gecko) Chrome/83.0.4103.106 Safari/537.36	-	0:0:0:0:0:0:0:1	3246   
2020-06-23 15:43:11	200	GET /webjars/springfox-swagger-ui/css/reset.css HTTP/1.1	Mozilla/5.0 (Windows NT 10.0; Win64; x64) AppleWebKit/537.36 (KHTML, like Gecko) Chrome/83.0.4103.106 Safari/537.36	http://localhost:8081/swagger-ui.html	0:0:0:0:0:0:0:1	1066   
2020-06-23 15:43:11	200	GET /webjars/springfox-swagger-ui/css/typography.css HTTP/1.1	Mozilla/5.0 (Windows NT 10.0; Win64; x64) AppleWebKit/537.36 (KHTML, like Gecko) Chrome/83.0.4103.106 Safari/537.36	http://localhost:8081/swagger-ui.html	0:0:0:0:0:0:0:1	450   
2020-06-23 15:43:11	200	GET /webjars/springfox-swagger-ui/css/screen.css HTTP/1.1	Mozilla/5.0 (Windows NT 10.0; Win64; x64) AppleWebKit/537.36 (KHTML, like Gecko) Chrome/83.0.4103.106 Safari/537.36	http://localhost:8081/swagger-ui.html	0:0:0:0:0:0:0:1	49189   
2020-06-23 15:43:11	200	GET /webjars/springfox-swagger-ui/lib/object-assign-pollyfill.js HTTP/1.1	Mozilla/5.0 (Windows NT 10.0; Win64; x64) AppleWebKit/537.36 (KHTML, like Gecko) Chrome/83.0.4103.106 Safari/537.36	http://localhost:8081/swagger-ui.html	0:0:0:0:0:0:0:1	692   
2020-06-23 15:43:11	200	GET /webjars/springfox-swagger-ui/lib/jquery-1.8.0.min.js HTTP/1.1	Mozilla/5.0 (Windows NT 10.0; Win64; x64) AppleWebKit/537.36 (KHTML, like Gecko) Chrome/83.0.4103.106 Safari/537.36	http://localhost:8081/swagger-ui.html	0:0:0:0:0:0:0:1	92555   
2020-06-23 15:43:11	200	GET /webjars/springfox-swagger-ui/lib/jquery.slideto.min.js HTTP/1.1	Mozilla/5.0 (Windows NT 10.0; Win64; x64) AppleWebKit/537.36 (KHTML, like Gecko) Chrome/83.0.4103.106 Safari/537.36	http://localhost:8081/swagger-ui.html	0:0:0:0:0:0:0:1	369   
2020-06-23 15:43:11	200	GET /webjars/springfox-swagger-ui/lib/jquery.ba-bbq.min.js HTTP/1.1	Mozilla/5.0 (Windows NT 10.0; Win64; x64) AppleWebKit/537.36 (KHTML, like Gecko) Chrome/83.0.4103.106 Safari/537.36	http://localhost:8081/swagger-ui.html	0:0:0:0:0:0:0:1	4119   
2020-06-23 15:43:11	200	GET /webjars/springfox-swagger-ui/lib/backbone-min.js HTTP/1.1	Mozilla/5.0 (Windows NT 10.0; Win64; x64) AppleWebKit/537.36 (KHTML, like Gecko) Chrome/83.0.4103.106 Safari/537.36	http://localhost:8081/swagger-ui.html	0:0:0:0:0:0:0:1	20390   
2020-06-23 15:43:11	200	GET /webjars/springfox-swagger-ui/lib/jquery.wiggle.min.js HTTP/1.1	Mozilla/5.0 (Windows NT 10.0; Win64; x64) AppleWebKit/537.36 (KHTML, like Gecko) Chrome/83.0.4103.106 Safari/537.36	http://localhost:8081/swagger-ui.html	0:0:0:0:0:0:0:1	762   
2020-06-23 15:43:11	200	GET /webjars/springfox-swagger-ui/lib/handlebars-4.0.5.js HTTP/1.1	Mozilla/5.0 (Windows NT 10.0; Win64; x64) AppleWebKit/537.36 (KHTML, like Gecko) Chrome/83.0.4103.106 Safari/537.36	http://localhost:8081/swagger-ui.html	0:0:0:0:0:0:0:1	159587   
2020-06-23 15:43:11	200	GET /webjars/springfox-swagger-ui/lib/lodash.min.js HTTP/1.1	Mozilla/5.0 (Windows NT 10.0; Win64; x64) AppleWebKit/537.36 (KHTML, like Gecko) Chrome/83.0.4103.106 Safari/537.36	http://localhost:8081/swagger-ui.html	0:0:0:0:0:0:0:1	52646   
2020-06-23 15:43:11	200	GET /webjars/springfox-swagger-ui/lib/highlight.9.1.0.pack.js HTTP/1.1	Mozilla/5.0 (Windows NT 10.0; Win64; x64) AppleWebKit/537.36 (KHTML, like Gecko) Chrome/83.0.4103.106 Safari/537.36	http://localhost:8081/swagger-ui.html	0:0:0:0:0:0:0:1	11037   
2020-06-23 15:43:11	200	GET /webjars/springfox-swagger-ui/swagger-ui.min.js HTTP/1.1	Mozilla/5.0 (Windows NT 10.0; Win64; x64) AppleWebKit/537.36 (KHTML, like Gecko) Chrome/83.0.4103.106 Safari/537.36	http://localhost:8081/swagger-ui.html	0:0:0:0:0:0:0:1	447004   
2020-06-23 15:43:11	200	GET /webjars/springfox-swagger-ui/lib/swagger-oauth.js HTTP/1.1	Mozilla/5.0 (Windows NT 10.0; Win64; x64) AppleWebKit/537.36 (KHTML, like Gecko) Chrome/83.0.4103.106 Safari/537.36	http://localhost:8081/swagger-ui.html	0:0:0:0:0:0:0:1	11615   
2020-06-23 15:43:11	200	GET /webjars/springfox-swagger-ui/lib/highlight.9.1.0.pack_extended.js HTTP/1.1	Mozilla/5.0 (Windows NT 10.0; Win64; x64) AppleWebKit/537.36 (KHTML, like Gecko) Chrome/83.0.4103.106 Safari/537.36	http://localhost:8081/swagger-ui.html	0:0:0:0:0:0:0:1	1025   
2020-06-23 15:43:11	200	GET /webjars/springfox-swagger-ui/lib/marked.js HTTP/1.1	Mozilla/5.0 (Windows NT 10.0; Win64; x64) AppleWebKit/537.36 (KHTML, like Gecko) Chrome/83.0.4103.106 Safari/537.36	http://localhost:8081/swagger-ui.html	0:0:0:0:0:0:0:1	28156   
2020-06-23 15:43:11	200	GET /webjars/springfox-swagger-ui/lib/jsoneditor.min.js HTTP/1.1	Mozilla/5.0 (Windows NT 10.0; Win64; x64) AppleWebKit/537.36 (KHTML, like Gecko) Chrome/83.0.4103.106 Safari/537.36	http://localhost:8081/swagger-ui.html	0:0:0:0:0:0:0:1	130042   
2020-06-23 15:43:11	200	GET /webjars/springfox-swagger-ui/springfox.js HTTP/1.1	Mozilla/5.0 (Windows NT 10.0; Win64; x64) AppleWebKit/537.36 (KHTML, like Gecko) Chrome/83.0.4103.106 Safari/537.36	http://localhost:8081/swagger-ui.html	0:0:0:0:0:0:0:1	3634   
2020-06-23 15:43:12	200	GET /webjars/springfox-swagger-ui/images/logo_small.png HTTP/1.1	Mozilla/5.0 (Windows NT 10.0; Win64; x64) AppleWebKit/537.36 (KHTML, like Gecko) Chrome/83.0.4103.106 Safari/537.36	http://localhost:8081/swagger-ui.html	0:0:0:0:0:0:0:1	455   
2020-06-23 15:43:12	200	GET /webjars/springfox-swagger-ui/css/print.css HTTP/1.1	Mozilla/5.0 (Windows NT 10.0; Win64; x64) AppleWebKit/537.36 (KHTML, like Gecko) Chrome/83.0.4103.106 Safari/537.36	http://localhost:8081/swagger-ui.html	0:0:0:0:0:0:0:1	46684   
2020-06-23 15:43:12	404	GET /swagger-resources/configuration/ui HTTP/1.1	Mozilla/5.0 (Windows NT 10.0; Win64; x64) AppleWebKit/537.36 (KHTML, like Gecko) Chrome/83.0.4103.106 Safari/537.36	http://localhost:8081/swagger-ui.html	0:0:0:0:0:0:0:1	167   
2020-06-23 15:43:12	200	GET /webjars/springfox-swagger-ui/fonts/DroidSans.ttf HTTP/1.1	Mozilla/5.0 (Windows NT 10.0; Win64; x64) AppleWebKit/537.36 (KHTML, like Gecko) Chrome/83.0.4103.106 Safari/537.36	http://localhost:8081/webjars/springfox-swagger-ui/css/typography.css	0:0:0:0:0:0:0:1	41028   
2020-06-23 15:43:12	200	GET /webjars/springfox-swagger-ui/fonts/DroidSans-Bold.ttf HTTP/1.1	Mozilla/5.0 (Windows NT 10.0; Win64; x64) AppleWebKit/537.36 (KHTML, like Gecko) Chrome/83.0.4103.106 Safari/537.36	http://localhost:8081/webjars/springfox-swagger-ui/css/typography.css	0:0:0:0:0:0:0:1	42480   
2020-06-23 15:43:16	200	GET /swagger-ui.html HTTP/1.1	Mozilla/5.0 (Windows NT 10.0; Win64; x64) AppleWebKit/537.36 (KHTML, like Gecko) Chrome/83.0.4103.106 Safari/537.36	-	0:0:0:0:0:0:0:1	3246   
2020-06-23 15:43:16	200	GET /webjars/springfox-swagger-ui/css/typography.css HTTP/1.1	Mozilla/5.0 (Windows NT 10.0; Win64; x64) AppleWebKit/537.36 (KHTML, like Gecko) Chrome/83.0.4103.106 Safari/537.36	http://localhost:8081/swagger-ui.html	0:0:0:0:0:0:0:1	450   
2020-06-23 15:43:16	200	GET /webjars/springfox-swagger-ui/css/reset.css HTTP/1.1	Mozilla/5.0 (Windows NT 10.0; Win64; x64) AppleWebKit/537.36 (KHTML, like Gecko) Chrome/83.0.4103.106 Safari/537.36	http://localhost:8081/swagger-ui.html	0:0:0:0:0:0:0:1	1066   
2020-06-23 15:43:16	200	GET /webjars/springfox-swagger-ui/lib/object-assign-pollyfill.js HTTP/1.1	Mozilla/5.0 (Windows NT 10.0; Win64; x64) AppleWebKit/537.36 (KHTML, like Gecko) Chrome/83.0.4103.106 Safari/537.36	http://localhost:8081/swagger-ui.html	0:0:0:0:0:0:0:1	692   
2020-06-23 15:43:16	200	GET /webjars/springfox-swagger-ui/css/screen.css HTTP/1.1	Mozilla/5.0 (Windows NT 10.0; Win64; x64) AppleWebKit/537.36 (KHTML, like Gecko) Chrome/83.0.4103.106 Safari/537.36	http://localhost:8081/swagger-ui.html	0:0:0:0:0:0:0:1	49189   
2020-06-23 15:43:16	200	GET /webjars/springfox-swagger-ui/lib/jquery.ba-bbq.min.js HTTP/1.1	Mozilla/5.0 (Windows NT 10.0; Win64; x64) AppleWebKit/537.36 (KHTML, like Gecko) Chrome/83.0.4103.106 Safari/537.36	http://localhost:8081/swagger-ui.html	0:0:0:0:0:0:0:1	4119   
2020-06-23 15:43:16	200	GET /webjars/springfox-swagger-ui/lib/jquery-1.8.0.min.js HTTP/1.1	Mozilla/5.0 (Windows NT 10.0; Win64; x64) AppleWebKit/537.36 (KHTML, like Gecko) Chrome/83.0.4103.106 Safari/537.36	http://localhost:8081/swagger-ui.html	0:0:0:0:0:0:0:1	92555   
2020-06-23 15:43:16	200	GET /webjars/springfox-swagger-ui/lib/jquery.slideto.min.js HTTP/1.1	Mozilla/5.0 (Windows NT 10.0; Win64; x64) AppleWebKit/537.36 (KHTML, like Gecko) Chrome/83.0.4103.106 Safari/537.36	http://localhost:8081/swagger-ui.html	0:0:0:0:0:0:0:1	369   
2020-06-23 15:43:16	200	GET /webjars/springfox-swagger-ui/lib/lodash.min.js HTTP/1.1	Mozilla/5.0 (Windows NT 10.0; Win64; x64) AppleWebKit/537.36 (KHTML, like Gecko) Chrome/83.0.4103.106 Safari/537.36	http://localhost:8081/swagger-ui.html	0:0:0:0:0:0:0:1	52646   
2020-06-23 15:43:16	200	GET /webjars/springfox-swagger-ui/lib/handlebars-4.0.5.js HTTP/1.1	Mozilla/5.0 (Windows NT 10.0; Win64; x64) AppleWebKit/537.36 (KHTML, like Gecko) Chrome/83.0.4103.106 Safari/537.36	http://localhost:8081/swagger-ui.html	0:0:0:0:0:0:0:1	159587   
2020-06-23 15:43:16	200	GET /webjars/springfox-swagger-ui/lib/backbone-min.js HTTP/1.1	Mozilla/5.0 (Windows NT 10.0; Win64; x64) AppleWebKit/537.36 (KHTML, like Gecko) Chrome/83.0.4103.106 Safari/537.36	http://localhost:8081/swagger-ui.html	0:0:0:0:0:0:0:1	20390   
2020-06-23 15:43:16	200	GET /webjars/springfox-swagger-ui/lib/highlight.9.1.0.pack.js HTTP/1.1	Mozilla/5.0 (Windows NT 10.0; Win64; x64) AppleWebKit/537.36 (KHTML, like Gecko) Chrome/83.0.4103.106 Safari/537.36	http://localhost:8081/swagger-ui.html	0:0:0:0:0:0:0:1	11037   
2020-06-23 15:43:16	200	GET /webjars/springfox-swagger-ui/lib/jquery.wiggle.min.js HTTP/1.1	Mozilla/5.0 (Windows NT 10.0; Win64; x64) AppleWebKit/537.36 (KHTML, like Gecko) Chrome/83.0.4103.106 Safari/537.36	http://localhost:8081/swagger-ui.html	0:0:0:0:0:0:0:1	762   
2020-06-23 15:43:16	200	GET /webjars/springfox-swagger-ui/lib/highlight.9.1.0.pack_extended.js HTTP/1.1	Mozilla/5.0 (Windows NT 10.0; Win64; x64) AppleWebKit/537.36 (KHTML, like Gecko) Chrome/83.0.4103.106 Safari/537.36	http://localhost:8081/swagger-ui.html	0:0:0:0:0:0:0:1	1025   
2020-06-23 15:43:16	200	GET /webjars/springfox-swagger-ui/lib/jsoneditor.min.js HTTP/1.1	Mozilla/5.0 (Windows NT 10.0; Win64; x64) AppleWebKit/537.36 (KHTML, like Gecko) Chrome/83.0.4103.106 Safari/537.36	http://localhost:8081/swagger-ui.html	0:0:0:0:0:0:0:1	130042   
2020-06-23 15:43:16	200	GET /webjars/springfox-swagger-ui/swagger-ui.min.js HTTP/1.1	Mozilla/5.0 (Windows NT 10.0; Win64; x64) AppleWebKit/537.36 (KHTML, like Gecko) Chrome/83.0.4103.106 Safari/537.36	http://localhost:8081/swagger-ui.html	0:0:0:0:0:0:0:1	447004   
2020-06-23 15:43:16	200	GET /webjars/springfox-swagger-ui/lib/marked.js HTTP/1.1	Mozilla/5.0 (Windows NT 10.0; Win64; x64) AppleWebKit/537.36 (KHTML, like Gecko) Chrome/83.0.4103.106 Safari/537.36	http://localhost:8081/swagger-ui.html	0:0:0:0:0:0:0:1	28156   
2020-06-23 15:43:16	200	GET /webjars/springfox-swagger-ui/lib/swagger-oauth.js HTTP/1.1	Mozilla/5.0 (Windows NT 10.0; Win64; x64) AppleWebKit/537.36 (KHTML, like Gecko) Chrome/83.0.4103.106 Safari/537.36	http://localhost:8081/swagger-ui.html	0:0:0:0:0:0:0:1	11615   
2020-06-23 15:43:16	200	GET /webjars/springfox-swagger-ui/springfox.js HTTP/1.1	Mozilla/5.0 (Windows NT 10.0; Win64; x64) AppleWebKit/537.36 (KHTML, like Gecko) Chrome/83.0.4103.106 Safari/537.36	http://localhost:8081/swagger-ui.html	0:0:0:0:0:0:0:1	3634   
2020-06-23 15:43:16	200	GET /webjars/springfox-swagger-ui/images/logo_small.png HTTP/1.1	Mozilla/5.0 (Windows NT 10.0; Win64; x64) AppleWebKit/537.36 (KHTML, like Gecko) Chrome/83.0.4103.106 Safari/537.36	http://localhost:8081/swagger-ui.html	0:0:0:0:0:0:0:1	455   
2020-06-23 15:43:16	200	GET /webjars/springfox-swagger-ui/css/print.css HTTP/1.1	Mozilla/5.0 (Windows NT 10.0; Win64; x64) AppleWebKit/537.36 (KHTML, like Gecko) Chrome/83.0.4103.106 Safari/537.36	http://localhost:8081/swagger-ui.html	0:0:0:0:0:0:0:1	46684   
2020-06-23 15:43:16	404	GET /swagger-resources/configuration/ui HTTP/1.1	Mozilla/5.0 (Windows NT 10.0; Win64; x64) AppleWebKit/537.36 (KHTML, like Gecko) Chrome/83.0.4103.106 Safari/537.36	http://localhost:8081/swagger-ui.html	0:0:0:0:0:0:0:1	167   
2020-06-23 15:43:16	200	GET /webjars/springfox-swagger-ui/fonts/DroidSans.ttf HTTP/1.1	Mozilla/5.0 (Windows NT 10.0; Win64; x64) AppleWebKit/537.36 (KHTML, like Gecko) Chrome/83.0.4103.106 Safari/537.36	http://localhost:8081/webjars/springfox-swagger-ui/css/typography.css	0:0:0:0:0:0:0:1	41028   
2020-06-23 15:43:16	200	GET /webjars/springfox-swagger-ui/fonts/DroidSans-Bold.ttf HTTP/1.1	Mozilla/5.0 (Windows NT 10.0; Win64; x64) AppleWebKit/537.36 (KHTML, like Gecko) Chrome/83.0.4103.106 Safari/537.36	http://localhost:8081/webjars/springfox-swagger-ui/css/typography.css	0:0:0:0:0:0:0:1	42480   
2020-06-23 15:43:18	404	GET / HTTP/1.1	Mozilla/5.0 (Windows NT 10.0; Win64; x64) AppleWebKit/537.36 (KHTML, like Gecko) Chrome/83.0.4103.106 Safari/537.36	-	0:0:0:0:0:0:0:1	306   
2020-06-23 15:43:26	200	GET /swagger-ui.html HTTP/1.1	Mozilla/5.0 (Windows NT 10.0; Win64; x64) AppleWebKit/537.36 (KHTML, like Gecko) Chrome/83.0.4103.106 Safari/537.36	-	0:0:0:0:0:0:0:1	3246   
2020-06-23 15:43:26	200	GET /webjars/springfox-swagger-ui/css/typography.css HTTP/1.1	Mozilla/5.0 (Windows NT 10.0; Win64; x64) AppleWebKit/537.36 (KHTML, like Gecko) Chrome/83.0.4103.106 Safari/537.36	http://localhost:8081/swagger-ui.html	0:0:0:0:0:0:0:1	450   
2020-06-23 15:43:26	200	GET /webjars/springfox-swagger-ui/lib/object-assign-pollyfill.js HTTP/1.1	Mozilla/5.0 (Windows NT 10.0; Win64; x64) AppleWebKit/537.36 (KHTML, like Gecko) Chrome/83.0.4103.106 Safari/537.36	http://localhost:8081/swagger-ui.html	0:0:0:0:0:0:0:1	692   
2020-06-23 15:43:26	200	GET /webjars/springfox-swagger-ui/css/reset.css HTTP/1.1	Mozilla/5.0 (Windows NT 10.0; Win64; x64) AppleWebKit/537.36 (KHTML, like Gecko) Chrome/83.0.4103.106 Safari/537.36	http://localhost:8081/swagger-ui.html	0:0:0:0:0:0:0:1	1066   
2020-06-23 15:43:26	200	GET /webjars/springfox-swagger-ui/lib/jquery-1.8.0.min.js HTTP/1.1	Mozilla/5.0 (Windows NT 10.0; Win64; x64) AppleWebKit/537.36 (KHTML, like Gecko) Chrome/83.0.4103.106 Safari/537.36	http://localhost:8081/swagger-ui.html	0:0:0:0:0:0:0:1	92555   
2020-06-23 15:43:26	200	GET /webjars/springfox-swagger-ui/lib/jquery.wiggle.min.js HTTP/1.1	Mozilla/5.0 (Windows NT 10.0; Win64; x64) AppleWebKit/537.36 (KHTML, like Gecko) Chrome/83.0.4103.106 Safari/537.36	http://localhost:8081/swagger-ui.html	0:0:0:0:0:0:0:1	762   
2020-06-23 15:43:26	200	GET /webjars/springfox-swagger-ui/lib/jquery.slideto.min.js HTTP/1.1	Mozilla/5.0 (Windows NT 10.0; Win64; x64) AppleWebKit/537.36 (KHTML, like Gecko) Chrome/83.0.4103.106 Safari/537.36	http://localhost:8081/swagger-ui.html	0:0:0:0:0:0:0:1	369   
2020-06-23 15:43:26	200	GET /webjars/springfox-swagger-ui/lib/handlebars-4.0.5.js HTTP/1.1	Mozilla/5.0 (Windows NT 10.0; Win64; x64) AppleWebKit/537.36 (KHTML, like Gecko) Chrome/83.0.4103.106 Safari/537.36	http://localhost:8081/swagger-ui.html	0:0:0:0:0:0:0:1	159587   
2020-06-23 15:43:26	200	GET /webjars/springfox-swagger-ui/lib/jquery.ba-bbq.min.js HTTP/1.1	Mozilla/5.0 (Windows NT 10.0; Win64; x64) AppleWebKit/537.36 (KHTML, like Gecko) Chrome/83.0.4103.106 Safari/537.36	http://localhost:8081/swagger-ui.html	0:0:0:0:0:0:0:1	4119   
2020-06-23 15:43:26	200	GET /webjars/springfox-swagger-ui/lib/lodash.min.js HTTP/1.1	Mozilla/5.0 (Windows NT 10.0; Win64; x64) AppleWebKit/537.36 (KHTML, like Gecko) Chrome/83.0.4103.106 Safari/537.36	http://localhost:8081/swagger-ui.html	0:0:0:0:0:0:0:1	52646   
2020-06-23 15:43:26	200	GET /webjars/springfox-swagger-ui/css/screen.css HTTP/1.1	Mozilla/5.0 (Windows NT 10.0; Win64; x64) AppleWebKit/537.36 (KHTML, like Gecko) Chrome/83.0.4103.106 Safari/537.36	http://localhost:8081/swagger-ui.html	0:0:0:0:0:0:0:1	49189   
2020-06-23 15:43:26	200	GET /webjars/springfox-swagger-ui/lib/backbone-min.js HTTP/1.1	Mozilla/5.0 (Windows NT 10.0; Win64; x64) AppleWebKit/537.36 (KHTML, like Gecko) Chrome/83.0.4103.106 Safari/537.36	http://localhost:8081/swagger-ui.html	0:0:0:0:0:0:0:1	20390   
2020-06-23 15:43:26	200	GET /webjars/springfox-swagger-ui/lib/highlight.9.1.0.pack.js HTTP/1.1	Mozilla/5.0 (Windows NT 10.0; Win64; x64) AppleWebKit/537.36 (KHTML, like Gecko) Chrome/83.0.4103.106 Safari/537.36	http://localhost:8081/swagger-ui.html	0:0:0:0:0:0:0:1	11037   
2020-06-23 15:43:26	200	GET /webjars/springfox-swagger-ui/lib/highlight.9.1.0.pack_extended.js HTTP/1.1	Mozilla/5.0 (Windows NT 10.0; Win64; x64) AppleWebKit/537.36 (KHTML, like Gecko) Chrome/83.0.4103.106 Safari/537.36	http://localhost:8081/swagger-ui.html	0:0:0:0:0:0:0:1	1025   
2020-06-23 15:43:26	200	GET /webjars/springfox-swagger-ui/swagger-ui.min.js HTTP/1.1	Mozilla/5.0 (Windows NT 10.0; Win64; x64) AppleWebKit/537.36 (KHTML, like Gecko) Chrome/83.0.4103.106 Safari/537.36	http://localhost:8081/swagger-ui.html	0:0:0:0:0:0:0:1	447004   
2020-06-23 15:43:26	200	GET /webjars/springfox-swagger-ui/lib/swagger-oauth.js HTTP/1.1	Mozilla/5.0 (Windows NT 10.0; Win64; x64) AppleWebKit/537.36 (KHTML, like Gecko) Chrome/83.0.4103.106 Safari/537.36	http://localhost:8081/swagger-ui.html	0:0:0:0:0:0:0:1	11615   
2020-06-23 15:43:26	200	GET /webjars/springfox-swagger-ui/lib/marked.js HTTP/1.1	Mozilla/5.0 (Windows NT 10.0; Win64; x64) AppleWebKit/537.36 (KHTML, like Gecko) Chrome/83.0.4103.106 Safari/537.36	http://localhost:8081/swagger-ui.html	0:0:0:0:0:0:0:1	28156   
2020-06-23 15:43:26	200	GET /webjars/springfox-swagger-ui/springfox.js HTTP/1.1	Mozilla/5.0 (Windows NT 10.0; Win64; x64) AppleWebKit/537.36 (KHTML, like Gecko) Chrome/83.0.4103.106 Safari/537.36	http://localhost:8081/swagger-ui.html	0:0:0:0:0:0:0:1	3634   
2020-06-23 15:43:26	200	GET /webjars/springfox-swagger-ui/lib/jsoneditor.min.js HTTP/1.1	Mozilla/5.0 (Windows NT 10.0; Win64; x64) AppleWebKit/537.36 (KHTML, like Gecko) Chrome/83.0.4103.106 Safari/537.36	http://localhost:8081/swagger-ui.html	0:0:0:0:0:0:0:1	130042   
2020-06-23 15:43:26	200	GET /webjars/springfox-swagger-ui/images/logo_small.png HTTP/1.1	Mozilla/5.0 (Windows NT 10.0; Win64; x64) AppleWebKit/537.36 (KHTML, like Gecko) Chrome/83.0.4103.106 Safari/537.36	http://localhost:8081/swagger-ui.html	0:0:0:0:0:0:0:1	455   
2020-06-23 15:43:26	200	GET /webjars/springfox-swagger-ui/css/print.css HTTP/1.1	Mozilla/5.0 (Windows NT 10.0; Win64; x64) AppleWebKit/537.36 (KHTML, like Gecko) Chrome/83.0.4103.106 Safari/537.36	http://localhost:8081/swagger-ui.html	0:0:0:0:0:0:0:1	46684   
2020-06-23 15:43:27	404	GET /swagger-resources/configuration/ui HTTP/1.1	Mozilla/5.0 (Windows NT 10.0; Win64; x64) AppleWebKit/537.36 (KHTML, like Gecko) Chrome/83.0.4103.106 Safari/537.36	http://localhost:8081/swagger-ui.html	0:0:0:0:0:0:0:1	167   
2020-06-23 15:43:27	200	GET /webjars/springfox-swagger-ui/fonts/DroidSans-Bold.ttf HTTP/1.1	Mozilla/5.0 (Windows NT 10.0; Win64; x64) AppleWebKit/537.36 (KHTML, like Gecko) Chrome/83.0.4103.106 Safari/537.36	http://localhost:8081/webjars/springfox-swagger-ui/css/typography.css	0:0:0:0:0:0:0:1	42480   
2020-06-23 15:43:27	200	GET /webjars/springfox-swagger-ui/fonts/DroidSans.ttf HTTP/1.1	Mozilla/5.0 (Windows NT 10.0; Win64; x64) AppleWebKit/537.36 (KHTML, like Gecko) Chrome/83.0.4103.106 Safari/537.36	http://localhost:8081/webjars/springfox-swagger-ui/css/typography.css	0:0:0:0:0:0:0:1	41028   
2020-06-23 15:44:30	404	GET / HTTP/1.1	Mozilla/5.0 (Windows NT 10.0; Win64; x64) AppleWebKit/537.36 (KHTML, like Gecko) Chrome/83.0.4103.106 Safari/537.36	-	0:0:0:0:0:0:0:1	306   
2020-06-23 15:44:36	200	GET /swagger-ui.html HTTP/1.1	Mozilla/5.0 (Windows NT 10.0; Win64; x64) AppleWebKit/537.36 (KHTML, like Gecko) Chrome/83.0.4103.106 Safari/537.36	-	0:0:0:0:0:0:0:1	3246   
2020-06-23 15:44:36	200	GET /webjars/springfox-swagger-ui/css/typography.css HTTP/1.1	Mozilla/5.0 (Windows NT 10.0; Win64; x64) AppleWebKit/537.36 (KHTML, like Gecko) Chrome/83.0.4103.106 Safari/537.36	http://localhost:8081/swagger-ui.html	0:0:0:0:0:0:0:1	450   
2020-06-23 15:44:36	200	GET /webjars/springfox-swagger-ui/css/reset.css HTTP/1.1	Mozilla/5.0 (Windows NT 10.0; Win64; x64) AppleWebKit/537.36 (KHTML, like Gecko) Chrome/83.0.4103.106 Safari/537.36	http://localhost:8081/swagger-ui.html	0:0:0:0:0:0:0:1	1066   
2020-06-23 15:44:36	200	GET /webjars/springfox-swagger-ui/lib/object-assign-pollyfill.js HTTP/1.1	Mozilla/5.0 (Windows NT 10.0; Win64; x64) AppleWebKit/537.36 (KHTML, like Gecko) Chrome/83.0.4103.106 Safari/537.36	http://localhost:8081/swagger-ui.html	0:0:0:0:0:0:0:1	692   
2020-06-23 15:44:36	200	GET /webjars/springfox-swagger-ui/lib/jquery.wiggle.min.js HTTP/1.1	Mozilla/5.0 (Windows NT 10.0; Win64; x64) AppleWebKit/537.36 (KHTML, like Gecko) Chrome/83.0.4103.106 Safari/537.36	http://localhost:8081/swagger-ui.html	0:0:0:0:0:0:0:1	762   
2020-06-23 15:44:36	200	GET /webjars/springfox-swagger-ui/lib/jquery.ba-bbq.min.js HTTP/1.1	Mozilla/5.0 (Windows NT 10.0; Win64; x64) AppleWebKit/537.36 (KHTML, like Gecko) Chrome/83.0.4103.106 Safari/537.36	http://localhost:8081/swagger-ui.html	0:0:0:0:0:0:0:1	4119   
2020-06-23 15:44:36	200	GET /webjars/springfox-swagger-ui/lib/jquery.slideto.min.js HTTP/1.1	Mozilla/5.0 (Windows NT 10.0; Win64; x64) AppleWebKit/537.36 (KHTML, like Gecko) Chrome/83.0.4103.106 Safari/537.36	http://localhost:8081/swagger-ui.html	0:0:0:0:0:0:0:1	369   
2020-06-23 15:44:36	200	GET /webjars/springfox-swagger-ui/css/screen.css HTTP/1.1	Mozilla/5.0 (Windows NT 10.0; Win64; x64) AppleWebKit/537.36 (KHTML, like Gecko) Chrome/83.0.4103.106 Safari/537.36	http://localhost:8081/swagger-ui.html	0:0:0:0:0:0:0:1	49189   
2020-06-23 15:44:36	200	GET /webjars/springfox-swagger-ui/lib/jquery-1.8.0.min.js HTTP/1.1	Mozilla/5.0 (Windows NT 10.0; Win64; x64) AppleWebKit/537.36 (KHTML, like Gecko) Chrome/83.0.4103.106 Safari/537.36	http://localhost:8081/swagger-ui.html	0:0:0:0:0:0:0:1	92555   
2020-06-23 15:44:36	200	GET /webjars/springfox-swagger-ui/lib/lodash.min.js HTTP/1.1	Mozilla/5.0 (Windows NT 10.0; Win64; x64) AppleWebKit/537.36 (KHTML, like Gecko) Chrome/83.0.4103.106 Safari/537.36	http://localhost:8081/swagger-ui.html	0:0:0:0:0:0:0:1	52646   
2020-06-23 15:44:36	200	GET /webjars/springfox-swagger-ui/lib/handlebars-4.0.5.js HTTP/1.1	Mozilla/5.0 (Windows NT 10.0; Win64; x64) AppleWebKit/537.36 (KHTML, like Gecko) Chrome/83.0.4103.106 Safari/537.36	http://localhost:8081/swagger-ui.html	0:0:0:0:0:0:0:1	159587   
2020-06-23 15:44:36	200	GET /webjars/springfox-swagger-ui/lib/backbone-min.js HTTP/1.1	Mozilla/5.0 (Windows NT 10.0; Win64; x64) AppleWebKit/537.36 (KHTML, like Gecko) Chrome/83.0.4103.106 Safari/537.36	http://localhost:8081/swagger-ui.html	0:0:0:0:0:0:0:1	20390   
2020-06-23 15:44:36	200	GET /webjars/springfox-swagger-ui/lib/highlight.9.1.0.pack.js HTTP/1.1	Mozilla/5.0 (Windows NT 10.0; Win64; x64) AppleWebKit/537.36 (KHTML, like Gecko) Chrome/83.0.4103.106 Safari/537.36	http://localhost:8081/swagger-ui.html	0:0:0:0:0:0:0:1	11037   
2020-06-23 15:44:36	200	GET /webjars/springfox-swagger-ui/lib/highlight.9.1.0.pack_extended.js HTTP/1.1	Mozilla/5.0 (Windows NT 10.0; Win64; x64) AppleWebKit/537.36 (KHTML, like Gecko) Chrome/83.0.4103.106 Safari/537.36	http://localhost:8081/swagger-ui.html	0:0:0:0:0:0:0:1	1025   
2020-06-23 15:44:36	200	GET /webjars/springfox-swagger-ui/swagger-ui.min.js HTTP/1.1	Mozilla/5.0 (Windows NT 10.0; Win64; x64) AppleWebKit/537.36 (KHTML, like Gecko) Chrome/83.0.4103.106 Safari/537.36	http://localhost:8081/swagger-ui.html	0:0:0:0:0:0:0:1	447004   
2020-06-23 15:44:36	200	GET /webjars/springfox-swagger-ui/lib/swagger-oauth.js HTTP/1.1	Mozilla/5.0 (Windows NT 10.0; Win64; x64) AppleWebKit/537.36 (KHTML, like Gecko) Chrome/83.0.4103.106 Safari/537.36	http://localhost:8081/swagger-ui.html	0:0:0:0:0:0:0:1	11615   
2020-06-23 15:44:36	200	GET /webjars/springfox-swagger-ui/lib/jsoneditor.min.js HTTP/1.1	Mozilla/5.0 (Windows NT 10.0; Win64; x64) AppleWebKit/537.36 (KHTML, like Gecko) Chrome/83.0.4103.106 Safari/537.36	http://localhost:8081/swagger-ui.html	0:0:0:0:0:0:0:1	130042   
2020-06-23 15:44:36	200	GET /webjars/springfox-swagger-ui/lib/marked.js HTTP/1.1	Mozilla/5.0 (Windows NT 10.0; Win64; x64) AppleWebKit/537.36 (KHTML, like Gecko) Chrome/83.0.4103.106 Safari/537.36	http://localhost:8081/swagger-ui.html	0:0:0:0:0:0:0:1	28156   
2020-06-23 15:44:36	200	GET /webjars/springfox-swagger-ui/springfox.js HTTP/1.1	Mozilla/5.0 (Windows NT 10.0; Win64; x64) AppleWebKit/537.36 (KHTML, like Gecko) Chrome/83.0.4103.106 Safari/537.36	http://localhost:8081/swagger-ui.html	0:0:0:0:0:0:0:1	3634   
2020-06-23 15:44:36	200	GET /webjars/springfox-swagger-ui/images/logo_small.png HTTP/1.1	Mozilla/5.0 (Windows NT 10.0; Win64; x64) AppleWebKit/537.36 (KHTML, like Gecko) Chrome/83.0.4103.106 Safari/537.36	http://localhost:8081/swagger-ui.html	0:0:0:0:0:0:0:1	455   
2020-06-23 15:44:36	200	GET /webjars/springfox-swagger-ui/css/print.css HTTP/1.1	Mozilla/5.0 (Windows NT 10.0; Win64; x64) AppleWebKit/537.36 (KHTML, like Gecko) Chrome/83.0.4103.106 Safari/537.36	http://localhost:8081/swagger-ui.html	0:0:0:0:0:0:0:1	46684   
2020-06-23 15:44:36	404	GET /swagger-resources/configuration/ui HTTP/1.1	Mozilla/5.0 (Windows NT 10.0; Win64; x64) AppleWebKit/537.36 (KHTML, like Gecko) Chrome/83.0.4103.106 Safari/537.36	http://localhost:8081/swagger-ui.html	0:0:0:0:0:0:0:1	167   
2020-06-23 15:44:36	200	GET /webjars/springfox-swagger-ui/fonts/DroidSans.ttf HTTP/1.1	Mozilla/5.0 (Windows NT 10.0; Win64; x64) AppleWebKit/537.36 (KHTML, like Gecko) Chrome/83.0.4103.106 Safari/537.36	http://localhost:8081/webjars/springfox-swagger-ui/css/typography.css	0:0:0:0:0:0:0:1	41028   
2020-06-23 15:44:36	200	GET /webjars/springfox-swagger-ui/fonts/DroidSans-Bold.ttf HTTP/1.1	Mozilla/5.0 (Windows NT 10.0; Win64; x64) AppleWebKit/537.36 (KHTML, like Gecko) Chrome/83.0.4103.106 Safari/537.36	http://localhost:8081/webjars/springfox-swagger-ui/css/typography.css	0:0:0:0:0:0:0:1	42480   
2020-06-23 15:45:06	404	GET / HTTP/1.1	Mozilla/5.0 (Windows NT 10.0; Win64; x64) AppleWebKit/537.36 (KHTML, like Gecko) Chrome/83.0.4103.106 Safari/537.36	-	0:0:0:0:0:0:0:1	306   
2020-06-23 15:45:17	404	GET /api/test HTTP/1.1	Mozilla/5.0 (Windows NT 10.0; Win64; x64) AppleWebKit/537.36 (KHTML, like Gecko) Chrome/83.0.4103.106 Safari/537.36	-	0:0:0:0:0:0:0:1	306   
2020-06-23 15:45:23	404	GET /vi/user HTTP/1.1	Mozilla/5.0 (Windows NT 10.0; Win64; x64) AppleWebKit/537.36 (KHTML, like Gecko) Chrome/83.0.4103.106 Safari/537.36	-	0:0:0:0:0:0:0:1	306   
2020-06-23 15:45:57	404	GET /vi/signin HTTP/1.1	Mozilla/5.0 (Windows NT 10.0; Win64; x64) AppleWebKit/537.36 (KHTML, like Gecko) Chrome/83.0.4103.106 Safari/537.36	-	0:0:0:0:0:0:0:1	306   
2020-06-23 15:46:34	404	GET / HTTP/1.1	Mozilla/5.0 (Windows NT 10.0; Win64; x64) AppleWebKit/537.36 (KHTML, like Gecko) Chrome/83.0.4103.106 Safari/537.36	-	0:0:0:0:0:0:0:1	306   
2020-06-23 15:46:36	404	GET / HTTP/1.1	Mozilla/5.0 (Windows NT 10.0; Win64; x64) AppleWebKit/537.36 (KHTML, like Gecko) Chrome/83.0.4103.106 Safari/537.36	-	0:0:0:0:0:0:0:1	306   
2020-06-23 15:49:40	302	GET / HTTP/1.1	Mozilla/5.0 (Windows NT 10.0; Win64; x64) AppleWebKit/537.36 (KHTML, like Gecko) Chrome/84.0.4147.45 Safari/537.36 Edg/84.0.522.20	-	0:0:0:0:0:0:0:1	-   
2020-06-23 15:49:40	200	GET /login HTTP/1.1	Mozilla/5.0 (Windows NT 10.0; Win64; x64) AppleWebKit/537.36 (KHTML, like Gecko) Chrome/84.0.4147.45 Safari/537.36 Edg/84.0.522.20	-	0:0:0:0:0:0:0:1	1406   
2020-06-23 15:49:49	302	POST /login HTTP/1.1	Mozilla/5.0 (Windows NT 10.0; Win64; x64) AppleWebKit/537.36 (KHTML, like Gecko) Chrome/84.0.4147.45 Safari/537.36 Edg/84.0.522.20	http://localhost:8081/login	0:0:0:0:0:0:0:1	-   
2020-06-23 15:49:49	200	GET /login HTTP/1.1	Mozilla/5.0 (Windows NT 10.0; Win64; x64) AppleWebKit/537.36 (KHTML, like Gecko) Chrome/84.0.4147.45 Safari/537.36 Edg/84.0.522.20	http://localhost:8081/login	0:0:0:0:0:0:0:1	1406   
2020-06-23 16:34:59	302	GET / HTTP/1.1	Mozilla/5.0 (Windows NT 10.0; Win64; x64) AppleWebKit/537.36 (KHTML, like Gecko) Chrome/84.0.4147.45 Safari/537.36 Edg/84.0.522.20	-	0:0:0:0:0:0:0:1	-   
2020-06-23 16:34:59	500	GET /exception/entrypoint HTTP/1.1	Mozilla/5.0 (Windows NT 10.0; Win64; x64) AppleWebKit/537.36 (KHTML, like Gecko) Chrome/84.0.4147.45 Safari/537.36 Edg/84.0.522.20	-	0:0:0:0:0:0:0:1	9073   
2020-06-23 16:35:44	200	GET /swagger-ui.html HTTP/1.1	Mozilla/5.0 (Windows NT 10.0; Win64; x64) AppleWebKit/537.36 (KHTML, like Gecko) Chrome/83.0.4103.106 Safari/537.36	-	0:0:0:0:0:0:0:1	3246   
2020-06-23 16:35:44	200	GET /webjars/springfox-swagger-ui/css/typography.css HTTP/1.1	Mozilla/5.0 (Windows NT 10.0; Win64; x64) AppleWebKit/537.36 (KHTML, like Gecko) Chrome/83.0.4103.106 Safari/537.36	http://localhost:8081/swagger-ui.html	0:0:0:0:0:0:0:1	450   
2020-06-23 16:35:45	200	GET /webjars/springfox-swagger-ui/lib/jquery.wiggle.min.js HTTP/1.1	Mozilla/5.0 (Windows NT 10.0; Win64; x64) AppleWebKit/537.36 (KHTML, like Gecko) Chrome/83.0.4103.106 Safari/537.36	http://localhost:8081/swagger-ui.html	0:0:0:0:0:0:0:1	762   
2020-06-23 16:35:45	200	GET /webjars/springfox-swagger-ui/lib/object-assign-pollyfill.js HTTP/1.1	Mozilla/5.0 (Windows NT 10.0; Win64; x64) AppleWebKit/537.36 (KHTML, like Gecko) Chrome/83.0.4103.106 Safari/537.36	http://localhost:8081/swagger-ui.html	0:0:0:0:0:0:0:1	692   
2020-06-23 16:35:45	200	GET /webjars/springfox-swagger-ui/css/screen.css HTTP/1.1	Mozilla/5.0 (Windows NT 10.0; Win64; x64) AppleWebKit/537.36 (KHTML, like Gecko) Chrome/83.0.4103.106 Safari/537.36	http://localhost:8081/swagger-ui.html	0:0:0:0:0:0:0:1	49189   
2020-06-23 16:35:45	200	GET /webjars/springfox-swagger-ui/lib/jquery.slideto.min.js HTTP/1.1	Mozilla/5.0 (Windows NT 10.0; Win64; x64) AppleWebKit/537.36 (KHTML, like Gecko) Chrome/83.0.4103.106 Safari/537.36	http://localhost:8081/swagger-ui.html	0:0:0:0:0:0:0:1	369   
2020-06-23 16:35:45	200	GET /webjars/springfox-swagger-ui/css/reset.css HTTP/1.1	Mozilla/5.0 (Windows NT 10.0; Win64; x64) AppleWebKit/537.36 (KHTML, like Gecko) Chrome/83.0.4103.106 Safari/537.36	http://localhost:8081/swagger-ui.html	0:0:0:0:0:0:0:1	1066   
2020-06-23 16:35:45	200	GET /webjars/springfox-swagger-ui/lib/jquery-1.8.0.min.js HTTP/1.1	Mozilla/5.0 (Windows NT 10.0; Win64; x64) AppleWebKit/537.36 (KHTML, like Gecko) Chrome/83.0.4103.106 Safari/537.36	http://localhost:8081/swagger-ui.html	0:0:0:0:0:0:0:1	92555   
2020-06-23 16:35:45	200	GET /webjars/springfox-swagger-ui/lib/jquery.ba-bbq.min.js HTTP/1.1	Mozilla/5.0 (Windows NT 10.0; Win64; x64) AppleWebKit/537.36 (KHTML, like Gecko) Chrome/83.0.4103.106 Safari/537.36	http://localhost:8081/swagger-ui.html	0:0:0:0:0:0:0:1	4119   
2020-06-23 16:35:45	200	GET /webjars/springfox-swagger-ui/lib/backbone-min.js HTTP/1.1	Mozilla/5.0 (Windows NT 10.0; Win64; x64) AppleWebKit/537.36 (KHTML, like Gecko) Chrome/83.0.4103.106 Safari/537.36	http://localhost:8081/swagger-ui.html	0:0:0:0:0:0:0:1	20390   
2020-06-23 16:35:45	200	GET /webjars/springfox-swagger-ui/lib/lodash.min.js HTTP/1.1	Mozilla/5.0 (Windows NT 10.0; Win64; x64) AppleWebKit/537.36 (KHTML, like Gecko) Chrome/83.0.4103.106 Safari/537.36	http://localhost:8081/swagger-ui.html	0:0:0:0:0:0:0:1	52646   
2020-06-23 16:35:45	200	GET /webjars/springfox-swagger-ui/lib/highlight.9.1.0.pack.js HTTP/1.1	Mozilla/5.0 (Windows NT 10.0; Win64; x64) AppleWebKit/537.36 (KHTML, like Gecko) Chrome/83.0.4103.106 Safari/537.36	http://localhost:8081/swagger-ui.html	0:0:0:0:0:0:0:1	11037   
2020-06-23 16:35:45	200	GET /webjars/springfox-swagger-ui/lib/handlebars-4.0.5.js HTTP/1.1	Mozilla/5.0 (Windows NT 10.0; Win64; x64) AppleWebKit/537.36 (KHTML, like Gecko) Chrome/83.0.4103.106 Safari/537.36	http://localhost:8081/swagger-ui.html	0:0:0:0:0:0:0:1	159587   
2020-06-23 16:35:45	200	GET /webjars/springfox-swagger-ui/lib/highlight.9.1.0.pack_extended.js HTTP/1.1	Mozilla/5.0 (Windows NT 10.0; Win64; x64) AppleWebKit/537.36 (KHTML, like Gecko) Chrome/83.0.4103.106 Safari/537.36	http://localhost:8081/swagger-ui.html	0:0:0:0:0:0:0:1	1025   
2020-06-23 16:35:45	200	GET /webjars/springfox-swagger-ui/swagger-ui.min.js HTTP/1.1	Mozilla/5.0 (Windows NT 10.0; Win64; x64) AppleWebKit/537.36 (KHTML, like Gecko) Chrome/83.0.4103.106 Safari/537.36	http://localhost:8081/swagger-ui.html	0:0:0:0:0:0:0:1	447004   
2020-06-23 16:35:45	200	GET /webjars/springfox-swagger-ui/lib/jsoneditor.min.js HTTP/1.1	Mozilla/5.0 (Windows NT 10.0; Win64; x64) AppleWebKit/537.36 (KHTML, like Gecko) Chrome/83.0.4103.106 Safari/537.36	http://localhost:8081/swagger-ui.html	0:0:0:0:0:0:0:1	130042   
2020-06-23 16:35:45	200	GET /webjars/springfox-swagger-ui/lib/marked.js HTTP/1.1	Mozilla/5.0 (Windows NT 10.0; Win64; x64) AppleWebKit/537.36 (KHTML, like Gecko) Chrome/83.0.4103.106 Safari/537.36	http://localhost:8081/swagger-ui.html	0:0:0:0:0:0:0:1	28156   
2020-06-23 16:35:45	200	GET /webjars/springfox-swagger-ui/springfox.js HTTP/1.1	Mozilla/5.0 (Windows NT 10.0; Win64; x64) AppleWebKit/537.36 (KHTML, like Gecko) Chrome/83.0.4103.106 Safari/537.36	http://localhost:8081/swagger-ui.html	0:0:0:0:0:0:0:1	3634   
2020-06-23 16:35:45	200	GET /webjars/springfox-swagger-ui/lib/swagger-oauth.js HTTP/1.1	Mozilla/5.0 (Windows NT 10.0; Win64; x64) AppleWebKit/537.36 (KHTML, like Gecko) Chrome/83.0.4103.106 Safari/537.36	http://localhost:8081/swagger-ui.html	0:0:0:0:0:0:0:1	11615   
2020-06-23 16:35:45	200	GET /webjars/springfox-swagger-ui/images/logo_small.png HTTP/1.1	Mozilla/5.0 (Windows NT 10.0; Win64; x64) AppleWebKit/537.36 (KHTML, like Gecko) Chrome/83.0.4103.106 Safari/537.36	http://localhost:8081/swagger-ui.html	0:0:0:0:0:0:0:1	455   
2020-06-23 16:35:45	200	GET /webjars/springfox-swagger-ui/css/print.css HTTP/1.1	Mozilla/5.0 (Windows NT 10.0; Win64; x64) AppleWebKit/537.36 (KHTML, like Gecko) Chrome/83.0.4103.106 Safari/537.36	http://localhost:8081/swagger-ui.html	0:0:0:0:0:0:0:1	46684   
2020-06-23 16:35:45	200	GET /webjars/springfox-swagger-ui/fonts/DroidSans.ttf HTTP/1.1	Mozilla/5.0 (Windows NT 10.0; Win64; x64) AppleWebKit/537.36 (KHTML, like Gecko) Chrome/83.0.4103.106 Safari/537.36	http://localhost:8081/webjars/springfox-swagger-ui/css/typography.css	0:0:0:0:0:0:0:1	41028   
2020-06-23 16:35:45	200	GET /webjars/springfox-swagger-ui/fonts/DroidSans-Bold.ttf HTTP/1.1	Mozilla/5.0 (Windows NT 10.0; Win64; x64) AppleWebKit/537.36 (KHTML, like Gecko) Chrome/83.0.4103.106 Safari/537.36	http://localhost:8081/webjars/springfox-swagger-ui/css/typography.css	0:0:0:0:0:0:0:1	42480   
2020-06-23 16:35:45	200	GET /swagger-resources/configuration/ui HTTP/1.1	Mozilla/5.0 (Windows NT 10.0; Win64; x64) AppleWebKit/537.36 (KHTML, like Gecko) Chrome/83.0.4103.106 Safari/537.36	http://localhost:8081/swagger-ui.html	0:0:0:0:0:0:0:1	238   
2020-06-23 16:35:45	200	GET /swagger-resources HTTP/1.1	Mozilla/5.0 (Windows NT 10.0; Win64; x64) AppleWebKit/537.36 (KHTML, like Gecko) Chrome/83.0.4103.106 Safari/537.36	http://localhost:8081/swagger-ui.html	0:0:0:0:0:0:0:1	80   
2020-06-23 16:35:45	200	GET /v2/api-docs HTTP/1.1	Mozilla/5.0 (Windows NT 10.0; Win64; x64) AppleWebKit/537.36 (KHTML, like Gecko) Chrome/83.0.4103.106 Safari/537.36	http://localhost:8081/swagger-ui.html	0:0:0:0:0:0:0:1	280   
2020-06-23 16:35:45	200	GET /swagger-resources/configuration/security HTTP/1.1	Mozilla/5.0 (Windows NT 10.0; Win64; x64) AppleWebKit/537.36 (KHTML, like Gecko) Chrome/83.0.4103.106 Safari/537.36	http://localhost:8081/swagger-ui.html	0:0:0:0:0:0:0:1	81   
2020-06-23 16:38:19	200	GET /v2/api-docs HTTP/1.1	Mozilla/5.0 (Windows NT 10.0; Win64; x64) AppleWebKit/537.36 (KHTML, like Gecko) Chrome/83.0.4103.106 Safari/537.36	http://localhost:8081/swagger-ui.html	0:0:0:0:0:0:0:1	280   
2020-06-23 16:38:19	200	GET /swagger-resources/configuration/security HTTP/1.1	Mozilla/5.0 (Windows NT 10.0; Win64; x64) AppleWebKit/537.36 (KHTML, like Gecko) Chrome/83.0.4103.106 Safari/537.36	http://localhost:8081/swagger-ui.html	0:0:0:0:0:0:0:1	81   
2020-06-23 16:38:19	200	GET /v2/api-docs HTTP/1.1	Mozilla/5.0 (Windows NT 10.0; Win64; x64) AppleWebKit/537.36 (KHTML, like Gecko) Chrome/83.0.4103.106 Safari/537.36	http://localhost:8081/swagger-ui.html	0:0:0:0:0:0:0:1	280   
2020-06-23 16:38:19	200	GET /swagger-resources/configuration/security HTTP/1.1	Mozilla/5.0 (Windows NT 10.0; Win64; x64) AppleWebKit/537.36 (KHTML, like Gecko) Chrome/83.0.4103.106 Safari/537.36	http://localhost:8081/swagger-ui.html	0:0:0:0:0:0:0:1	81   
2020-06-23 16:44:47	302	GET / HTTP/1.1	Mozilla/5.0 (Windows NT 10.0; Win64; x64) AppleWebKit/537.36 (KHTML, like Gecko) Chrome/83.0.4103.106 Safari/537.36	-	0:0:0:0:0:0:0:1	-   
2020-06-23 16:44:47	500	GET /exception/entrypoint HTTP/1.1	Mozilla/5.0 (Windows NT 10.0; Win64; x64) AppleWebKit/537.36 (KHTML, like Gecko) Chrome/83.0.4103.106 Safari/537.36	-	0:0:0:0:0:0:0:1	9073   
2020-06-23 16:45:03	200	GET /swagger-ui.html HTTP/1.1	Mozilla/5.0 (Windows NT 10.0; Win64; x64) AppleWebKit/537.36 (KHTML, like Gecko) Chrome/83.0.4103.106 Safari/537.36	-	0:0:0:0:0:0:0:1	3246   
2020-06-23 16:45:03	200	GET /webjars/springfox-swagger-ui/css/typography.css HTTP/1.1	Mozilla/5.0 (Windows NT 10.0; Win64; x64) AppleWebKit/537.36 (KHTML, like Gecko) Chrome/83.0.4103.106 Safari/537.36	http://localhost:8081/swagger-ui.html	0:0:0:0:0:0:0:1	450   
2020-06-23 16:45:03	200	GET /webjars/springfox-swagger-ui/css/screen.css HTTP/1.1	Mozilla/5.0 (Windows NT 10.0; Win64; x64) AppleWebKit/537.36 (KHTML, like Gecko) Chrome/83.0.4103.106 Safari/537.36	http://localhost:8081/swagger-ui.html	0:0:0:0:0:0:0:1	49189   
2020-06-23 16:45:03	200	GET /webjars/springfox-swagger-ui/lib/object-assign-pollyfill.js HTTP/1.1	Mozilla/5.0 (Windows NT 10.0; Win64; x64) AppleWebKit/537.36 (KHTML, like Gecko) Chrome/83.0.4103.106 Safari/537.36	http://localhost:8081/swagger-ui.html	0:0:0:0:0:0:0:1	692   
2020-06-23 16:45:03	200	GET /webjars/springfox-swagger-ui/lib/jquery.wiggle.min.js HTTP/1.1	Mozilla/5.0 (Windows NT 10.0; Win64; x64) AppleWebKit/537.36 (KHTML, like Gecko) Chrome/83.0.4103.106 Safari/537.36	http://localhost:8081/swagger-ui.html	0:0:0:0:0:0:0:1	762   
2020-06-23 16:45:03	200	GET /webjars/springfox-swagger-ui/lib/jquery-1.8.0.min.js HTTP/1.1	Mozilla/5.0 (Windows NT 10.0; Win64; x64) AppleWebKit/537.36 (KHTML, like Gecko) Chrome/83.0.4103.106 Safari/537.36	http://localhost:8081/swagger-ui.html	0:0:0:0:0:0:0:1	92555   
2020-06-23 16:45:03	200	GET /webjars/springfox-swagger-ui/lib/jquery.slideto.min.js HTTP/1.1	Mozilla/5.0 (Windows NT 10.0; Win64; x64) AppleWebKit/537.36 (KHTML, like Gecko) Chrome/83.0.4103.106 Safari/537.36	http://localhost:8081/swagger-ui.html	0:0:0:0:0:0:0:1	369   
2020-06-23 16:45:03	200	GET /webjars/springfox-swagger-ui/lib/jquery.ba-bbq.min.js HTTP/1.1	Mozilla/5.0 (Windows NT 10.0; Win64; x64) AppleWebKit/537.36 (KHTML, like Gecko) Chrome/83.0.4103.106 Safari/537.36	http://localhost:8081/swagger-ui.html	0:0:0:0:0:0:0:1	4119   
2020-06-23 16:45:03	200	GET /webjars/springfox-swagger-ui/lib/lodash.min.js HTTP/1.1	Mozilla/5.0 (Windows NT 10.0; Win64; x64) AppleWebKit/537.36 (KHTML, like Gecko) Chrome/83.0.4103.106 Safari/537.36	http://localhost:8081/swagger-ui.html	0:0:0:0:0:0:0:1	52646   
2020-06-23 16:45:03	200	GET /webjars/springfox-swagger-ui/lib/highlight.9.1.0.pack.js HTTP/1.1	Mozilla/5.0 (Windows NT 10.0; Win64; x64) AppleWebKit/537.36 (KHTML, like Gecko) Chrome/83.0.4103.106 Safari/537.36	http://localhost:8081/swagger-ui.html	0:0:0:0:0:0:0:1	11037   
2020-06-23 16:45:03	200	GET /webjars/springfox-swagger-ui/lib/handlebars-4.0.5.js HTTP/1.1	Mozilla/5.0 (Windows NT 10.0; Win64; x64) AppleWebKit/537.36 (KHTML, like Gecko) Chrome/83.0.4103.106 Safari/537.36	http://localhost:8081/swagger-ui.html	0:0:0:0:0:0:0:1	159587   
2020-06-23 16:45:03	200	GET /webjars/springfox-swagger-ui/lib/highlight.9.1.0.pack_extended.js HTTP/1.1	Mozilla/5.0 (Windows NT 10.0; Win64; x64) AppleWebKit/537.36 (KHTML, like Gecko) Chrome/83.0.4103.106 Safari/537.36	http://localhost:8081/swagger-ui.html	0:0:0:0:0:0:0:1	1025   
2020-06-23 16:45:03	200	GET /webjars/springfox-swagger-ui/lib/backbone-min.js HTTP/1.1	Mozilla/5.0 (Windows NT 10.0; Win64; x64) AppleWebKit/537.36 (KHTML, like Gecko) Chrome/83.0.4103.106 Safari/537.36	http://localhost:8081/swagger-ui.html	0:0:0:0:0:0:0:1	20390   
2020-06-23 16:45:03	200	GET /webjars/springfox-swagger-ui/css/reset.css HTTP/1.1	Mozilla/5.0 (Windows NT 10.0; Win64; x64) AppleWebKit/537.36 (KHTML, like Gecko) Chrome/83.0.4103.106 Safari/537.36	http://localhost:8081/swagger-ui.html	0:0:0:0:0:0:0:1	1066   
2020-06-23 16:45:03	200	GET /webjars/springfox-swagger-ui/swagger-ui.min.js HTTP/1.1	Mozilla/5.0 (Windows NT 10.0; Win64; x64) AppleWebKit/537.36 (KHTML, like Gecko) Chrome/83.0.4103.106 Safari/537.36	http://localhost:8081/swagger-ui.html	0:0:0:0:0:0:0:1	447004   
2020-06-23 16:45:03	200	GET /webjars/springfox-swagger-ui/lib/marked.js HTTP/1.1	Mozilla/5.0 (Windows NT 10.0; Win64; x64) AppleWebKit/537.36 (KHTML, like Gecko) Chrome/83.0.4103.106 Safari/537.36	http://localhost:8081/swagger-ui.html	0:0:0:0:0:0:0:1	28156   
2020-06-23 16:45:03	200	GET /webjars/springfox-swagger-ui/lib/jsoneditor.min.js HTTP/1.1	Mozilla/5.0 (Windows NT 10.0; Win64; x64) AppleWebKit/537.36 (KHTML, like Gecko) Chrome/83.0.4103.106 Safari/537.36	http://localhost:8081/swagger-ui.html	0:0:0:0:0:0:0:1	130042   
2020-06-23 16:45:03	200	GET /webjars/springfox-swagger-ui/lib/swagger-oauth.js HTTP/1.1	Mozilla/5.0 (Windows NT 10.0; Win64; x64) AppleWebKit/537.36 (KHTML, like Gecko) Chrome/83.0.4103.106 Safari/537.36	http://localhost:8081/swagger-ui.html	0:0:0:0:0:0:0:1	11615   
2020-06-23 16:45:03	200	GET /webjars/springfox-swagger-ui/springfox.js HTTP/1.1	Mozilla/5.0 (Windows NT 10.0; Win64; x64) AppleWebKit/537.36 (KHTML, like Gecko) Chrome/83.0.4103.106 Safari/537.36	http://localhost:8081/swagger-ui.html	0:0:0:0:0:0:0:1	3634   
2020-06-23 16:45:03	200	GET /webjars/springfox-swagger-ui/images/logo_small.png HTTP/1.1	Mozilla/5.0 (Windows NT 10.0; Win64; x64) AppleWebKit/537.36 (KHTML, like Gecko) Chrome/83.0.4103.106 Safari/537.36	http://localhost:8081/swagger-ui.html	0:0:0:0:0:0:0:1	455   
2020-06-23 16:45:03	200	GET /webjars/springfox-swagger-ui/css/print.css HTTP/1.1	Mozilla/5.0 (Windows NT 10.0; Win64; x64) AppleWebKit/537.36 (KHTML, like Gecko) Chrome/83.0.4103.106 Safari/537.36	http://localhost:8081/swagger-ui.html	0:0:0:0:0:0:0:1	46684   
2020-06-23 16:45:03	200	GET /webjars/springfox-swagger-ui/fonts/DroidSans-Bold.ttf HTTP/1.1	Mozilla/5.0 (Windows NT 10.0; Win64; x64) AppleWebKit/537.36 (KHTML, like Gecko) Chrome/83.0.4103.106 Safari/537.36	http://localhost:8081/webjars/springfox-swagger-ui/css/typography.css	0:0:0:0:0:0:0:1	42480   
2020-06-23 16:45:03	200	GET /webjars/springfox-swagger-ui/fonts/DroidSans.ttf HTTP/1.1	Mozilla/5.0 (Windows NT 10.0; Win64; x64) AppleWebKit/537.36 (KHTML, like Gecko) Chrome/83.0.4103.106 Safari/537.36	http://localhost:8081/webjars/springfox-swagger-ui/css/typography.css	0:0:0:0:0:0:0:1	41028   
2020-06-23 16:45:03	200	GET /swagger-resources/configuration/ui HTTP/1.1	Mozilla/5.0 (Windows NT 10.0; Win64; x64) AppleWebKit/537.36 (KHTML, like Gecko) Chrome/83.0.4103.106 Safari/537.36	http://localhost:8081/swagger-ui.html	0:0:0:0:0:0:0:1	238   
2020-06-23 16:45:03	200	GET /swagger-resources HTTP/1.1	Mozilla/5.0 (Windows NT 10.0; Win64; x64) AppleWebKit/537.36 (KHTML, like Gecko) Chrome/83.0.4103.106 Safari/537.36	http://localhost:8081/swagger-ui.html	0:0:0:0:0:0:0:1	80   
2020-06-23 16:45:03	200	GET /v2/api-docs HTTP/1.1	Mozilla/5.0 (Windows NT 10.0; Win64; x64) AppleWebKit/537.36 (KHTML, like Gecko) Chrome/83.0.4103.106 Safari/537.36	http://localhost:8081/swagger-ui.html	0:0:0:0:0:0:0:1	280   
2020-06-23 16:45:03	200	GET /swagger-resources/configuration/security HTTP/1.1	Mozilla/5.0 (Windows NT 10.0; Win64; x64) AppleWebKit/537.36 (KHTML, like Gecko) Chrome/83.0.4103.106 Safari/537.36	http://localhost:8081/swagger-ui.html	0:0:0:0:0:0:0:1	81   
2020-06-23 16:51:12	200	GET /swagger-ui.html HTTP/1.1	Mozilla/5.0 (Windows NT 10.0; Win64; x64) AppleWebKit/537.36 (KHTML, like Gecko) Chrome/83.0.4103.106 Safari/537.36	-	0:0:0:0:0:0:0:1	3246   
2020-06-23 16:51:12	200	GET /webjars/springfox-swagger-ui/css/typography.css HTTP/1.1	Mozilla/5.0 (Windows NT 10.0; Win64; x64) AppleWebKit/537.36 (KHTML, like Gecko) Chrome/83.0.4103.106 Safari/537.36	http://localhost:8081/swagger-ui.html	0:0:0:0:0:0:0:1	450   
2020-06-23 16:51:12	200	GET /webjars/springfox-swagger-ui/css/reset.css HTTP/1.1	Mozilla/5.0 (Windows NT 10.0; Win64; x64) AppleWebKit/537.36 (KHTML, like Gecko) Chrome/83.0.4103.106 Safari/537.36	http://localhost:8081/swagger-ui.html	0:0:0:0:0:0:0:1	1066   
2020-06-23 16:51:12	200	GET /webjars/springfox-swagger-ui/lib/jquery.wiggle.min.js HTTP/1.1	Mozilla/5.0 (Windows NT 10.0; Win64; x64) AppleWebKit/537.36 (KHTML, like Gecko) Chrome/83.0.4103.106 Safari/537.36	http://localhost:8081/swagger-ui.html	0:0:0:0:0:0:0:1	762   
2020-06-23 16:51:12	200	GET /webjars/springfox-swagger-ui/lib/jquery.slideto.min.js HTTP/1.1	Mozilla/5.0 (Windows NT 10.0; Win64; x64) AppleWebKit/537.36 (KHTML, like Gecko) Chrome/83.0.4103.106 Safari/537.36	http://localhost:8081/swagger-ui.html	0:0:0:0:0:0:0:1	369   
2020-06-23 16:51:12	200	GET /webjars/springfox-swagger-ui/lib/object-assign-pollyfill.js HTTP/1.1	Mozilla/5.0 (Windows NT 10.0; Win64; x64) AppleWebKit/537.36 (KHTML, like Gecko) Chrome/83.0.4103.106 Safari/537.36	http://localhost:8081/swagger-ui.html	0:0:0:0:0:0:0:1	692   
2020-06-23 16:51:12	200	GET /webjars/springfox-swagger-ui/css/screen.css HTTP/1.1	Mozilla/5.0 (Windows NT 10.0; Win64; x64) AppleWebKit/537.36 (KHTML, like Gecko) Chrome/83.0.4103.106 Safari/537.36	http://localhost:8081/swagger-ui.html	0:0:0:0:0:0:0:1	49189   
2020-06-23 16:51:12	200	GET /webjars/springfox-swagger-ui/lib/jquery.ba-bbq.min.js HTTP/1.1	Mozilla/5.0 (Windows NT 10.0; Win64; x64) AppleWebKit/537.36 (KHTML, like Gecko) Chrome/83.0.4103.106 Safari/537.36	http://localhost:8081/swagger-ui.html	0:0:0:0:0:0:0:1	4119   
2020-06-23 16:51:12	200	GET /webjars/springfox-swagger-ui/lib/lodash.min.js HTTP/1.1	Mozilla/5.0 (Windows NT 10.0; Win64; x64) AppleWebKit/537.36 (KHTML, like Gecko) Chrome/83.0.4103.106 Safari/537.36	http://localhost:8081/swagger-ui.html	0:0:0:0:0:0:0:1	52646   
2020-06-23 16:51:12	200	GET /webjars/springfox-swagger-ui/lib/backbone-min.js HTTP/1.1	Mozilla/5.0 (Windows NT 10.0; Win64; x64) AppleWebKit/537.36 (KHTML, like Gecko) Chrome/83.0.4103.106 Safari/537.36	http://localhost:8081/swagger-ui.html	0:0:0:0:0:0:0:1	20390   
2020-06-23 16:51:12	200	GET /webjars/springfox-swagger-ui/lib/handlebars-4.0.5.js HTTP/1.1	Mozilla/5.0 (Windows NT 10.0; Win64; x64) AppleWebKit/537.36 (KHTML, like Gecko) Chrome/83.0.4103.106 Safari/537.36	http://localhost:8081/swagger-ui.html	0:0:0:0:0:0:0:1	159587   
2020-06-23 16:51:12	200	GET /webjars/springfox-swagger-ui/lib/jquery-1.8.0.min.js HTTP/1.1	Mozilla/5.0 (Windows NT 10.0; Win64; x64) AppleWebKit/537.36 (KHTML, like Gecko) Chrome/83.0.4103.106 Safari/537.36	http://localhost:8081/swagger-ui.html	0:0:0:0:0:0:0:1	92555   
2020-06-23 16:51:12	200	GET /webjars/springfox-swagger-ui/swagger-ui.min.js HTTP/1.1	Mozilla/5.0 (Windows NT 10.0; Win64; x64) AppleWebKit/537.36 (KHTML, like Gecko) Chrome/83.0.4103.106 Safari/537.36	http://localhost:8081/swagger-ui.html	0:0:0:0:0:0:0:1	447004   
2020-06-23 16:51:12	200	GET /webjars/springfox-swagger-ui/lib/highlight.9.1.0.pack.js HTTP/1.1	Mozilla/5.0 (Windows NT 10.0; Win64; x64) AppleWebKit/537.36 (KHTML, like Gecko) Chrome/83.0.4103.106 Safari/537.36	http://localhost:8081/swagger-ui.html	0:0:0:0:0:0:0:1	11037   
2020-06-23 16:51:12	200	GET /webjars/springfox-swagger-ui/lib/highlight.9.1.0.pack_extended.js HTTP/1.1	Mozilla/5.0 (Windows NT 10.0; Win64; x64) AppleWebKit/537.36 (KHTML, like Gecko) Chrome/83.0.4103.106 Safari/537.36	http://localhost:8081/swagger-ui.html	0:0:0:0:0:0:0:1	1025   
2020-06-23 16:51:12	200	GET /webjars/springfox-swagger-ui/lib/swagger-oauth.js HTTP/1.1	Mozilla/5.0 (Windows NT 10.0; Win64; x64) AppleWebKit/537.36 (KHTML, like Gecko) Chrome/83.0.4103.106 Safari/537.36	http://localhost:8081/swagger-ui.html	0:0:0:0:0:0:0:1	11615   
2020-06-23 16:51:12	200	GET /webjars/springfox-swagger-ui/lib/marked.js HTTP/1.1	Mozilla/5.0 (Windows NT 10.0; Win64; x64) AppleWebKit/537.36 (KHTML, like Gecko) Chrome/83.0.4103.106 Safari/537.36	http://localhost:8081/swagger-ui.html	0:0:0:0:0:0:0:1	28156   
2020-06-23 16:51:12	200	GET /webjars/springfox-swagger-ui/lib/jsoneditor.min.js HTTP/1.1	Mozilla/5.0 (Windows NT 10.0; Win64; x64) AppleWebKit/537.36 (KHTML, like Gecko) Chrome/83.0.4103.106 Safari/537.36	http://localhost:8081/swagger-ui.html	0:0:0:0:0:0:0:1	130042   
2020-06-23 16:51:12	200	GET /webjars/springfox-swagger-ui/springfox.js HTTP/1.1	Mozilla/5.0 (Windows NT 10.0; Win64; x64) AppleWebKit/537.36 (KHTML, like Gecko) Chrome/83.0.4103.106 Safari/537.36	http://localhost:8081/swagger-ui.html	0:0:0:0:0:0:0:1	3634   
2020-06-23 16:51:12	200	GET /webjars/springfox-swagger-ui/images/logo_small.png HTTP/1.1	Mozilla/5.0 (Windows NT 10.0; Win64; x64) AppleWebKit/537.36 (KHTML, like Gecko) Chrome/83.0.4103.106 Safari/537.36	http://localhost:8081/swagger-ui.html	0:0:0:0:0:0:0:1	455   
2020-06-23 16:51:12	200	GET /webjars/springfox-swagger-ui/css/print.css HTTP/1.1	Mozilla/5.0 (Windows NT 10.0; Win64; x64) AppleWebKit/537.36 (KHTML, like Gecko) Chrome/83.0.4103.106 Safari/537.36	http://localhost:8081/swagger-ui.html	0:0:0:0:0:0:0:1	46684   
2020-06-23 16:51:12	200	GET /webjars/springfox-swagger-ui/fonts/DroidSans-Bold.ttf HTTP/1.1	Mozilla/5.0 (Windows NT 10.0; Win64; x64) AppleWebKit/537.36 (KHTML, like Gecko) Chrome/83.0.4103.106 Safari/537.36	http://localhost:8081/webjars/springfox-swagger-ui/css/typography.css	0:0:0:0:0:0:0:1	42480   
2020-06-23 16:51:12	200	GET /webjars/springfox-swagger-ui/fonts/DroidSans.ttf HTTP/1.1	Mozilla/5.0 (Windows NT 10.0; Win64; x64) AppleWebKit/537.36 (KHTML, like Gecko) Chrome/83.0.4103.106 Safari/537.36	http://localhost:8081/webjars/springfox-swagger-ui/css/typography.css	0:0:0:0:0:0:0:1	41028   
2020-06-23 16:51:12	200	GET /swagger-resources/configuration/ui HTTP/1.1	Mozilla/5.0 (Windows NT 10.0; Win64; x64) AppleWebKit/537.36 (KHTML, like Gecko) Chrome/83.0.4103.106 Safari/537.36	http://localhost:8081/swagger-ui.html	0:0:0:0:0:0:0:1	238   
2020-06-23 16:51:12	200	GET /swagger-resources HTTP/1.1	Mozilla/5.0 (Windows NT 10.0; Win64; x64) AppleWebKit/537.36 (KHTML, like Gecko) Chrome/83.0.4103.106 Safari/537.36	http://localhost:8081/swagger-ui.html	0:0:0:0:0:0:0:1	80   
2020-06-23 16:51:12	200	GET /v2/api-docs HTTP/1.1	Mozilla/5.0 (Windows NT 10.0; Win64; x64) AppleWebKit/537.36 (KHTML, like Gecko) Chrome/83.0.4103.106 Safari/537.36	http://localhost:8081/swagger-ui.html	0:0:0:0:0:0:0:1	5308   
2020-06-23 16:51:12	200	GET /swagger-resources/configuration/security HTTP/1.1	Mozilla/5.0 (Windows NT 10.0; Win64; x64) AppleWebKit/537.36 (KHTML, like Gecko) Chrome/83.0.4103.106 Safari/537.36	http://localhost:8081/swagger-ui.html	0:0:0:0:0:0:0:1	81   
2020-06-23 16:51:18	200	GET /webjars/springfox-swagger-ui/images/throbber.gif HTTP/1.1	Mozilla/5.0 (Windows NT 10.0; Win64; x64) AppleWebKit/537.36 (KHTML, like Gecko) Chrome/83.0.4103.106 Safari/537.36	http://localhost:8081/webjars/springfox-swagger-ui/css/screen.css	0:0:0:0:0:0:0:1	9257   
2020-06-23 16:52:13	200	POST /v1/signup?id=cresh0105%40gmail.com&password=password1!&name=%EA%B9%80%EC%9E%AC%EC%B2%A0 HTTP/1.1	Mozilla/5.0 (Windows NT 10.0; Win64; x64) AppleWebKit/537.36 (KHTML, like Gecko) Chrome/83.0.4103.106 Safari/537.36	http://localhost:8081/swagger-ui.html	0:0:0:0:0:0:0:1	67   
2020-06-23 16:52:50	200	POST /v1/signin?id=cresh0105%40gmail.com&password=password1! HTTP/1.1	Mozilla/5.0 (Windows NT 10.0; Win64; x64) AppleWebKit/537.36 (KHTML, like Gecko) Chrome/83.0.4103.106 Safari/537.36	http://localhost:8081/swagger-ui.html	0:0:0:0:0:0:0:1	232   
2020-06-23 17:02:45	200	GET /v2/api-docs HTTP/1.1	Mozilla/5.0 (Windows NT 10.0; Win64; x64) AppleWebKit/537.36 (KHTML, like Gecko) Chrome/83.0.4103.106 Safari/537.36	http://localhost:8081/swagger-ui.html	0:0:0:0:0:0:0:1	5308   
2020-06-23 17:02:45	200	GET /swagger-resources/configuration/security HTTP/1.1	Mozilla/5.0 (Windows NT 10.0; Win64; x64) AppleWebKit/537.36 (KHTML, like Gecko) Chrome/83.0.4103.106 Safari/537.36	http://localhost:8081/swagger-ui.html	0:0:0:0:0:0:0:1	81   
2020-06-23 17:02:55	500	POST /v1/signin?id=cresh0105&password=passwo HTTP/1.1	Mozilla/5.0 (Windows NT 10.0; Win64; x64) AppleWebKit/537.36 (KHTML, like Gecko) Chrome/83.0.4103.106 Safari/537.36	http://localhost:8081/swagger-ui.html	0:0:0:0:0:0:0:1	9174   
2020-06-23 17:03:08	200	POST /v1/signin?id=cresh0105%40gmail.com&password=password1! HTTP/1.1	Mozilla/5.0 (Windows NT 10.0; Win64; x64) AppleWebKit/537.36 (KHTML, like Gecko) Chrome/83.0.4103.106 Safari/537.36	http://localhost:8081/swagger-ui.html	0:0:0:0:0:0:0:1	232   
