2020-06-30 00:03:58.477  WARN 18528 --- [http-nio-8081-exec-5] .m.m.a.ExceptionHandlerExceptionResolver : Resolved [org.springframework.web.bind.MissingServletRequestParameterException: Required String parameter 'id' is not present]
2020-06-30 00:05:37.085  WARN 18528 --- [http-nio-8081-exec-8] .m.m.a.ExceptionHandlerExceptionResolver : Resolved [org.springframework.web.bind.MissingServletRequestParameterException: Required String parameter 'id' is not present]
2020-06-30 00:05:44.437  WARN 18528 --- [http-nio-8081-exec-9] .m.m.a.ExceptionHandlerExceptionResolver : Resolved [org.springframework.web.bind.MissingServletRequestParameterException: Required String parameter 'id' is not present]
2020-06-30 00:05:52.483  WARN 18528 --- [http-nio-8081-exec-2] .m.m.a.ExceptionHandlerExceptionResolver : Resolved [org.springframework.web.bind.MissingServletRequestParameterException: Required String parameter 'id' is not present]
2020-06-30 00:06:16.420  WARN 18528 --- [http-nio-8081-exec-3] .m.m.a.ExceptionHandlerExceptionResolver : Resolved [org.springframework.web.bind.MissingServletRequestParameterException: Required String parameter 'id' is not present]
2020-06-30 00:07:25.854  WARN 18528 --- [http-nio-8081-exec-5] .m.m.a.ExceptionHandlerExceptionResolver : Resolved [org.springframework.web.bind.MissingServletRequestParameterException: Required String parameter 'id' is not present]
2020-06-30 00:07:31.804  WARN 18528 --- [http-nio-8081-exec-8] .m.m.a.ExceptionHandlerExceptionResolver : Resolved [org.springframework.web.bind.MissingServletRequestParameterException: Required String parameter 'id' is not present]
2020-06-30 00:07:35.158  WARN 18528 --- [http-nio-8081-exec-9] .m.m.a.ExceptionHandlerExceptionResolver : Resolved [org.springframework.web.bind.MissingServletRequestParameterException: Required String parameter 'id' is not present]
2020-06-30 00:07:44.346  WARN 18528 --- [http-nio-8081-exec-2] .m.m.a.ExceptionHandlerExceptionResolver : Resolved [org.springframework.web.bind.MissingServletRequestParameterException: Required String parameter 'id' is not present]
2020-06-30 00:09:17.453  WARN 18528 --- [http-nio-8081-exec-3] .m.m.a.ExceptionHandlerExceptionResolver : Resolved [org.springframework.web.bind.MissingServletRequestParameterException: Required String parameter 'id' is not present]
2020-06-30 00:09:40.295  WARN 18528 --- [http-nio-8081-exec-6] .m.m.a.ExceptionHandlerExceptionResolver : Resolved [org.springframework.web.bind.MissingServletRequestParameterException: Required String parameter 'id' is not present]
2020-06-30 00:10:15.718  WARN 18528 --- [http-nio-8081-exec-5] .m.m.a.ExceptionHandlerExceptionResolver : Resolved [org.springframework.web.bind.MissingServletRequestParameterException: Required String parameter 'id' is not present]
2020-06-30 00:10:31.237  WARN 18528 --- [http-nio-8081-exec-7] .m.m.a.ExceptionHandlerExceptionResolver : Resolved [org.springframework.web.bind.MissingServletRequestParameterException: Required String parameter 'id' is not present]
2020-06-30 00:11:43.483  INFO 18528 --- [Thread-779] j.LocalContainerEntityManagerFactoryBean : Closing JPA EntityManagerFactory for persistence unit 'default'
2020-06-30 00:11:43.485  INFO 18528 --- [Thread-779] o.s.s.concurrent.ThreadPoolTaskExecutor  : Shutting down ExecutorService 'applicationTaskExecutor'
2020-06-30 00:11:43.485  INFO 18528 --- [Thread-779] com.zaxxer.hikari.HikariDataSource       : HikariPool-5 - Shutdown initiated...
2020-06-30 00:11:43.490  INFO 18528 --- [Thread-779] com.zaxxer.hikari.HikariDataSource       : HikariPool-5 - Shutdown completed.
2020-06-30 00:11:43.610  INFO 18528 --- [restartedMain] com.mark1.SpringRestApiApplication       : Starting SpringRestApiApplication using Java 14 on DESKTOP-PV28DI1 with PID 18528 (C:\Project\sample\mark2-springboot-rest-jpa-marria\bin\main started by cresh in C:\Project\sample\mark2-springboot-rest-jpa-marria)
2020-06-30 00:11:43.610  INFO 18528 --- [restartedMain] com.mark1.SpringRestApiApplication       : No active profile set, falling back to default profiles: default
2020-06-30 00:11:44.217  INFO 18528 --- [restartedMain] .s.d.r.c.RepositoryConfigurationDelegate : Bootstrapping Spring Data JPA repositories in DEFERRED mode.
2020-06-30 00:11:44.244  INFO 18528 --- [restartedMain] .s.d.r.c.RepositoryConfigurationDelegate : Finished Spring Data repository scanning in 27ms. Found 1 JPA repository interfaces.
2020-06-30 00:11:44.425  INFO 18528 --- [restartedMain] o.s.b.w.embedded.tomcat.TomcatWebServer  : Tomcat initialized with port(s): 8081 (http)
2020-06-30 00:11:44.426  INFO 18528 --- [restartedMain] o.apache.catalina.core.StandardService   : Starting service [Tomcat]
2020-06-30 00:11:44.426  INFO 18528 --- [restartedMain] org.apache.catalina.core.StandardEngine  : Starting Servlet engine: [Apache Tomcat/9.0.36]
2020-06-30 00:11:44.463  INFO 18528 --- [restartedMain] o.a.c.c.C.[Tomcat].[localhost].[/]       : Initializing Spring embedded WebApplicationContext
2020-06-30 00:11:44.463  INFO 18528 --- [restartedMain] w.s.c.ServletWebServerApplicationContext : Root WebApplicationContext: initialization completed in 849 ms
2020-06-30 00:11:44.511  INFO 18528 --- [restartedMain] o.s.s.concurrent.ThreadPoolTaskExecutor  : Initializing ExecutorService 'applicationTaskExecutor'
2020-06-30 00:11:44.543  INFO 18528 --- [task-1] o.hibernate.jpa.internal.util.LogHelper  : HHH000204: Processing PersistenceUnitInfo [name: default]
2020-06-30 00:11:44.553  INFO 18528 --- [task-1] com.zaxxer.hikari.HikariDataSource       : HikariPool-6 - Starting...
2020-06-30 00:11:44.556  INFO 18528 --- [task-1] com.zaxxer.hikari.HikariDataSource       : HikariPool-6 - Start completed.
2020-06-30 00:11:44.556  INFO 18528 --- [task-1] org.hibernate.dialect.Dialect            : HHH000400: Using dialect: org.hibernate.dialect.MySQL5InnoDBDialect
2020-06-30 00:11:44.683  INFO 18528 --- [task-1] o.h.e.t.j.p.i.JtaPlatformInitiator       : HHH000490: Using JtaPlatform implementation: [org.hibernate.engine.transaction.jta.platform.internal.NoJtaPlatform]
2020-06-30 00:11:44.683  INFO 18528 --- [task-1] j.LocalContainerEntityManagerFactoryBean : Initialized JPA EntityManagerFactory for persistence unit 'default'
2020-06-30 00:11:44.720  INFO 18528 --- [task-2] o.s.b.d.a.OptionalLiveReloadServer       : LiveReload server is running on port 35729
2020-06-30 00:11:45.048  INFO 18528 --- [restartedMain] o.s.s.web.DefaultSecurityFilterChain     : Creating filter chain: Ant [pattern='/v2/api-docs'], []
2020-06-30 00:11:45.049  INFO 18528 --- [restartedMain] o.s.s.web.DefaultSecurityFilterChain     : Creating filter chain: Ant [pattern='/swagger-resources/**'], []
2020-06-30 00:11:45.049  INFO 18528 --- [restartedMain] o.s.s.web.DefaultSecurityFilterChain     : Creating filter chain: Ant [pattern='/swagger-ui.html'], []
2020-06-30 00:11:45.049  INFO 18528 --- [restartedMain] o.s.s.web.DefaultSecurityFilterChain     : Creating filter chain: Ant [pattern='/webjars/**'], []
2020-06-30 00:11:45.049  INFO 18528 --- [restartedMain] o.s.s.web.DefaultSecurityFilterChain     : Creating filter chain: Ant [pattern='/swagger/**'], []
2020-06-30 00:11:45.066  INFO 18528 --- [restartedMain] o.s.s.web.DefaultSecurityFilterChain     : Creating filter chain: any request, [org.springframework.security.web.context.request.async.WebAsyncManagerIntegrationFilter@68ac5c45, org.springframework.security.web.context.SecurityContextPersistenceFilter@4cafb865, org.springframework.security.web.header.HeaderWriterFilter@4a19156d, org.springframework.security.web.authentication.logout.LogoutFilter@47f4c3ba, com.mark1.config.security.JwtAuthenticationFilter@1c868c6b, org.springframework.security.web.savedrequest.RequestCacheAwareFilter@313afb79, org.springframework.security.web.servletapi.SecurityContextHolderAwareRequestFilter@330a224e, org.springframework.security.web.authentication.AnonymousAuthenticationFilter@6112fd60, org.springframework.security.web.session.SessionManagementFilter@3f8d3d6, org.springframework.security.web.access.ExceptionTranslationFilter@16bd7aab, org.springframework.security.web.access.intercept.FilterSecurityInterceptor@47427848]
2020-06-30 00:11:45.119  INFO 18528 --- [restartedMain] o.s.b.w.embedded.tomcat.TomcatWebServer  : Tomcat started on port(s): 8081 (http) with context path ''
2020-06-30 00:11:45.120  INFO 18528 --- [restartedMain] d.s.w.p.DocumentationPluginsBootstrapper : Context refreshed
2020-06-30 00:11:45.122  INFO 18528 --- [restartedMain] d.s.w.p.DocumentationPluginsBootstrapper : Found 1 custom documentation plugin(s)
2020-06-30 00:11:45.128  INFO 18528 --- [restartedMain] s.d.s.w.s.ApiListingReferenceScanner     : Scanning for api listing references
2020-06-30 00:11:45.199  INFO 18528 --- [restartedMain] DeferredRepositoryInitializationListener : Triggering deferred initialization of Spring Data repositories…
2020-06-30 00:11:45.279  INFO 18528 --- [restartedMain] DeferredRepositoryInitializationListener : Spring Data repositories initialized!
2020-06-30 00:11:45.282  INFO 18528 --- [restartedMain] com.mark1.SpringRestApiApplication       : Started SpringRestApiApplication in 1.712 seconds (JVM running for 1872.023)
2020-06-30 00:11:45.286  INFO 18528 --- [restartedMain] .ConditionEvaluationDeltaLoggingListener : Condition evaluation unchanged
2020-06-30 00:12:22.334  INFO 18528 --- [http-nio-8081-exec-2] o.a.c.c.C.[Tomcat].[localhost].[/]       : Initializing Spring DispatcherServlet 'dispatcherServlet'
2020-06-30 00:12:22.335  INFO 18528 --- [http-nio-8081-exec-2] o.s.web.servlet.DispatcherServlet        : Initializing Servlet 'dispatcherServlet'
2020-06-30 00:12:22.337  INFO 18528 --- [http-nio-8081-exec-2] o.s.web.servlet.DispatcherServlet        : Completed initialization in 2 ms
2020-06-30 00:12:22.348  WARN 18528 --- [http-nio-8081-exec-2] .m.m.a.ExceptionHandlerExceptionResolver : Resolved [org.springframework.web.bind.MissingServletRequestParameterException: Required String parameter 'id' is not present]
2020-06-30 00:13:07.443  INFO 18528 --- [Thread-973] j.LocalContainerEntityManagerFactoryBean : Closing JPA EntityManagerFactory for persistence unit 'default'
2020-06-30 00:13:07.443  INFO 18528 --- [Thread-973] o.s.s.concurrent.ThreadPoolTaskExecutor  : Shutting down ExecutorService 'applicationTaskExecutor'
2020-06-30 00:13:07.444  INFO 18528 --- [Thread-973] com.zaxxer.hikari.HikariDataSource       : HikariPool-6 - Shutdown initiated...
2020-06-30 00:13:07.447  INFO 18528 --- [Thread-973] com.zaxxer.hikari.HikariDataSource       : HikariPool-6 - Shutdown completed.
2020-06-30 00:13:07.580  INFO 18528 --- [restartedMain] com.mark1.SpringRestApiApplication       : Starting SpringRestApiApplication using Java 14 on DESKTOP-PV28DI1 with PID 18528 (C:\Project\sample\mark2-springboot-rest-jpa-marria\bin\main started by cresh in C:\Project\sample\mark2-springboot-rest-jpa-marria)
2020-06-30 00:13:07.581  INFO 18528 --- [restartedMain] com.mark1.SpringRestApiApplication       : No active profile set, falling back to default profiles: default
2020-06-30 00:13:08.226  INFO 18528 --- [restartedMain] .s.d.r.c.RepositoryConfigurationDelegate : Bootstrapping Spring Data JPA repositories in DEFERRED mode.
2020-06-30 00:13:08.252  INFO 18528 --- [restartedMain] .s.d.r.c.RepositoryConfigurationDelegate : Finished Spring Data repository scanning in 26ms. Found 1 JPA repository interfaces.
2020-06-30 00:13:08.439  INFO 18528 --- [restartedMain] o.s.b.w.embedded.tomcat.TomcatWebServer  : Tomcat initialized with port(s): 8081 (http)
2020-06-30 00:13:08.440  INFO 18528 --- [restartedMain] o.apache.catalina.core.StandardService   : Starting service [Tomcat]
2020-06-30 00:13:08.440  INFO 18528 --- [restartedMain] org.apache.catalina.core.StandardEngine  : Starting Servlet engine: [Apache Tomcat/9.0.36]
2020-06-30 00:13:08.475  INFO 18528 --- [restartedMain] o.a.c.c.C.[Tomcat].[localhost].[/]       : Initializing Spring embedded WebApplicationContext
2020-06-30 00:13:08.475  INFO 18528 --- [restartedMain] w.s.c.ServletWebServerApplicationContext : Root WebApplicationContext: initialization completed in 890 ms
2020-06-30 00:13:08.517  INFO 18528 --- [restartedMain] o.s.s.concurrent.ThreadPoolTaskExecutor  : Initializing ExecutorService 'applicationTaskExecutor'
2020-06-30 00:13:08.544  INFO 18528 --- [task-1] o.hibernate.jpa.internal.util.LogHelper  : HHH000204: Processing PersistenceUnitInfo [name: default]
2020-06-30 00:13:08.551  INFO 18528 --- [task-1] com.zaxxer.hikari.HikariDataSource       : HikariPool-7 - Starting...
2020-06-30 00:13:08.555  INFO 18528 --- [task-1] com.zaxxer.hikari.HikariDataSource       : HikariPool-7 - Start completed.
2020-06-30 00:13:08.556  INFO 18528 --- [task-1] org.hibernate.dialect.Dialect            : HHH000400: Using dialect: org.hibernate.dialect.MySQL5InnoDBDialect
2020-06-30 00:13:08.666  INFO 18528 --- [task-1] o.h.e.t.j.p.i.JtaPlatformInitiator       : HHH000490: Using JtaPlatform implementation: [org.hibernate.engine.transaction.jta.platform.internal.NoJtaPlatform]
2020-06-30 00:13:08.667  INFO 18528 --- [task-1] j.LocalContainerEntityManagerFactoryBean : Initialized JPA EntityManagerFactory for persistence unit 'default'
2020-06-30 00:13:08.688  INFO 18528 --- [task-2] o.s.b.d.a.OptionalLiveReloadServer       : LiveReload server is running on port 35729
2020-06-30 00:13:08.884  INFO 18528 --- [restartedMain] o.s.s.web.DefaultSecurityFilterChain     : Creating filter chain: Ant [pattern='/v2/api-docs'], []
2020-06-30 00:13:08.885  INFO 18528 --- [restartedMain] o.s.s.web.DefaultSecurityFilterChain     : Creating filter chain: Ant [pattern='/swagger-resources/**'], []
2020-06-30 00:13:08.885  INFO 18528 --- [restartedMain] o.s.s.web.DefaultSecurityFilterChain     : Creating filter chain: Ant [pattern='/swagger-ui.html'], []
2020-06-30 00:13:08.885  INFO 18528 --- [restartedMain] o.s.s.web.DefaultSecurityFilterChain     : Creating filter chain: Ant [pattern='/webjars/**'], []
2020-06-30 00:13:08.885  INFO 18528 --- [restartedMain] o.s.s.web.DefaultSecurityFilterChain     : Creating filter chain: Ant [pattern='/swagger/**'], []
2020-06-30 00:13:08.896  INFO 18528 --- [restartedMain] o.s.s.web.DefaultSecurityFilterChain     : Creating filter chain: any request, [org.springframework.security.web.context.request.async.WebAsyncManagerIntegrationFilter@53bcb144, org.springframework.security.web.context.SecurityContextPersistenceFilter@7632be2, org.springframework.security.web.header.HeaderWriterFilter@4c219938, org.springframework.security.web.authentication.logout.LogoutFilter@3855167d, com.mark1.config.security.JwtAuthenticationFilter@3860ed90, org.springframework.security.web.savedrequest.RequestCacheAwareFilter@492f7194, org.springframework.security.web.servletapi.SecurityContextHolderAwareRequestFilter@987c9d0, org.springframework.security.web.authentication.AnonymousAuthenticationFilter@2497f662, org.springframework.security.web.session.SessionManagementFilter@55cf5218, org.springframework.security.web.access.ExceptionTranslationFilter@6c4448c2, org.springframework.security.web.access.intercept.FilterSecurityInterceptor@32c7d158]
2020-06-30 00:13:08.933  INFO 18528 --- [restartedMain] o.s.b.w.embedded.tomcat.TomcatWebServer  : Tomcat started on port(s): 8081 (http) with context path ''
2020-06-30 00:13:08.934  INFO 18528 --- [restartedMain] d.s.w.p.DocumentationPluginsBootstrapper : Context refreshed
2020-06-30 00:13:08.934  INFO 18528 --- [restartedMain] d.s.w.p.DocumentationPluginsBootstrapper : Found 1 custom documentation plugin(s)
2020-06-30 00:13:08.939  INFO 18528 --- [restartedMain] s.d.s.w.s.ApiListingReferenceScanner     : Scanning for api listing references
2020-06-30 00:13:08.997  INFO 18528 --- [restartedMain] DeferredRepositoryInitializationListener : Triggering deferred initialization of Spring Data repositories…
2020-06-30 00:13:09.064  INFO 18528 --- [restartedMain] DeferredRepositoryInitializationListener : Spring Data repositories initialized!
2020-06-30 00:13:09.066  INFO 18528 --- [restartedMain] com.mark1.SpringRestApiApplication       : Started SpringRestApiApplication in 1.53 seconds (JVM running for 1955.806)
2020-06-30 00:13:09.068  INFO 18528 --- [restartedMain] .ConditionEvaluationDeltaLoggingListener : Condition evaluation unchanged
2020-06-30 00:13:16.738  INFO 18528 --- [http-nio-8081-exec-1] o.a.c.c.C.[Tomcat].[localhost].[/]       : Initializing Spring DispatcherServlet 'dispatcherServlet'
2020-06-30 00:13:16.738  INFO 18528 --- [http-nio-8081-exec-1] o.s.web.servlet.DispatcherServlet        : Initializing Servlet 'dispatcherServlet'
2020-06-30 00:13:16.740  INFO 18528 --- [http-nio-8081-exec-1] o.s.web.servlet.DispatcherServlet        : Completed initialization in 2 ms
2020-06-30 00:16:40.765  WARN 18528 --- [http-nio-8081-exec-2] .m.m.a.ExceptionHandlerExceptionResolver : Resolved [com.mark1.exception.CEmailSigninFailedException]
2020-06-30 00:17:03.410  INFO 18528 --- [Thread-1167] j.LocalContainerEntityManagerFactoryBean : Closing JPA EntityManagerFactory for persistence unit 'default'
2020-06-30 00:17:03.411  INFO 18528 --- [Thread-1167] o.s.s.concurrent.ThreadPoolTaskExecutor  : Shutting down ExecutorService 'applicationTaskExecutor'
2020-06-30 00:17:03.411  INFO 18528 --- [Thread-1167] com.zaxxer.hikari.HikariDataSource       : HikariPool-7 - Shutdown initiated...
2020-06-30 00:17:03.418  INFO 18528 --- [Thread-1167] com.zaxxer.hikari.HikariDataSource       : HikariPool-7 - Shutdown completed.
2020-06-30 00:17:03.540  INFO 18528 --- [restartedMain] com.mark1.SpringRestApiApplication       : Starting SpringRestApiApplication using Java 14 on DESKTOP-PV28DI1 with PID 18528 (C:\Project\sample\mark2-springboot-rest-jpa-marria\bin\main started by cresh in C:\Project\sample\mark2-springboot-rest-jpa-marria)
2020-06-30 00:17:03.541  INFO 18528 --- [restartedMain] com.mark1.SpringRestApiApplication       : No active profile set, falling back to default profiles: default
2020-06-30 00:17:04.025  INFO 18528 --- [restartedMain] .s.d.r.c.RepositoryConfigurationDelegate : Bootstrapping Spring Data JPA repositories in DEFERRED mode.
2020-06-30 00:17:04.051  INFO 18528 --- [restartedMain] .s.d.r.c.RepositoryConfigurationDelegate : Finished Spring Data repository scanning in 25ms. Found 1 JPA repository interfaces.
2020-06-30 00:17:04.203  INFO 18528 --- [restartedMain] o.s.b.w.embedded.tomcat.TomcatWebServer  : Tomcat initialized with port(s): 8081 (http)
2020-06-30 00:17:04.204  INFO 18528 --- [restartedMain] o.apache.catalina.core.StandardService   : Starting service [Tomcat]
2020-06-30 00:17:04.204  INFO 18528 --- [restartedMain] org.apache.catalina.core.StandardEngine  : Starting Servlet engine: [Apache Tomcat/9.0.36]
2020-06-30 00:17:04.242  INFO 18528 --- [restartedMain] o.a.c.c.C.[Tomcat].[localhost].[/]       : Initializing Spring embedded WebApplicationContext
2020-06-30 00:17:04.243  INFO 18528 --- [restartedMain] w.s.c.ServletWebServerApplicationContext : Root WebApplicationContext: initialization completed in 699 ms
2020-06-30 00:17:04.276  INFO 18528 --- [restartedMain] o.s.s.concurrent.ThreadPoolTaskExecutor  : Initializing ExecutorService 'applicationTaskExecutor'
2020-06-30 00:17:04.288  INFO 18528 --- [task-1] o.hibernate.jpa.internal.util.LogHelper  : HHH000204: Processing PersistenceUnitInfo [name: default]
2020-06-30 00:17:04.297  INFO 18528 --- [task-1] com.zaxxer.hikari.HikariDataSource       : HikariPool-8 - Starting...
2020-06-30 00:17:04.301  INFO 18528 --- [task-1] com.zaxxer.hikari.HikariDataSource       : HikariPool-8 - Start completed.
2020-06-30 00:17:04.302  INFO 18528 --- [task-1] org.hibernate.dialect.Dialect            : HHH000400: Using dialect: org.hibernate.dialect.MySQL5InnoDBDialect
2020-06-30 00:17:04.401  INFO 18528 --- [task-1] o.h.e.t.j.p.i.JtaPlatformInitiator       : HHH000490: Using JtaPlatform implementation: [org.hibernate.engine.transaction.jta.platform.internal.NoJtaPlatform]
2020-06-30 00:17:04.401  INFO 18528 --- [task-1] j.LocalContainerEntityManagerFactoryBean : Initialized JPA EntityManagerFactory for persistence unit 'default'
2020-06-30 00:17:04.410  INFO 18528 --- [task-2] o.s.b.d.a.OptionalLiveReloadServer       : LiveReload server is running on port 35729
2020-06-30 00:17:04.565  INFO 18528 --- [restartedMain] o.s.s.web.DefaultSecurityFilterChain     : Creating filter chain: Ant [pattern='/v2/api-docs'], []
2020-06-30 00:17:04.565  INFO 18528 --- [restartedMain] o.s.s.web.DefaultSecurityFilterChain     : Creating filter chain: Ant [pattern='/swagger-resources/**'], []
2020-06-30 00:17:04.565  INFO 18528 --- [restartedMain] o.s.s.web.DefaultSecurityFilterChain     : Creating filter chain: Ant [pattern='/swagger-ui.html'], []
2020-06-30 00:17:04.565  INFO 18528 --- [restartedMain] o.s.s.web.DefaultSecurityFilterChain     : Creating filter chain: Ant [pattern='/webjars/**'], []
2020-06-30 00:17:04.565  INFO 18528 --- [restartedMain] o.s.s.web.DefaultSecurityFilterChain     : Creating filter chain: Ant [pattern='/swagger/**'], []
2020-06-30 00:17:04.572  INFO 18528 --- [restartedMain] o.s.s.web.DefaultSecurityFilterChain     : Creating filter chain: any request, [org.springframework.security.web.context.request.async.WebAsyncManagerIntegrationFilter@2b8c0d40, org.springframework.security.web.context.SecurityContextPersistenceFilter@4ef838be, org.springframework.security.web.header.HeaderWriterFilter@45591417, org.springframework.security.web.authentication.logout.LogoutFilter@79e0e8f8, com.mark1.config.security.JwtAuthenticationFilter@22f51aa1, org.springframework.security.web.savedrequest.RequestCacheAwareFilter@29202cbb, org.springframework.security.web.servletapi.SecurityContextHolderAwareRequestFilter@24d47c24, org.springframework.security.web.authentication.AnonymousAuthenticationFilter@72698831, org.springframework.security.web.session.SessionManagementFilter@6ea97d5, org.springframework.security.web.access.ExceptionTranslationFilter@24a872e8, org.springframework.security.web.access.intercept.FilterSecurityInterceptor@51aeb8cf]
2020-06-30 00:17:04.604  INFO 18528 --- [restartedMain] o.s.b.w.embedded.tomcat.TomcatWebServer  : Tomcat started on port(s): 8081 (http) with context path ''
2020-06-30 00:17:04.605  INFO 18528 --- [restartedMain] d.s.w.p.DocumentationPluginsBootstrapper : Context refreshed
2020-06-30 00:17:04.606  INFO 18528 --- [restartedMain] d.s.w.p.DocumentationPluginsBootstrapper : Found 1 custom documentation plugin(s)
2020-06-30 00:17:04.612  INFO 18528 --- [restartedMain] s.d.s.w.s.ApiListingReferenceScanner     : Scanning for api listing references
2020-06-30 00:17:04.663  INFO 18528 --- [restartedMain] DeferredRepositoryInitializationListener : Triggering deferred initialization of Spring Data repositories…
2020-06-30 00:17:04.710  INFO 18528 --- [restartedMain] DeferredRepositoryInitializationListener : Spring Data repositories initialized!
2020-06-30 00:17:04.712  INFO 18528 --- [restartedMain] com.mark1.SpringRestApiApplication       : Started SpringRestApiApplication in 1.213 seconds (JVM running for 2191.453)
2020-06-30 00:17:04.714  INFO 18528 --- [restartedMain] .ConditionEvaluationDeltaLoggingListener : Condition evaluation unchanged
2020-06-30 00:19:10.130  INFO 18528 --- [http-nio-8081-exec-1] o.a.c.c.C.[Tomcat].[localhost].[/]       : Initializing Spring DispatcherServlet 'dispatcherServlet'
2020-06-30 00:19:10.131  INFO 18528 --- [http-nio-8081-exec-1] o.s.web.servlet.DispatcherServlet        : Initializing Servlet 'dispatcherServlet'
2020-06-30 00:19:10.132  INFO 18528 --- [http-nio-8081-exec-1] o.s.web.servlet.DispatcherServlet        : Completed initialization in 1 ms
2020-06-30 00:19:10.142  WARN 18528 --- [http-nio-8081-exec-1] .m.m.a.ExceptionHandlerExceptionResolver : Resolved [org.springframework.web.bind.MissingServletRequestParameterException: Required String parameter 'id' is not present]
2020-06-30 00:19:23.116  WARN 18528 --- [http-nio-8081-exec-2] .m.m.a.ExceptionHandlerExceptionResolver : Resolved [org.springframework.web.bind.MissingServletRequestParameterException: Required String parameter 'id' is not present]
2020-06-30 00:51:45.746  WARN 18528 --- [http-nio-8081-exec-6] .m.m.a.ExceptionHandlerExceptionResolver : Resolved [org.springframework.web.bind.MissingServletRequestParameterException: Required String parameter 'id' is not present]
2020-06-30 00:52:48.672  WARN 18528 --- [http-nio-8081-exec-7] .m.m.a.ExceptionHandlerExceptionResolver : Resolved [org.springframework.web.bind.MissingServletRequestParameterException: Required String parameter 'id' is not present]
2020-06-30 00:52:56.543  WARN 18528 --- [http-nio-8081-exec-8] .m.m.a.ExceptionHandlerExceptionResolver : Resolved [org.springframework.web.bind.MissingServletRequestParameterException: Required String parameter 'id' is not present]
2020-06-30 00:54:08.177  WARN 18528 --- [http-nio-8081-exec-9] .m.m.a.ExceptionHandlerExceptionResolver : Resolved [org.springframework.web.bind.MissingServletRequestParameterException: Required String parameter 'id' is not present]
2020-06-30 00:59:56.279  WARN 18528 --- [http-nio-8081-exec-10] .m.m.a.ExceptionHandlerExceptionResolver : Resolved [org.springframework.web.bind.MissingServletRequestParameterException: Required String parameter 'id' is not present]
2020-06-30 01:00:35.826  WARN 18528 --- [http-nio-8081-exec-1] .m.m.a.ExceptionHandlerExceptionResolver : Resolved [org.springframework.web.bind.MissingServletRequestParameterException: Required String parameter 'id' is not present]
2020-06-30 01:09:30.720  WARN 18528 --- [http-nio-8081-exec-6] .m.m.a.ExceptionHandlerExceptionResolver : Resolved [org.springframework.web.bind.MissingServletRequestParameterException: Required String parameter 'id' is not present]
